<testsuites id="" name="" tests="175" failures="0" skipped="0" errors="0" time="658.6413540000001">
<testsuite name="auth.spec.ts" timestamp="2026-02-24T07:08:18.505Z" hostname="chromium" tests="7" failures="0" skipped="0" time="7.435" errors="0">
<testcase name="认证功能 › 登录页面加载" classname="auth.spec.ts" time="0.857">
</testcase>
<testcase name="认证功能 › 用户登录成功" classname="auth.spec.ts" time="0.822">
</testcase>
<testcase name="认证功能 › 用户登录失败 - 错误密码" classname="auth.spec.ts" time="1.575">
</testcase>
<testcase name="认证功能 › 注册页面加载" classname="auth.spec.ts" time="0.471">
</testcase>
<testcase name="认证功能 › 用户注册流程" classname="auth.spec.ts" time="2.616">
</testcase>
<testcase name="认证功能 › 表单验证 - 密码太短" classname="auth.spec.ts" time="0.545">
</testcase>
<testcase name="认证功能 › 保存登录状态" classname="auth.spec.ts" time="0.549">
</testcase>
</testsuite>
<testsuite name="backtest.spec.ts" timestamp="2026-02-24T07:08:18.505Z" hostname="chromium" tests="5" failures="0" skipped="0" time="26.714" errors="0">
<testcase name="回测功能 › 回测页面加载" classname="backtest.spec.ts" time="4.536">
</testcase>
<testcase name="回测功能 › 查看回测配置表单" classname="backtest.spec.ts" time="5.543">
</testcase>
<testcase name="回测功能 › 验证策略选择器存在" classname="backtest.spec.ts" time="5.53">
</testcase>
<testcase name="回测功能 › 验证运行回测按钮存在" classname="backtest.spec.ts" time="5.544">
</testcase>
<testcase name="回测功能 › 查看回测历史表格" classname="backtest.spec.ts" time="5.561">
</testcase>
</testsuite>
<testsuite name="basic.spec.ts" timestamp="2026-02-24T07:08:18.505Z" hostname="chromium" tests="7" failures="0" skipped="0" time="15.172" errors="0">
<testcase name="基本页面测试 › 登录页面加载" classname="basic.spec.ts" time="0.464">
</testcase>
<testcase name="基本页面测试 › 登录成功并跳转" classname="basic.spec.ts" time="3.468">
</testcase>
<testcase name="基本页面测试 › 访问策略页面" classname="basic.spec.ts" time="4.564">
</testcase>
<testcase name="基本页面测试 › 访问回测页面" classname="basic.spec.ts" time="1.655">
</testcase>
<testcase name="基本页面测试 › 访问投资组合页面" classname="basic.spec.ts" time="1.652">
</testcase>
<testcase name="基本页面测试 › 访问实盘交易页面" classname="basic.spec.ts" time="1.731">
</testcase>
<testcase name="基本页面测试 › 访问数据页面" classname="basic.spec.ts" time="1.638">
</testcase>
</testsuite>
<testsuite name="live-trading.spec.ts" timestamp="2026-02-24T07:08:18.505Z" hostname="chromium" tests="4" failures="0" skipped="0" time="21.307" errors="0">
<testcase name="实盘交易管理 › 实盘交易页面加载" classname="live-trading.spec.ts" time="4.529">
</testcase>
<testcase name="实盘交易管理 › 验证页面标题" classname="live-trading.spec.ts" time="5.612">
</testcase>
<testcase name="实盘交易管理 › 验证添加策略按钮存在" classname="live-trading.spec.ts" time="5.584">
</testcase>
<testcase name="实盘交易管理 › 验证批量操作按钮存在" classname="live-trading.spec.ts" time="5.582">
</testcase>
</testsuite>
<testsuite name="portfolio.spec.ts" timestamp="2026-02-24T07:08:18.505Z" hostname="chromium" tests="4" failures="0" skipped="0" time="21.272" errors="0">
<testcase name="投资组合 › 投资组合页面加载" classname="portfolio.spec.ts" time="4.54">
</testcase>
<testcase name="投资组合 › 验证概览卡片存在" classname="portfolio.spec.ts" time="5.613">
</testcase>
<testcase name="投资组合 › 验证标签页存在" classname="portfolio.spec.ts" time="5.577">
</testcase>
<testcase name="投资组合 › 验证其他标签页" classname="portfolio.spec.ts" time="5.542">
</testcase>
</testsuite>
<testsuite name="smoke.spec.ts" timestamp="2026-02-24T07:08:18.505Z" hostname="chromium" tests="2" failures="0" skipped="0" time="0.223" errors="0">
<testcase name="冒烟测试 › Playwright 基本功能验证" classname="smoke.spec.ts" time="0.123">
</testcase>
<testcase name="冒烟测试 › 测试报告目录创建" classname="smoke.spec.ts" time="0.1">
</testcase>
</testsuite>
<testsuite name="strategy.spec.ts" timestamp="2026-02-24T07:08:18.505Z" hostname="chromium" tests="6" failures="0" skipped="0" time="32.246" errors="0">
<testcase name="策略管理 › 策略页面加载" classname="strategy.spec.ts" time="4.52">
</testcase>
<testcase name="策略管理 › 验证页面标题" classname="strategy.spec.ts" time="5.538">
</testcase>
<testcase name="策略管理 › 验证创建策略按钮存在" classname="strategy.spec.ts" time="5.52">
</testcase>
<testcase name="策略管理 › 验证策略库标签存在" classname="strategy.spec.ts" time="5.571">
</testcase>
<testcase name="策略管理 › 验证我的策略标签存在" classname="strategy.spec.ts" time="5.558">
</testcase>
<testcase name="策略管理 › 验证搜索框存在" classname="strategy.spec.ts" time="5.539">
</testcase>
</testsuite>
<testsuite name="auth.spec.ts" timestamp="2026-02-24T07:08:18.505Z" hostname="firefox" tests="7" failures="0" skipped="0" time="8.382" errors="0">
<testcase name="认证功能 › 登录页面加载" classname="auth.spec.ts" time="1.323">
</testcase>
<testcase name="认证功能 › 用户登录成功" classname="auth.spec.ts" time="1.076">
</testcase>
<testcase name="认证功能 › 用户登录失败 - 错误密码" classname="auth.spec.ts" time="1.625">
</testcase>
<testcase name="认证功能 › 注册页面加载" classname="auth.spec.ts" time="0.502">
</testcase>
<testcase name="认证功能 › 用户注册流程" classname="auth.spec.ts" time="2.604">
</testcase>
<testcase name="认证功能 › 表单验证 - 密码太短" classname="auth.spec.ts" time="0.595">
</testcase>
<testcase name="认证功能 › 保存登录状态" classname="auth.spec.ts" time="0.657">
</testcase>
</testsuite>
<testsuite name="backtest.spec.ts" timestamp="2026-02-24T07:08:18.505Z" hostname="firefox" tests="5" failures="0" skipped="0" time="29.123" errors="0">
<testcase name="回测功能 › 回测页面加载" classname="backtest.spec.ts" time="4.95">
</testcase>
<testcase name="回测功能 › 查看回测配置表单" classname="backtest.spec.ts" time="5.998">
</testcase>
<testcase name="回测功能 › 验证策略选择器存在" classname="backtest.spec.ts" time="6.041">
</testcase>
<testcase name="回测功能 › 验证运行回测按钮存在" classname="backtest.spec.ts" time="6.188">
</testcase>
<testcase name="回测功能 › 查看回测历史表格" classname="backtest.spec.ts" time="5.946">
</testcase>
</testsuite>
<testsuite name="basic.spec.ts" timestamp="2026-02-24T07:08:18.505Z" hostname="firefox" tests="7" failures="0" skipped="0" time="16.466" errors="0">
<testcase name="基本页面测试 › 登录页面加载" classname="basic.spec.ts" time="0.936">
</testcase>
<testcase name="基本页面测试 › 登录成功并跳转" classname="basic.spec.ts" time="3.539">
</testcase>
<testcase name="基本页面测试 › 访问策略页面" classname="basic.spec.ts" time="5.187">
</testcase>
<testcase name="基本页面测试 › 访问回测页面" classname="basic.spec.ts" time="1.728">
</testcase>
<testcase name="基本页面测试 › 访问投资组合页面" classname="basic.spec.ts" time="1.654">
</testcase>
<testcase name="基本页面测试 › 访问实盘交易页面" classname="basic.spec.ts" time="1.735">
</testcase>
<testcase name="基本页面测试 › 访问数据页面" classname="basic.spec.ts" time="1.687">
</testcase>
</testsuite>
<testsuite name="live-trading.spec.ts" timestamp="2026-02-24T07:08:18.505Z" hostname="firefox" tests="4" failures="0" skipped="0" time="21.885" errors="0">
<testcase name="实盘交易管理 › 实盘交易页面加载" classname="live-trading.spec.ts" time="4.667">
</testcase>
<testcase name="实盘交易管理 › 验证页面标题" classname="live-trading.spec.ts" time="5.727">
</testcase>
<testcase name="实盘交易管理 › 验证添加策略按钮存在" classname="live-trading.spec.ts" time="5.713">
</testcase>
<testcase name="实盘交易管理 › 验证批量操作按钮存在" classname="live-trading.spec.ts" time="5.778">
</testcase>
</testsuite>
<testsuite name="portfolio.spec.ts" timestamp="2026-02-24T07:08:18.505Z" hostname="firefox" tests="4" failures="0" skipped="0" time="22.699" errors="0">
<testcase name="投资组合 › 投资组合页面加载" classname="portfolio.spec.ts" time="5.087">
</testcase>
<testcase name="投资组合 › 验证概览卡片存在" classname="portfolio.spec.ts" time="5.974">
</testcase>
<testcase name="投资组合 › 验证标签页存在" classname="portfolio.spec.ts" time="5.802">
</testcase>
<testcase name="投资组合 › 验证其他标签页" classname="portfolio.spec.ts" time="5.836">
</testcase>
</testsuite>
<testsuite name="smoke.spec.ts" timestamp="2026-02-24T07:08:18.505Z" hostname="firefox" tests="2" failures="0" skipped="0" time="0.489" errors="0">
<testcase name="冒烟测试 › Playwright 基本功能验证" classname="smoke.spec.ts" time="0.243">
</testcase>
<testcase name="冒烟测试 › 测试报告目录创建" classname="smoke.spec.ts" time="0.246">
</testcase>
</testsuite>
<testsuite name="strategy.spec.ts" timestamp="2026-02-24T07:08:18.505Z" hostname="firefox" tests="6" failures="0" skipped="0" time="37.104" errors="0">
<testcase name="策略管理 › 策略页面加载" classname="strategy.spec.ts" time="5.282">
</testcase>
<testcase name="策略管理 › 验证页面标题" classname="strategy.spec.ts" time="6.273">
</testcase>
<testcase name="策略管理 › 验证创建策略按钮存在" classname="strategy.spec.ts" time="6.214">
</testcase>
<testcase name="策略管理 › 验证策略库标签存在" classname="strategy.spec.ts" time="6.177">
</testcase>
<testcase name="策略管理 › 验证我的策略标签存在" classname="strategy.spec.ts" time="6.617">
</testcase>
<testcase name="策略管理 › 验证搜索框存在" classname="strategy.spec.ts" time="6.541">
</testcase>
</testsuite>
<testsuite name="auth.spec.ts" timestamp="2026-02-24T07:08:18.505Z" hostname="webkit" tests="7" failures="0" skipped="0" time="9.84" errors="0">
<testcase name="认证功能 › 登录页面加载" classname="auth.spec.ts" time="2.176">
</testcase>
<testcase name="认证功能 › 用户登录成功" classname="auth.spec.ts" time="1.446">
</testcase>
<testcase name="认证功能 › 用户登录失败 - 错误密码" classname="auth.spec.ts" time="1.643">
</testcase>
<testcase name="认证功能 › 注册页面加载" classname="auth.spec.ts" time="0.59">
</testcase>
<testcase name="认证功能 › 用户注册流程" classname="auth.spec.ts" time="2.724">
</testcase>
<testcase name="认证功能 › 表单验证 - 密码太短" classname="auth.spec.ts" time="0.619">
</testcase>
<testcase name="认证功能 › 保存登录状态" classname="auth.spec.ts" time="0.642">
</testcase>
</testsuite>
<testsuite name="backtest.spec.ts" timestamp="2026-02-24T07:08:18.505Z" hostname="webkit" tests="5" failures="0" skipped="0" time="28.27" errors="0">
<testcase name="回测功能 › 回测页面加载" classname="backtest.spec.ts" time="4.76">
</testcase>
<testcase name="回测功能 › 查看回测配置表单" classname="backtest.spec.ts" time="5.737">
</testcase>
<testcase name="回测功能 › 验证策略选择器存在" classname="backtest.spec.ts" time="5.7">
</testcase>
<testcase name="回测功能 › 验证运行回测按钮存在" classname="backtest.spec.ts" time="6.129">
</testcase>
<testcase name="回测功能 › 查看回测历史表格" classname="backtest.spec.ts" time="5.944">
</testcase>
</testsuite>
<testsuite name="basic.spec.ts" timestamp="2026-02-24T07:08:18.505Z" hostname="webkit" tests="7" failures="0" skipped="0" time="15.778" errors="0">
<testcase name="基本页面测试 › 登录页面加载" classname="basic.spec.ts" time="0.538">
</testcase>
<testcase name="基本页面测试 › 登录成功并跳转" classname="basic.spec.ts" time="3.543">
</testcase>
<testcase name="基本页面测试 › 访问策略页面" classname="basic.spec.ts" time="4.709">
</testcase>
<testcase name="基本页面测试 › 访问回测页面" classname="basic.spec.ts" time="1.785">
</testcase>
<testcase name="基本页面测试 › 访问投资组合页面" classname="basic.spec.ts" time="1.763">
</testcase>
<testcase name="基本页面测试 › 访问实盘交易页面" classname="basic.spec.ts" time="1.68">
</testcase>
<testcase name="基本页面测试 › 访问数据页面" classname="basic.spec.ts" time="1.76">
</testcase>
</testsuite>
<testsuite name="live-trading.spec.ts" timestamp="2026-02-24T07:08:18.505Z" hostname="webkit" tests="4" failures="0" skipped="0" time="21.747" errors="0">
<testcase name="实盘交易管理 › 实盘交易页面加载" classname="live-trading.spec.ts" time="4.654">
</testcase>
<testcase name="实盘交易管理 › 验证页面标题" classname="live-trading.spec.ts" time="5.701">
</testcase>
<testcase name="实盘交易管理 › 验证添加策略按钮存在" classname="live-trading.spec.ts" time="5.746">
</testcase>
<testcase name="实盘交易管理 › 验证批量操作按钮存在" classname="live-trading.spec.ts" time="5.646">
</testcase>
</testsuite>
<testsuite name="portfolio.spec.ts" timestamp="2026-02-24T07:08:18.505Z" hostname="webkit" tests="4" failures="0" skipped="0" time="21.838" errors="0">
<testcase name="投资组合 › 投资组合页面加载" classname="portfolio.spec.ts" time="4.709">
</testcase>
<testcase name="投资组合 › 验证概览卡片存在" classname="portfolio.spec.ts" time="5.785">
</testcase>
<testcase name="投资组合 › 验证标签页存在" classname="portfolio.spec.ts" time="5.678">
</testcase>
<testcase name="投资组合 › 验证其他标签页" classname="portfolio.spec.ts" time="5.666">
</testcase>
</testsuite>
<testsuite name="smoke.spec.ts" timestamp="2026-02-24T07:08:18.505Z" hostname="webkit" tests="2" failures="0" skipped="0" time="0.4" errors="0">
<testcase name="冒烟测试 › Playwright 基本功能验证" classname="smoke.spec.ts" time="0.216">
</testcase>
<testcase name="冒烟测试 › 测试报告目录创建" classname="smoke.spec.ts" time="0.184">
</testcase>
</testsuite>
<testsuite name="strategy.spec.ts" timestamp="2026-02-24T07:08:18.505Z" hostname="webkit" tests="6" failures="0" skipped="0" time="33.008" errors="0">
<testcase name="策略管理 › 策略页面加载" classname="strategy.spec.ts" time="4.617">
</testcase>
<testcase name="策略管理 › 验证页面标题" classname="strategy.spec.ts" time="5.622">
</testcase>
<testcase name="策略管理 › 验证创建策略按钮存在" classname="strategy.spec.ts" time="5.659">
</testcase>
<testcase name="策略管理 › 验证策略库标签存在" classname="strategy.spec.ts" time="5.661">
</testcase>
<testcase name="策略管理 › 验证我的策略标签存在" classname="strategy.spec.ts" time="5.788">
</testcase>
<testcase name="策略管理 › 验证搜索框存在" classname="strategy.spec.ts" time="5.661">
</testcase>
</testsuite>
<testsuite name="auth.spec.ts" timestamp="2026-02-24T07:08:18.505Z" hostname="Mobile Chrome" tests="7" failures="0" skipped="0" time="7.379" errors="0">
<testcase name="认证功能 › 登录页面加载" classname="auth.spec.ts" time="0.855">
</testcase>
<testcase name="认证功能 › 用户登录成功" classname="auth.spec.ts" time="0.871">
</testcase>
<testcase name="认证功能 › 用户登录失败 - 错误密码" classname="auth.spec.ts" time="1.554">
</testcase>
<testcase name="认证功能 › 注册页面加载" classname="auth.spec.ts" time="0.456">
</testcase>
<testcase name="认证功能 › 用户注册流程" classname="auth.spec.ts" time="2.586">
</testcase>
<testcase name="认证功能 › 表单验证 - 密码太短" classname="auth.spec.ts" time="0.509">
</testcase>
<testcase name="认证功能 › 保存登录状态" classname="auth.spec.ts" time="0.548">
</testcase>
</testsuite>
<testsuite name="backtest.spec.ts" timestamp="2026-02-24T07:08:18.505Z" hostname="Mobile Chrome" tests="5" failures="0" skipped="0" time="26.629" errors="0">
<testcase name="回测功能 › 回测页面加载" classname="backtest.spec.ts" time="4.521">
</testcase>
<testcase name="回测功能 › 查看回测配置表单" classname="backtest.spec.ts" time="5.523">
</testcase>
<testcase name="回测功能 › 验证策略选择器存在" classname="backtest.spec.ts" time="5.545">
</testcase>
<testcase name="回测功能 › 验证运行回测按钮存在" classname="backtest.spec.ts" time="5.507">
</testcase>
<testcase name="回测功能 › 查看回测历史表格" classname="backtest.spec.ts" time="5.533">
</testcase>
</testsuite>
<testsuite name="basic.spec.ts" timestamp="2026-02-24T07:08:18.505Z" hostname="Mobile Chrome" tests="7" failures="0" skipped="0" time="15.012" errors="0">
<testcase name="基本页面测试 › 登录页面加载" classname="basic.spec.ts" time="0.501">
</testcase>
<testcase name="基本页面测试 › 登录成功并跳转" classname="basic.spec.ts" time="3.389">
</testcase>
<testcase name="基本页面测试 › 访问策略页面" classname="basic.spec.ts" time="4.527">
</testcase>
<testcase name="基本页面测试 › 访问回测页面" classname="basic.spec.ts" time="1.656">
</testcase>
<testcase name="基本页面测试 › 访问投资组合页面" classname="basic.spec.ts" time="1.646">
</testcase>
<testcase name="基本页面测试 › 访问实盘交易页面" classname="basic.spec.ts" time="1.644">
</testcase>
<testcase name="基本页面测试 › 访问数据页面" classname="basic.spec.ts" time="1.649">
</testcase>
</testsuite>
<testsuite name="live-trading.spec.ts" timestamp="2026-02-24T07:08:18.505Z" hostname="Mobile Chrome" tests="4" failures="0" skipped="0" time="21.19" errors="0">
<testcase name="实盘交易管理 › 实盘交易页面加载" classname="live-trading.spec.ts" time="4.519">
</testcase>
<testcase name="实盘交易管理 › 验证页面标题" classname="live-trading.spec.ts" time="5.566">
</testcase>
<testcase name="实盘交易管理 › 验证添加策略按钮存在" classname="live-trading.spec.ts" time="5.548">
</testcase>
<testcase name="实盘交易管理 › 验证批量操作按钮存在" classname="live-trading.spec.ts" time="5.557">
</testcase>
</testsuite>
<testsuite name="portfolio.spec.ts" timestamp="2026-02-24T07:08:18.505Z" hostname="Mobile Chrome" tests="4" failures="0" skipped="0" time="21.124" errors="0">
<testcase name="投资组合 › 投资组合页面加载" classname="portfolio.spec.ts" time="4.509">
</testcase>
<testcase name="投资组合 › 验证概览卡片存在" classname="portfolio.spec.ts" time="5.547">
</testcase>
<testcase name="投资组合 › 验证标签页存在" classname="portfolio.spec.ts" time="5.55">
</testcase>
<testcase name="投资组合 › 验证其他标签页" classname="portfolio.spec.ts" time="5.518">
</testcase>
</testsuite>
<testsuite name="smoke.spec.ts" timestamp="2026-02-24T07:08:18.505Z" hostname="Mobile Chrome" tests="2" failures="0" skipped="0" time="0.263" errors="0">
<testcase name="冒烟测试 › Playwright 基本功能验证" classname="smoke.spec.ts" time="0.144">
</testcase>
<testcase name="冒烟测试 › 测试报告目录创建" classname="smoke.spec.ts" time="0.119">
</testcase>
</testsuite>
<testsuite name="strategy.spec.ts" timestamp="2026-02-24T07:08:18.505Z" hostname="Mobile Chrome" tests="6" failures="0" skipped="0" time="32.238" errors="0">
<testcase name="策略管理 › 策略页面加载" classname="strategy.spec.ts" time="4.521">
</testcase>
<testcase name="策略管理 › 验证页面标题" classname="strategy.spec.ts" time="5.541">
</testcase>
<testcase name="策略管理 › 验证创建策略按钮存在" classname="strategy.spec.ts" time="5.536">
</testcase>
<testcase name="策略管理 › 验证策略库标签存在" classname="strategy.spec.ts" time="5.571">
</testcase>
<testcase name="策略管理 › 验证我的策略标签存在" classname="strategy.spec.ts" time="5.543">
</testcase>
<testcase name="策略管理 › 验证搜索框存在" classname="strategy.spec.ts" time="5.526">
</testcase>
</testsuite>
<testsuite name="auth.spec.ts" timestamp="2026-02-24T07:08:18.505Z" hostname="Mobile Safari" tests="7" failures="0" skipped="0" time="7.255" errors="0">
<testcase name="认证功能 › 登录页面加载" classname="auth.spec.ts" time="1.048">
</testcase>
<testcase name="认证功能 › 用户登录成功" classname="auth.spec.ts" time="0.828">
</testcase>
<testcase name="认证功能 › 用户登录失败 - 错误密码" classname="auth.spec.ts" time="1.526">
</testcase>
<testcase name="认证功能 › 注册页面加载" classname="auth.spec.ts" time="0.389">
</testcase>
<testcase name="认证功能 › 用户注册流程" classname="auth.spec.ts" time="2.474">
</testcase>
<testcase name="认证功能 › 表单验证 - 密码太短" classname="auth.spec.ts" time="0.511">
</testcase>
<testcase name="认证功能 › 保存登录状态" classname="auth.spec.ts" time="0.479">
</testcase>
</testsuite>
<testsuite name="backtest.spec.ts" timestamp="2026-02-24T07:08:18.505Z" hostname="Mobile Safari" tests="5" failures="0" skipped="0" time="27.296" errors="0">
<testcase name="回测功能 › 回测页面加载" classname="backtest.spec.ts" time="4.618">
</testcase>
<testcase name="回测功能 › 查看回测配置表单" classname="backtest.spec.ts" time="5.723">
</testcase>
<testcase name="回测功能 › 验证策略选择器存在" classname="backtest.spec.ts" time="5.692">
</testcase>
<testcase name="回测功能 › 验证运行回测按钮存在" classname="backtest.spec.ts" time="5.64">
</testcase>
<testcase name="回测功能 › 查看回测历史表格" classname="backtest.spec.ts" time="5.623">
</testcase>
</testsuite>
<testsuite name="basic.spec.ts" timestamp="2026-02-24T07:08:18.505Z" hostname="Mobile Safari" tests="7" failures="0" skipped="0" time="14.76" errors="0">
<testcase name="基本页面测试 › 登录页面加载" classname="basic.spec.ts" time="0.409">
</testcase>
<testcase name="基本页面测试 › 登录成功并跳转" classname="basic.spec.ts" time="3.451">
</testcase>
<testcase name="基本页面测试 › 访问策略页面" classname="basic.spec.ts" time="4.57">
</testcase>
<testcase name="基本页面测试 › 访问回测页面" classname="basic.spec.ts" time="1.616">
</testcase>
<testcase name="基本页面测试 › 访问投资组合页面" classname="basic.spec.ts" time="1.584">
</testcase>
<testcase name="基本页面测试 › 访问实盘交易页面" classname="basic.spec.ts" time="1.565">
</testcase>
<testcase name="基本页面测试 › 访问数据页面" classname="basic.spec.ts" time="1.565">
</testcase>
</testsuite>
<testsuite name="live-trading.spec.ts" timestamp="2026-02-24T07:08:18.505Z" hostname="Mobile Safari" tests="4" failures="0" skipped="0" time="21.383" errors="0">
<testcase name="实盘交易管理 › 实盘交易页面加载" classname="live-trading.spec.ts" time="4.568">
</testcase>
<testcase name="实盘交易管理 › 验证页面标题" classname="live-trading.spec.ts" time="5.614">
</testcase>
<testcase name="实盘交易管理 › 验证添加策略按钮存在" classname="live-trading.spec.ts" time="5.575">
</testcase>
<testcase name="实盘交易管理 › 验证批量操作按钮存在" classname="live-trading.spec.ts" time="5.626">
</testcase>
</testsuite>
<testsuite name="portfolio.spec.ts" timestamp="2026-02-24T07:08:18.505Z" hostname="Mobile Safari" tests="4" failures="0" skipped="0" time="21.538" errors="0">
<testcase name="投资组合 › 投资组合页面加载" classname="portfolio.spec.ts" time="4.701">
</testcase>
<testcase name="投资组合 › 验证概览卡片存在" classname="portfolio.spec.ts" time="5.637">
</testcase>
<testcase name="投资组合 › 验证标签页存在" classname="portfolio.spec.ts" time="5.612">
</testcase>
<testcase name="投资组合 › 验证其他标签页" classname="portfolio.spec.ts" time="5.588">
</testcase>
</testsuite>
<testsuite name="smoke.spec.ts" timestamp="2026-02-24T07:08:18.505Z" hostname="Mobile Safari" tests="2" failures="0" skipped="0" time="0.328" errors="0">
<testcase name="冒烟测试 › Playwright 基本功能验证" classname="smoke.spec.ts" time="0.176">
</testcase>
<testcase name="冒烟测试 › 测试报告目录创建" classname="smoke.spec.ts" time="0.152">
</testcase>
</testsuite>
<testsuite name="strategy.spec.ts" timestamp="2026-02-24T07:08:18.505Z" hostname="Mobile Safari" tests="6" failures="0" skipped="0" time="32.565" errors="0">
<testcase name="策略管理 › 策略页面加载" classname="strategy.spec.ts" time="4.576">
</testcase>
<testcase name="策略管理 › 验证页面标题" classname="strategy.spec.ts" time="5.604">
</testcase>
<testcase name="策略管理 › 验证创建策略按钮存在" classname="strategy.spec.ts" time="5.59">
</testcase>
<testcase name="策略管理 › 验证策略库标签存在" classname="strategy.spec.ts" time="5.601">
</testcase>
<testcase name="策略管理 › 验证我的策略标签存在" classname="strategy.spec.ts" time="5.612">
</testcase>
<testcase name="策略管理 › 验证搜索框存在" classname="strategy.spec.ts" time="5.582">
</testcase>
</testsuite>
</testsuites>