{"meta": {"format": 3, "version": "7.10.4", "timestamp": "2026-02-08T21:56:45.690825", "branch_coverage": false, "show_contexts": false}, "files": {"app/__init__.py": {"executed_lines": [1, 8, 9, 10, 11, 12, 14], "summary": {"covered_lines": 6, "num_statements": 6, "percent_covered": 100.0, "percent_covered_display": "100", "missing_lines": 0, "excluded_lines": 0}, "missing_lines": [], "excluded_lines": [], "functions": {"": {"executed_lines": [1, 8, 9, 10, 11, 12, 14], "summary": {"covered_lines": 6, "num_statements": 6, "percent_covered": 100.0, "percent_covered_display": "100", "missing_lines": 0, "excluded_lines": 0}, "missing_lines": [], "excluded_lines": []}}, "classes": {"": {"executed_lines": [1, 8, 9, 10, 11, 12, 14], "summary": {"covered_lines": 6, "num_statements": 6, "percent_covered": 100.0, "percent_covered_display": "100", "missing_lines": 0, "excluded_lines": 0}, "missing_lines": [], "excluded_lines": []}}}, "app/api/__init__.py": {"executed_lines": [1], "summary": {"covered_lines": 0, "num_statements": 0, "percent_covered": 100.0, "percent_covered_display": "100", "missing_lines": 0, "excluded_lines": 0}, "missing_lines": [], "excluded_lines": [], "functions": {"": {"executed_lines": [1], "summary": {"covered_lines": 0, "num_statements": 0, "percent_covered": 100.0, "percent_covered_display": "100", "missing_lines": 0, "excluded_lines": 0}, "missing_lines": [], "excluded_lines": []}}, "classes": {"": {"executed_lines": [1], "summary": {"covered_lines": 0, "num_statements": 0, "percent_covered": 100.0, "percent_covered_display": "100", "missing_lines": 0, "excluded_lines": 0}, "missing_lines": [], "excluded_lines": []}}}, "app/api/analytics.py": {"executed_lines": [1, 4, 5, 6, 7, 8, 9, 10, 11, 13, 15, 21, 22, 23, 24, 25, 26, 27, 29, 32, 33, 34, 37, 38, 39, 42, 44, 45, 46, 47, 48, 49, 50, 54, 55, 58, 60, 62, 63, 66, 67, 69, 70, 71, 74, 75, 76, 77, 78, 79, 80, 84, 86, 87, 88, 89, 91, 92, 93, 95, 102, 110, 111, 112, 113, 114, 115, 116, 117, 118, 119, 120, 121, 122, 130, 131, 132, 136, 137, 139, 140, 141, 142, 143, 148, 150, 151, 152, 164, 168, 169, 170, 171, 172, 173, 179, 180, 181, 189, 190, 191, 192, 193, 194, 195, 205, 206, 207, 208, 210, 211, 212, 213, 215, 216, 219, 220, 221, 222, 225, 226, 227, 229, 246, 247, 259, 261, 262, 286, 287, 300, 302, 303, 341, 342, 353, 355, 356, 361, 362, 371, 377, 378, 388, 390, 391, 393, 395, 396, 397, 398, 399, 401, 409, 410], "summary": {"covered_lines": 154, "num_statements": 182, "percent_covered": 84.61538461538461, "percent_covered_display": "85", "missing_lines": 28, "excluded_lines": 0}, "missing_lines": [51, 52, 81, 82, 144, 145, 217, 218, 265, 268, 269, 270, 272, 305, 306, 309, 310, 311, 312, 313, 314, 317, 318, 319, 321, 323, 358, 418], "excluded_lines": [], "functions": {"get_analytics_service": {"executed_lines": [34], "summary": {"covered_lines": 1, "num_statements": 1, "percent_covered": 100.0, "percent_covered_display": "100", "missing_lines": 0, "excluded_lines": 0}, "missing_lines": [], "excluded_lines": []}, "get_backtest_service": {"executed_lines": [39], "summary": {"covered_lines": 1, "num_statements": 1, "percent_covered": 100.0, "percent_covered_display": "100", "missing_lines": 0, "excluded_lines": 0}, "missing_lines": [], "excluded_lines": []}, "_resolve_log_dir": {"executed_lines": [44, 45, 46, 47, 48, 49, 50, 54, 55], "summary": {"covered_lines": 9, "num_statements": 11, "percent_covered": 81.81818181818181, "percent_covered_display": "82", "missing_lines": 2, "excluded_lines": 0}, "missing_lines": [51, 52], "excluded_lines": []}, "get_backtest_data": {"executed_lines": [60, 62, 63, 66, 67, 69, 70, 71, 74, 75, 76, 77, 78, 79, 80, 84, 86, 87, 88, 89, 91, 92, 93, 95, 102, 110, 111, 112, 113, 114, 115, 116, 117, 118, 119, 120, 121, 122, 130, 131, 132, 136, 137, 139, 140, 141, 142, 143, 148, 150, 151, 152, 164, 168, 169, 170, 171, 172, 173, 179, 180, 181, 189, 190, 191, 192, 193, 194, 195, 205, 206, 207, 208, 210, 211, 212, 213, 215, 216, 219, 220, 221, 222, 225, 226, 227, 229], "summary": {"covered_lines": 87, "num_statements": 93, "percent_covered": 93.54838709677419, "percent_covered_display": "94", "missing_lines": 6, "excluded_lines": 0}, "missing_lines": [81, 82, 144, 145, 217, 218], "excluded_lines": []}, "get_backtest_detail": {"executed_lines": [259, 261, 262], "summary": {"covered_lines": 3, "num_statements": 8, "percent_covered": 37.5, "percent_covered_display": "38", "missing_lines": 5, "excluded_lines": 0}, "missing_lines": [265, 268, 269, 270, 272], "excluded_lines": []}, "get_kline_with_signals": {"executed_lines": [300, 302, 303], "summary": {"covered_lines": 3, "num_statements": 16, "percent_covered": 18.75, "percent_covered_display": "19", "missing_lines": 13, "excluded_lines": 0}, "missing_lines": [305, 306, 309, 310, 311, 312, 313, 314, 317, 318, 319, 321, 323], "excluded_lines": []}, "get_monthly_returns": {"executed_lines": [353, 355, 356], "summary": {"covered_lines": 3, "num_statements": 4, "percent_covered": 75.0, "percent_covered_display": "75", "missing_lines": 1, "excluded_lines": 0}, "missing_lines": [358], "excluded_lines": []}, "get_optimization_results": {"executed_lines": [371], "summary": {"covered_lines": 1, "num_statements": 1, "percent_covered": 100.0, "percent_covered_display": "100", "missing_lines": 0, "excluded_lines": 0}, "missing_lines": [], "excluded_lines": []}, "export_backtest_results": {"executed_lines": [388, 390, 391, 393, 395, 396, 397, 398, 399, 401, 409, 410], "summary": {"covered_lines": 12, "num_statements": 13, "percent_covered": 92.3076923076923, "percent_covered_display": "92", "missing_lines": 1, "excluded_lines": 0}, "missing_lines": [418], "excluded_lines": []}, "": {"executed_lines": [1, 4, 5, 6, 7, 8, 9, 10, 11, 13, 15, 21, 22, 23, 24, 25, 26, 27, 29, 32, 33, 37, 38, 42, 58, 246, 247, 286, 287, 341, 342, 361, 362, 377, 378], "summary": {"covered_lines": 34, "num_statements": 34, "percent_covered": 100.0, "percent_covered_display": "100", "missing_lines": 0, "excluded_lines": 0}, "missing_lines": [], "excluded_lines": []}}, "classes": {"": {"executed_lines": [1, 4, 5, 6, 7, 8, 9, 10, 11, 13, 15, 21, 22, 23, 24, 25, 26, 27, 29, 32, 33, 34, 37, 38, 39, 42, 44, 45, 46, 47, 48, 49, 50, 54, 55, 58, 60, 62, 63, 66, 67, 69, 70, 71, 74, 75, 76, 77, 78, 79, 80, 84, 86, 87, 88, 89, 91, 92, 93, 95, 102, 110, 111, 112, 113, 114, 115, 116, 117, 118, 119, 120, 121, 122, 130, 131, 132, 136, 137, 139, 140, 141, 142, 143, 148, 150, 151, 152, 164, 168, 169, 170, 171, 172, 173, 179, 180, 181, 189, 190, 191, 192, 193, 194, 195, 205, 206, 207, 208, 210, 211, 212, 213, 215, 216, 219, 220, 221, 222, 225, 226, 227, 229, 246, 247, 259, 261, 262, 286, 287, 300, 302, 303, 341, 342, 353, 355, 356, 361, 362, 371, 377, 378, 388, 390, 391, 393, 395, 396, 397, 398, 399, 401, 409, 410], "summary": {"covered_lines": 154, "num_statements": 182, "percent_covered": 84.61538461538461, "percent_covered_display": "85", "missing_lines": 28, "excluded_lines": 0}, "missing_lines": [51, 52, 81, 82, 144, 145, 217, 218, 265, 268, 269, 270, 272, 305, 306, 309, 310, 311, 312, 313, 314, 317, 318, 319, 321, 323, 358, 418], "excluded_lines": []}}}, "app/api/auth.py": {"executed_lines": [1, 4, 6, 13, 14, 16, 19, 20, 23, 24, 35, 36, 37, 41, 44, 45, 57, 58, 59, 64, 67, 68, 74, 75, 76, 80, 83, 84, 89, 90, 95], "summary": {"covered_lines": 30, "num_statements": 31, "percent_covered": 96.7741935483871, "percent_covered_display": "97", "missing_lines": 1, "excluded_lines": 0}, "missing_lines": [91], "excluded_lines": [], "functions": {"get_auth_service": {"executed_lines": [20], "summary": {"covered_lines": 1, "num_statements": 1, "percent_covered": 100.0, "percent_covered_display": "100", "missing_lines": 0, "excluded_lines": 0}, "missing_lines": [], "excluded_lines": []}, "register": {"executed_lines": [35, 36, 37, 41], "summary": {"covered_lines": 4, "num_statements": 4, "percent_covered": 100.0, "percent_covered_display": "100", "missing_lines": 0, "excluded_lines": 0}, "missing_lines": [], "excluded_lines": []}, "login": {"executed_lines": [57, 58, 59, 64], "summary": {"covered_lines": 4, "num_statements": 4, "percent_covered": 100.0, "percent_covered_display": "100", "missing_lines": 0, "excluded_lines": 0}, "missing_lines": [], "excluded_lines": []}, "change_password": {"executed_lines": [74, 75, 76, 80], "summary": {"covered_lines": 4, "num_statements": 4, "percent_covered": 100.0, "percent_covered_display": "100", "missing_lines": 0, "excluded_lines": 0}, "missing_lines": [], "excluded_lines": []}, "get_me": {"executed_lines": [89, 90, 95], "summary": {"covered_lines": 3, "num_statements": 4, "percent_covered": 75.0, "percent_covered_display": "75", "missing_lines": 1, "excluded_lines": 0}, "missing_lines": [91], "excluded_lines": []}, "": {"executed_lines": [1, 4, 6, 13, 14, 16, 19, 23, 24, 44, 45, 67, 68, 83, 84], "summary": {"covered_lines": 14, "num_statements": 14, "percent_covered": 100.0, "percent_covered_display": "100", "missing_lines": 0, "excluded_lines": 0}, "missing_lines": [], "excluded_lines": []}}, "classes": {"": {"executed_lines": [1, 4, 6, 13, 14, 16, 19, 20, 23, 24, 35, 36, 37, 41, 44, 45, 57, 58, 59, 64, 67, 68, 74, 75, 76, 80, 83, 84, 89, 90, 95], "summary": {"covered_lines": 30, "num_statements": 31, "percent_covered": 96.7741935483871, "percent_covered_display": "97", "missing_lines": 1, "excluded_lines": 0}, "missing_lines": [91], "excluded_lines": []}}}, "app/api/backtest.py": {"executed_lines": [1, 4, 5, 6, 8, 15, 16, 18, 21, 22, 23, 26, 27, 43, 44, 47, 48, 54, 55, 56, 63, 64, 70, 71, 72, 79, 80, 89, 93, 96, 97, 103, 104, 105, 112, 113, 119, 120, 121], "summary": {"covered_lines": 38, "num_statements": 42, "percent_covered": 90.47619047619048, "percent_covered_display": "90", "missing_lines": 4, "excluded_lines": 0}, "missing_lines": [60, 76, 109, 125], "excluded_lines": [], "functions": {"get_backtest_service": {"executed_lines": [23], "summary": {"covered_lines": 1, "num_statements": 1, "percent_covered": 100.0, "percent_covered_display": "100", "missing_lines": 0, "excluded_lines": 0}, "missing_lines": [], "excluded_lines": []}, "run_backtest": {"executed_lines": [43, 44], "summary": {"covered_lines": 2, "num_statements": 2, "percent_covered": 100.0, "percent_covered_display": "100", "missing_lines": 0, "excluded_lines": 0}, "missing_lines": [], "excluded_lines": []}, "get_backtest_result": {"executed_lines": [54, 55, 56], "summary": {"covered_lines": 3, "num_statements": 4, "percent_covered": 75.0, "percent_covered_display": "75", "missing_lines": 1, "excluded_lines": 0}, "missing_lines": [60], "excluded_lines": []}, "get_backtest_status": {"executed_lines": [70, 71, 72], "summary": {"covered_lines": 3, "num_statements": 4, "percent_covered": 75.0, "percent_covered_display": "75", "missing_lines": 1, "excluded_lines": 0}, "missing_lines": [76], "excluded_lines": []}, "list_backtests": {"executed_lines": [89, 93], "summary": {"covered_lines": 2, "num_statements": 2, "percent_covered": 100.0, "percent_covered_display": "100", "missing_lines": 0, "excluded_lines": 0}, "missing_lines": [], "excluded_lines": []}, "cancel_backtest": {"executed_lines": [103, 104, 105], "summary": {"covered_lines": 3, "num_statements": 4, "percent_covered": 75.0, "percent_covered_display": "75", "missing_lines": 1, "excluded_lines": 0}, "missing_lines": [109], "excluded_lines": []}, "delete_backtest": {"executed_lines": [119, 120, 121], "summary": {"covered_lines": 3, "num_statements": 4, "percent_covered": 75.0, "percent_covered_display": "75", "missing_lines": 1, "excluded_lines": 0}, "missing_lines": [125], "excluded_lines": []}, "": {"executed_lines": [1, 4, 5, 6, 8, 15, 16, 18, 21, 22, 26, 27, 47, 48, 63, 64, 79, 80, 96, 97, 112, 113], "summary": {"covered_lines": 21, "num_statements": 21, "percent_covered": 100.0, "percent_covered_display": "100", "missing_lines": 0, "excluded_lines": 0}, "missing_lines": [], "excluded_lines": []}}, "classes": {"": {"executed_lines": [1, 4, 5, 6, 8, 15, 16, 18, 21, 22, 23, 26, 27, 43, 44, 47, 48, 54, 55, 56, 63, 64, 70, 71, 72, 79, 80, 89, 93, 96, 97, 103, 104, 105, 112, 113, 119, 120, 121], "summary": {"covered_lines": 38, "num_statements": 42, "percent_covered": 90.47619047619048, "percent_covered_display": "90", "missing_lines": 4, "excluded_lines": 0}, "missing_lines": [60, 76, 109, 125], "excluded_lines": []}}}, "app/api/backtest_enhanced.py": {"executed_lines": [1, 6, 7, 8, 10, 19, 20, 21, 22, 23, 25, 28, 29, 30, 33, 34, 38, 39, 45, 46, 56, 59, 65, 68, 69, 75, 76, 77, 84, 85, 91, 92, 93, 100, 101, 110, 113, 116, 117, 123, 124, 125, 134, 135, 155, 156, 178, 179, 215, 216, 257, 258, 301, 302], "summary": {"covered_lines": 53, "num_statements": 117, "percent_covered": 45.2991452991453, "percent_covered_display": "45", "missing_lines": 64, "excluded_lines": 0}, "missing_lines": [35, 40, 81, 97, 129, 145, 146, 151, 152, 166, 167, 172, 173, 188, 189, 190, 197, 203, 208, 225, 226, 227, 233, 239, 240, 245, 250, 251, 267, 268, 269, 275, 281, 282, 287, 292, 293, 323, 326, 329, 331, 333, 334, 336, 338, 339, 342, 343, 344, 352, 353, 358, 361, 362, 367, 370, 371, 374, 376, 378, 379, 381, 382, 383], "excluded_lines": [], "functions": {"get_backtest_service": {"executed_lines": [30], "summary": {"covered_lines": 1, "num_statements": 1, "percent_covered": 100.0, "percent_covered_display": "100", "missing_lines": 0, "excluded_lines": 0}, "missing_lines": [], "excluded_lines": []}, "get_optimization_service": {"executed_lines": [], "summary": {"covered_lines": 0, "num_statements": 1, "percent_covered": 0.0, "percent_covered_display": "0", "missing_lines": 1, "excluded_lines": 0}, "missing_lines": [35], "excluded_lines": []}, "get_report_service": {"executed_lines": [], "summary": {"covered_lines": 0, "num_statements": 1, "percent_covered": 0.0, "percent_covered_display": "0", "missing_lines": 1, "excluded_lines": 0}, "missing_lines": [40], "excluded_lines": []}, "run_backtest": {"executed_lines": [56, 59, 65], "summary": {"covered_lines": 3, "num_statements": 3, "percent_covered": 100.0, "percent_covered_display": "100", "missing_lines": 0, "excluded_lines": 0}, "missing_lines": [], "excluded_lines": []}, "get_backtest_result": {"executed_lines": [75, 76, 77], "summary": {"covered_lines": 3, "num_statements": 4, "percent_covered": 75.0, "percent_covered_display": "75", "missing_lines": 1, "excluded_lines": 0}, "missing_lines": [81], "excluded_lines": []}, "get_backtest_status": {"executed_lines": [91, 92, 93], "summary": {"covered_lines": 3, "num_statements": 4, "percent_covered": 75.0, "percent_covered_display": "75", "missing_lines": 1, "excluded_lines": 0}, "missing_lines": [97], "excluded_lines": []}, "list_backtests": {"executed_lines": [110, 113], "summary": {"covered_lines": 2, "num_statements": 2, "percent_covered": 100.0, "percent_covered_display": "100", "missing_lines": 0, "excluded_lines": 0}, "missing_lines": [], "excluded_lines": []}, "delete_backtest": {"executed_lines": [123, 124, 125], "summary": {"covered_lines": 3, "num_statements": 4, "percent_covered": 75.0, "percent_covered_display": "75", "missing_lines": 1, "excluded_lines": 0}, "missing_lines": [129], "excluded_lines": []}, "grid_search_optimization": {"executed_lines": [], "summary": {"covered_lines": 0, "num_statements": 4, "percent_covered": 0.0, "percent_covered_display": "0", "missing_lines": 4, "excluded_lines": 0}, "missing_lines": [145, 146, 151, 152], "excluded_lines": []}, "bayesian_optimization": {"executed_lines": [], "summary": {"covered_lines": 0, "num_statements": 4, "percent_covered": 0.0, "percent_covered_display": "0", "missing_lines": 4, "excluded_lines": 0}, "missing_lines": [166, 167, 172, 173], "excluded_lines": []}, "get_html_report": {"executed_lines": [], "summary": {"covered_lines": 0, "num_statements": 6, "percent_covered": 0.0, "percent_covered_display": "0", "missing_lines": 6, "excluded_lines": 0}, "missing_lines": [188, 189, 190, 197, 203, 208], "excluded_lines": []}, "get_pdf_report": {"executed_lines": [], "summary": {"covered_lines": 0, "num_statements": 9, "percent_covered": 0.0, "percent_covered_display": "0", "missing_lines": 9, "excluded_lines": 0}, "missing_lines": [225, 226, 227, 233, 239, 240, 245, 250, 251], "excluded_lines": []}, "get_excel_report": {"executed_lines": [], "summary": {"covered_lines": 0, "num_statements": 9, "percent_covered": 0.0, "percent_covered_display": "0", "missing_lines": 9, "excluded_lines": 0}, "missing_lines": [267, 268, 269, 275, 281, 282, 287, 292, 293], "excluded_lines": []}, "websocket_endpoint": {"executed_lines": [], "summary": {"covered_lines": 0, "num_statements": 27, "percent_covered": 0.0, "percent_covered_display": "0", "missing_lines": 27, "excluded_lines": 0}, "missing_lines": [323, 326, 329, 331, 333, 334, 336, 338, 339, 342, 343, 344, 352, 353, 358, 361, 362, 367, 370, 371, 374, 376, 378, 379, 381, 382, 383], "excluded_lines": []}, "": {"executed_lines": [1, 6, 7, 8, 10, 19, 20, 21, 22, 23, 25, 28, 29, 33, 34, 38, 39, 45, 46, 68, 69, 84, 85, 100, 101, 116, 117, 134, 135, 155, 156, 178, 179, 215, 216, 257, 258, 301, 302], "summary": {"covered_lines": 38, "num_statements": 38, "percent_covered": 100.0, "percent_covered_display": "100", "missing_lines": 0, "excluded_lines": 0}, "missing_lines": [], "excluded_lines": []}}, "classes": {"": {"executed_lines": [1, 6, 7, 8, 10, 19, 20, 21, 22, 23, 25, 28, 29, 30, 33, 34, 38, 39, 45, 46, 56, 59, 65, 68, 69, 75, 76, 77, 84, 85, 91, 92, 93, 100, 101, 110, 113, 116, 117, 123, 124, 125, 134, 135, 155, 156, 178, 179, 215, 216, 257, 258, 301, 302], "summary": {"covered_lines": 53, "num_statements": 117, "percent_covered": 45.2991452991453, "percent_covered_display": "45", "missing_lines": 64, "excluded_lines": 0}, "missing_lines": [35, 40, 81, 97, 129, 145, 146, 151, 152, 166, 167, 172, 173, 188, 189, 190, 197, 203, 208, 225, 226, 227, 233, 239, 240, 245, 250, 251, 267, 268, 269, 275, 281, 282, 287, 292, 293, 323, 326, 329, 331, 333, 334, 336, 338, 339, 342, 343, 344, 352, 353, 358, 361, 362, 367, 370, 371, 374, 376, 378, 379, 381, 382, 383], "excluded_lines": []}}}, "app/api/comparison.py": {"executed_lines": [1, 6, 7, 8, 10, 17, 18, 20, 22, 25, 26, 31, 32, 46, 58, 59, 65, 67, 68, 83, 84, 91, 97, 98, 106, 107, 113, 115, 116, 124, 125, 140, 147, 150, 151, 161, 163, 164, 185, 186, 198, 200, 202, 203, 226, 227, 237, 239, 240, 253, 254, 264, 266, 267, 280, 281, 291, 293, 294, 307, 308, 318, 320, 321], "summary": {"covered_lines": 63, "num_statements": 83, "percent_covered": 75.90361445783132, "percent_covered_display": "76", "missing_lines": 20, "excluded_lines": 0}, "missing_lines": [55, 74, 75, 80, 103, 121, 170, 173, 179, 209, 210, 218, 245, 247, 272, 274, 299, 301, 326, 328], "excluded_lines": [], "functions": {"get_comparison_service": {"executed_lines": [26], "summary": {"covered_lines": 1, "num_statements": 1, "percent_covered": 100.0, "percent_covered_display": "100", "missing_lines": 0, "excluded_lines": 0}, "missing_lines": [], "excluded_lines": []}, "create_comparison": {"executed_lines": [46], "summary": {"covered_lines": 1, "num_statements": 2, "percent_covered": 50.0, "percent_covered_display": "50", "missing_lines": 1, "excluded_lines": 0}, "missing_lines": [55], "excluded_lines": []}, "get_comparison_detail": {"executed_lines": [65, 67, 68], "summary": {"covered_lines": 3, "num_statements": 6, "percent_covered": 50.0, "percent_covered_display": "50", "missing_lines": 3, "excluded_lines": 0}, "missing_lines": [74, 75, 80], "excluded_lines": []}, "update_comparison": {"executed_lines": [91, 97, 98], "summary": {"covered_lines": 3, "num_statements": 4, "percent_covered": 75.0, "percent_covered_display": "75", "missing_lines": 1, "excluded_lines": 0}, "missing_lines": [103], "excluded_lines": []}, "delete_comparison": {"executed_lines": [113, 115, 116], "summary": {"covered_lines": 3, "num_statements": 4, "percent_covered": 75.0, "percent_covered_display": "75", "missing_lines": 1, "excluded_lines": 0}, "missing_lines": [121], "excluded_lines": []}, "list_comparisons": {"executed_lines": [140, 147], "summary": {"covered_lines": 2, "num_statements": 2, "percent_covered": 100.0, "percent_covered_display": "100", "missing_lines": 0, "excluded_lines": 0}, "missing_lines": [], "excluded_lines": []}, "toggle_comparison_favorite": {"executed_lines": [161, 163, 164], "summary": {"covered_lines": 3, "num_statements": 6, "percent_covered": 50.0, "percent_covered_display": "50", "missing_lines": 3, "excluded_lines": 0}, "missing_lines": [170, 173, 179], "excluded_lines": []}, "share_comparison": {"executed_lines": [198, 200, 202, 203], "summary": {"covered_lines": 4, "num_statements": 7, "percent_covered": 57.142857142857146, "percent_covered_display": "57", "missing_lines": 3, "excluded_lines": 0}, "missing_lines": [209, 210, 218], "excluded_lines": []}, "get_metrics_comparison": {"executed_lines": [237, 239, 240], "summary": {"covered_lines": 3, "num_statements": 5, "percent_covered": 60.0, "percent_covered_display": "60", "missing_lines": 2, "excluded_lines": 0}, "missing_lines": [245, 247], "excluded_lines": []}, "get_equity_comparison": {"executed_lines": [264, 266, 267], "summary": {"covered_lines": 3, "num_statements": 5, "percent_covered": 60.0, "percent_covered_display": "60", "missing_lines": 2, "excluded_lines": 0}, "missing_lines": [272, 274], "excluded_lines": []}, "get_trades_comparison": {"executed_lines": [291, 293, 294], "summary": {"covered_lines": 3, "num_statements": 5, "percent_covered": 60.0, "percent_covered_display": "60", "missing_lines": 2, "excluded_lines": 0}, "missing_lines": [299, 301], "excluded_lines": []}, "get_drawdown_comparison": {"executed_lines": [318, 320, 321], "summary": {"covered_lines": 3, "num_statements": 5, "percent_covered": 60.0, "percent_covered_display": "60", "missing_lines": 2, "excluded_lines": 0}, "missing_lines": [326, 328], "excluded_lines": []}, "": {"executed_lines": [1, 6, 7, 8, 10, 17, 18, 20, 22, 25, 31, 32, 58, 59, 83, 84, 106, 107, 124, 125, 150, 151, 185, 186, 226, 227, 253, 254, 280, 281, 307, 308], "summary": {"covered_lines": 31, "num_statements": 31, "percent_covered": 100.0, "percent_covered_display": "100", "missing_lines": 0, "excluded_lines": 0}, "missing_lines": [], "excluded_lines": []}}, "classes": {"": {"executed_lines": [1, 6, 7, 8, 10, 17, 18, 20, 22, 25, 26, 31, 32, 46, 58, 59, 65, 67, 68, 83, 84, 91, 97, 98, 106, 107, 113, 115, 116, 124, 125, 140, 147, 150, 151, 161, 163, 164, 185, 186, 198, 200, 202, 203, 226, 227, 237, 239, 240, 253, 254, 264, 266, 267, 280, 281, 291, 293, 294, 307, 308, 318, 320, 321], "summary": {"covered_lines": 63, "num_statements": 83, "percent_covered": 75.90361445783132, "percent_covered_display": "76", "missing_lines": 20, "excluded_lines": 0}, "missing_lines": [55, 74, 75, 80, 103, 121, 170, 173, 179, 209, 210, 218, 245, 247, 272, 274, 299, 301, 326, 328], "excluded_lines": []}}}, "app/api/data.py": {"executed_lines": [1, 4, 5, 6, 7, 9, 11, 12, 15, 16, 28, 29, 31, 32, 33, 35, 36, 44, 47, 57, 58, 59, 60, 62, 63, 64, 65, 66, 67, 68, 69, 70, 72, 73, 74, 79], "summary": {"covered_lines": 35, "num_statements": 41, "percent_covered": 85.36585365853658, "percent_covered_display": "85", "missing_lines": 6, "excluded_lines": 0}, "missing_lines": [45, 86, 87, 88, 89, 90], "excluded_lines": [], "functions": {"get_kline_data": {"executed_lines": [28, 29, 31, 32, 33, 35, 36, 44, 47, 57, 58, 59, 60, 62, 63, 64, 65, 66, 67, 68, 69, 70, 72, 73, 74, 79], "summary": {"covered_lines": 26, "num_statements": 32, "percent_covered": 81.25, "percent_covered_display": "81", "missing_lines": 6, "excluded_lines": 0}, "missing_lines": [45, 86, 87, 88, 89, 90], "excluded_lines": []}, "": {"executed_lines": [1, 4, 5, 6, 7, 9, 11, 12, 15, 16], "summary": {"covered_lines": 9, "num_statements": 9, "percent_covered": 100.0, "percent_covered_display": "100", "missing_lines": 0, "excluded_lines": 0}, "missing_lines": [], "excluded_lines": []}}, "classes": {"": {"executed_lines": [1, 4, 5, 6, 7, 9, 11, 12, 15, 16, 28, 29, 31, 32, 33, 35, 36, 44, 47, 57, 58, 59, 60, 62, 63, 64, 65, 66, 67, 68, 69, 70, 72, 73, 74, 79], "summary": {"covered_lines": 35, "num_statements": 41, "percent_covered": 85.36585365853658, "percent_covered_display": "85", "missing_lines": 6, "excluded_lines": 0}, "missing_lines": [45, 86, 87, 88, 89, 90], "excluded_lines": []}}}, "app/api/deps.py": {"executed_lines": [1, 4, 5, 6, 8, 9, 10, 12, 15, 19, 20, 22, 23, 29, 32], "summary": {"covered_lines": 14, "num_statements": 21, "percent_covered": 66.66666666666667, "percent_covered_display": "67", "missing_lines": 7, "excluded_lines": 0}, "missing_lines": [38, 39, 41, 42, 44, 45, 47], "excluded_lines": [], "functions": {"get_current_user": {"executed_lines": [19, 20, 22, 23, 29], "summary": {"covered_lines": 5, "num_statements": 5, "percent_covered": 100.0, "percent_covered_display": "100", "missing_lines": 0, "excluded_lines": 0}, "missing_lines": [], "excluded_lines": []}, "get_current_user_optional": {"executed_lines": [], "summary": {"covered_lines": 0, "num_statements": 7, "percent_covered": 0.0, "percent_covered_display": "0", "missing_lines": 7, "excluded_lines": 0}, "missing_lines": [38, 39, 41, 42, 44, 45, 47], "excluded_lines": []}, "": {"executed_lines": [1, 4, 5, 6, 8, 9, 10, 12, 15, 32], "summary": {"covered_lines": 9, "num_statements": 9, "percent_covered": 100.0, "percent_covered_display": "100", "missing_lines": 0, "excluded_lines": 0}, "missing_lines": [], "excluded_lines": []}}, "classes": {"": {"executed_lines": [1, 4, 5, 6, 8, 9, 10, 12, 15, 19, 20, 22, 23, 29, 32], "summary": {"covered_lines": 14, "num_statements": 21, "percent_covered": 66.66666666666667, "percent_covered_display": "67", "missing_lines": 7, "excluded_lines": 0}, "missing_lines": [38, 39, 41, 42, 44, 45, 47], "excluded_lines": []}}}, "app/api/deps_permissions.py": {"executed_lines": [1, 6, 7, 8, 9, 12, 24, 25, 26, 28, 31, 41, 42, 43, 47, 49, 52, 61, 62, 63, 64, 65, 66, 70, 80, 81, 82, 83, 85, 86, 87, 91, 93], "summary": {"covered_lines": 32, "num_statements": 34, "percent_covered": 94.11764705882354, "percent_covered_display": "94", "missing_lines": 2, "excluded_lines": 0}, "missing_lines": [56, 57], "excluded_lines": [], "functions": {"has_permission": {"executed_lines": [24, 25, 26, 28], "summary": {"covered_lines": 4, "num_statements": 4, "percent_covered": 100.0, "percent_covered_display": "100", "missing_lines": 0, "excluded_lines": 0}, "missing_lines": [], "excluded_lines": []}, "require_permission": {"executed_lines": [41, 49], "summary": {"covered_lines": 2, "num_statements": 2, "percent_covered": 100.0, "percent_covered_display": "100", "missing_lines": 0, "excluded_lines": 0}, "missing_lines": [], "excluded_lines": []}, "require_permission.permission_checker": {"executed_lines": [42, 43, 47], "summary": {"covered_lines": 3, "num_statements": 3, "percent_covered": 100.0, "percent_covered_display": "100", "missing_lines": 0, "excluded_lines": 0}, "missing_lines": [], "excluded_lines": []}, "get_current_user": {"executed_lines": [], "summary": {"covered_lines": 0, "num_statements": 2, "percent_covered": 0.0, "percent_covered_display": "0", "missing_lines": 2, "excluded_lines": 0}, "missing_lines": [56, 57], "excluded_lines": []}, "require_any_permission": {"executed_lines": [80, 93], "summary": {"covered_lines": 2, "num_statements": 2, "percent_covered": 100.0, "percent_covered_display": "100", "missing_lines": 0, "excluded_lines": 0}, "missing_lines": [], "excluded_lines": []}, "require_any_permission.permission_checker": {"executed_lines": [81, 82, 83, 85, 86, 87, 91], "summary": {"covered_lines": 7, "num_statements": 7, "percent_covered": 100.0, "percent_covered_display": "100", "missing_lines": 0, "excluded_lines": 0}, "missing_lines": [], "excluded_lines": []}, "": {"executed_lines": [1, 6, 7, 8, 9, 12, 31, 52, 61, 62, 63, 64, 65, 66, 70], "summary": {"covered_lines": 14, "num_statements": 14, "percent_covered": 100.0, "percent_covered_display": "100", "missing_lines": 0, "excluded_lines": 0}, "missing_lines": [], "excluded_lines": []}}, "classes": {"": {"executed_lines": [1, 6, 7, 8, 9, 12, 24, 25, 26, 28, 31, 41, 42, 43, 47, 49, 52, 61, 62, 63, 64, 65, 66, 70, 80, 81, 82, 83, 85, 86, 87, 91, 93], "summary": {"covered_lines": 32, "num_statements": 34, "percent_covered": 94.11764705882354, "percent_covered_display": "94", "missing_lines": 2, "excluded_lines": 0}, "missing_lines": [56, 57], "excluded_lines": []}}}, "app/api/live_trading.py": {"executed_lines": [1, 6, 7, 8, 10, 20, 21, 22, 24, 26, 29, 35, 36, 83, 84, 99, 100, 119, 120, 146, 147, 167, 168], "summary": {"covered_lines": 22, "num_statements": 48, "percent_covered": 45.833333333333336, "percent_covered_display": "46", "missing_lines": 26, "excluded_lines": 0}, "missing_lines": [30, 58, 74, 91, 93, 106, 108, 109, 114, 126, 128, 129, 135, 141, 155, 156, 158, 194, 197, 199, 201, 208, 209, 215, 216, 217], "excluded_lines": [], "functions": {"get_live_trading_service": {"executed_lines": [], "summary": {"covered_lines": 0, "num_statements": 1, "percent_covered": 0.0, "percent_covered_display": "0", "missing_lines": 1, "excluded_lines": 0}, "missing_lines": [30], "excluded_lines": []}, "submit_live_strategy": {"executed_lines": [], "summary": {"covered_lines": 0, "num_statements": 2, "percent_covered": 0.0, "percent_covered_display": "0", "missing_lines": 2, "excluded_lines": 0}, "missing_lines": [58, 74], "excluded_lines": []}, "list_live_tasks": {"executed_lines": [], "summary": {"covered_lines": 0, "num_statements": 2, "percent_covered": 0.0, "percent_covered_display": "0", "missing_lines": 2, "excluded_lines": 0}, "missing_lines": [91, 93], "excluded_lines": []}, "get_live_task_status": {"executed_lines": [], "summary": {"covered_lines": 0, "num_statements": 4, "percent_covered": 0.0, "percent_covered_display": "0", "missing_lines": 4, "excluded_lines": 0}, "missing_lines": [106, 108, 109, 114], "excluded_lines": []}, "stop_live_strategy": {"executed_lines": [], "summary": {"covered_lines": 0, "num_statements": 5, "percent_covered": 0.0, "percent_covered_display": "0", "missing_lines": 5, "excluded_lines": 0}, "missing_lines": [126, 128, 129, 135, 141], "excluded_lines": []}, "get_live_trading_data": {"executed_lines": [], "summary": {"covered_lines": 0, "num_statements": 3, "percent_covered": 0.0, "percent_covered_display": "0", "missing_lines": 3, "excluded_lines": 0}, "missing_lines": [155, 156, 158], "excluded_lines": []}, "live_trading_websocket": {"executed_lines": [], "summary": {"covered_lines": 0, "num_statements": 9, "percent_covered": 0.0, "percent_covered_display": "0", "missing_lines": 9, "excluded_lines": 0}, "missing_lines": [194, 197, 199, 201, 208, 209, 215, 216, 217], "excluded_lines": []}, "": {"executed_lines": [1, 6, 7, 8, 10, 20, 21, 22, 24, 26, 29, 35, 36, 83, 84, 99, 100, 119, 120, 146, 147, 167, 168], "summary": {"covered_lines": 22, "num_statements": 22, "percent_covered": 100.0, "percent_covered_display": "100", "missing_lines": 0, "excluded_lines": 0}, "missing_lines": [], "excluded_lines": []}}, "classes": {"": {"executed_lines": [1, 6, 7, 8, 10, 20, 21, 22, 24, 26, 29, 35, 36, 83, 84, 99, 100, 119, 120, 146, 147, 167, 168], "summary": {"covered_lines": 22, "num_statements": 48, "percent_covered": 45.833333333333336, "percent_covered_display": "46", "missing_lines": 26, "excluded_lines": 0}, "missing_lines": [30, 58, 74, 91, 93, 106, 108, 109, 114, 126, 128, 129, 135, 141, 155, 156, 158, 194, 197, 199, 201, 208, 209, 215, 216, 217], "excluded_lines": []}}}, "app/api/live_trading_api.py": {"executed_lines": [1, 4, 5, 6, 8, 14, 20, 21, 28, 29, 30, 32, 35, 36, 39, 40, 44, 45, 48, 49, 54, 55, 56, 57, 60, 61, 66, 67, 71, 72, 77, 78, 79, 83, 84, 89, 90, 91, 92, 95, 96, 101, 102, 103, 104, 107, 108, 112, 115, 116, 120, 125, 127, 128, 129, 130, 131, 132, 133, 134, 137, 138, 143, 144, 145, 147, 148, 149, 150, 153, 154, 155, 156, 157, 159, 160, 161, 162, 163, 164, 165, 166, 170, 171, 172, 173, 178, 179, 180, 198, 209, 223, 224, 229, 230, 232, 233, 235, 236, 237, 238, 240, 241, 242, 244, 245, 255, 256, 257, 260, 261, 280, 282, 290, 291, 296, 297, 299, 300, 303, 304, 305, 307, 308, 309, 310, 311, 312, 313, 314, 315, 316, 320, 321, 322, 325, 326, 327, 328, 329, 330, 331, 333, 336, 337, 338, 339, 340, 341, 342, 344], "summary": {"covered_lines": 150, "num_statements": 165, "percent_covered": 90.9090909090909, "percent_covered_display": "91", "missing_lines": 15, "excluded_lines": 0}, "missing_lines": [68, 80, 181, 182, 183, 243, 262, 263, 264, 265, 271, 272, 273, 317, 318], "excluded_lines": [], "functions": {"_get_manager": {"executed_lines": [36], "summary": {"covered_lines": 1, "num_statements": 1, "percent_covered": 100.0, "percent_covered_display": "100", "missing_lines": 0, "excluded_lines": 0}, "missing_lines": [], "excluded_lines": []}, "list_instances": {"executed_lines": [44, 45], "summary": {"covered_lines": 2, "num_statements": 2, "percent_covered": 100.0, "percent_covered_display": "100", "missing_lines": 0, "excluded_lines": 0}, "missing_lines": [], "excluded_lines": []}, "add_instance": {"executed_lines": [54, 55, 56, 57], "summary": {"covered_lines": 4, "num_statements": 4, "percent_covered": 100.0, "percent_covered_display": "100", "missing_lines": 0, "excluded_lines": 0}, "missing_lines": [], "excluded_lines": []}, "remove_instance": {"executed_lines": [66, 67], "summary": {"covered_lines": 2, "num_statements": 3, "percent_covered": 66.66666666666667, "percent_covered_display": "67", "missing_lines": 1, "excluded_lines": 0}, "missing_lines": [68], "excluded_lines": []}, "get_instance": {"executed_lines": [77, 78, 79], "summary": {"covered_lines": 3, "num_statements": 4, "percent_covered": 75.0, "percent_covered_display": "75", "missing_lines": 1, "excluded_lines": 0}, "missing_lines": [80], "excluded_lines": []}, "start_instance": {"executed_lines": [89, 90, 91, 92], "summary": {"covered_lines": 4, "num_statements": 4, "percent_covered": 100.0, "percent_covered_display": "100", "missing_lines": 0, "excluded_lines": 0}, "missing_lines": [], "excluded_lines": []}, "stop_instance": {"executed_lines": [101, 102, 103, 104], "summary": {"covered_lines": 4, "num_statements": 4, "percent_covered": 100.0, "percent_covered_display": "100", "missing_lines": 0, "excluded_lines": 0}, "missing_lines": [], "excluded_lines": []}, "start_all": {"executed_lines": [112], "summary": {"covered_lines": 1, "num_statements": 1, "percent_covered": 100.0, "percent_covered_display": "100", "missing_lines": 0, "excluded_lines": 0}, "missing_lines": [], "excluded_lines": []}, "stop_all": {"executed_lines": [120], "summary": {"covered_lines": 1, "num_statements": 1, "percent_covered": 100.0, "percent_covered_display": "100", "missing_lines": 0, "excluded_lines": 0}, "missing_lines": [], "excluded_lines": []}, "_get_strategy_log_dir": {"executed_lines": [127, 128, 129, 130, 131, 132, 133, 134], "summary": {"covered_lines": 8, "num_statements": 8, "percent_covered": 100.0, "percent_covered_display": "100", "missing_lines": 0, "excluded_lines": 0}, "missing_lines": [], "excluded_lines": []}, "get_live_detail": {"executed_lines": [143, 144, 145, 147, 148, 149, 150, 153, 154, 155, 156, 157, 159, 160, 161, 162, 163, 164, 165, 166, 170, 171, 172, 173, 178, 179, 180, 198, 209], "summary": {"covered_lines": 29, "num_statements": 32, "percent_covered": 90.625, "percent_covered_display": "91", "missing_lines": 3, "excluded_lines": 0}, "missing_lines": [181, 182, 183], "excluded_lines": []}, "get_live_kline": {"executed_lines": [229, 230, 232, 233, 235, 236, 237, 238, 240, 241, 242, 244, 245, 255, 256, 257, 260, 261, 280, 282], "summary": {"covered_lines": 20, "num_statements": 28, "percent_covered": 71.42857142857143, "percent_covered_display": "71", "missing_lines": 8, "excluded_lines": 0}, "missing_lines": [243, 262, 263, 264, 265, 271, 272, 273], "excluded_lines": []}, "get_live_monthly_returns": {"executed_lines": [296, 297, 299, 300, 303, 304, 305, 307, 308, 309, 310, 311, 312, 313, 314, 315, 316, 320, 321, 322, 325, 326, 327, 328, 329, 330, 331, 333, 336, 337, 338, 339, 340, 341, 342, 344], "summary": {"covered_lines": 36, "num_statements": 38, "percent_covered": 94.73684210526316, "percent_covered_display": "95", "missing_lines": 2, "excluded_lines": 0}, "missing_lines": [317, 318], "excluded_lines": []}, "": {"executed_lines": [1, 4, 5, 6, 8, 14, 20, 21, 28, 29, 30, 32, 35, 39, 40, 48, 49, 60, 61, 71, 72, 83, 84, 95, 96, 107, 108, 115, 116, 125, 137, 138, 223, 224, 290, 291], "summary": {"covered_lines": 35, "num_statements": 35, "percent_covered": 100.0, "percent_covered_display": "100", "missing_lines": 0, "excluded_lines": 0}, "missing_lines": [], "excluded_lines": []}}, "classes": {"": {"executed_lines": [1, 4, 5, 6, 8, 14, 20, 21, 28, 29, 30, 32, 35, 36, 39, 40, 44, 45, 48, 49, 54, 55, 56, 57, 60, 61, 66, 67, 71, 72, 77, 78, 79, 83, 84, 89, 90, 91, 92, 95, 96, 101, 102, 103, 104, 107, 108, 112, 115, 116, 120, 125, 127, 128, 129, 130, 131, 132, 133, 134, 137, 138, 143, 144, 145, 147, 148, 149, 150, 153, 154, 155, 156, 157, 159, 160, 161, 162, 163, 164, 165, 166, 170, 171, 172, 173, 178, 179, 180, 198, 209, 223, 224, 229, 230, 232, 233, 235, 236, 237, 238, 240, 241, 242, 244, 245, 255, 256, 257, 260, 261, 280, 282, 290, 291, 296, 297, 299, 300, 303, 304, 305, 307, 308, 309, 310, 311, 312, 313, 314, 315, 316, 320, 321, 322, 325, 326, 327, 328, 329, 330, 331, 333, 336, 337, 338, 339, 340, 341, 342, 344], "summary": {"covered_lines": 150, "num_statements": 165, "percent_covered": 90.9090909090909, "percent_covered_display": "91", "missing_lines": 15, "excluded_lines": 0}, "missing_lines": [68, 80, 181, 182, 183, 243, 262, 263, 264, 265, 271, 272, 273, 317, 318], "excluded_lines": []}}}, "app/api/live_trading_complete.py": {"executed_lines": [1, 6, 7, 8, 10, 20, 21, 22, 24, 26, 29, 35, 36, 91, 92, 108, 109, 128, 129, 155, 156, 176, 177], "summary": {"covered_lines": 22, "num_statements": 49, "percent_covered": 44.89795918367347, "percent_covered_display": "45", "missing_lines": 27, "excluded_lines": 0}, "missing_lines": [30, 58, 75, 82, 99, 105, 115, 117, 118, 123, 135, 137, 138, 144, 150, 164, 165, 167, 203, 206, 208, 210, 217, 218, 224, 225, 226], "excluded_lines": [], "functions": {"get_live_trading_service": {"executed_lines": [], "summary": {"covered_lines": 0, "num_statements": 1, "percent_covered": 0.0, "percent_covered_display": "0", "missing_lines": 1, "excluded_lines": 0}, "missing_lines": [30], "excluded_lines": []}, "submit_live_strategy": {"executed_lines": [], "summary": {"covered_lines": 0, "num_statements": 3, "percent_covered": 0.0, "percent_covered_display": "0", "missing_lines": 3, "excluded_lines": 0}, "missing_lines": [58, 75, 82], "excluded_lines": []}, "list_live_tasks": {"executed_lines": [], "summary": {"covered_lines": 0, "num_statements": 2, "percent_covered": 0.0, "percent_covered_display": "0", "missing_lines": 2, "excluded_lines": 0}, "missing_lines": [99, 105], "excluded_lines": []}, "get_live_task_status": {"executed_lines": [], "summary": {"covered_lines": 0, "num_statements": 4, "percent_covered": 0.0, "percent_covered_display": "0", "missing_lines": 4, "excluded_lines": 0}, "missing_lines": [115, 117, 118, 123], "excluded_lines": []}, "stop_live_strategy": {"executed_lines": [], "summary": {"covered_lines": 0, "num_statements": 5, "percent_covered": 0.0, "percent_covered_display": "0", "missing_lines": 5, "excluded_lines": 0}, "missing_lines": [135, 137, 138, 144, 150], "excluded_lines": []}, "get_live_trading_data": {"executed_lines": [], "summary": {"covered_lines": 0, "num_statements": 3, "percent_covered": 0.0, "percent_covered_display": "0", "missing_lines": 3, "excluded_lines": 0}, "missing_lines": [164, 165, 167], "excluded_lines": []}, "live_trading_websocket": {"executed_lines": [], "summary": {"covered_lines": 0, "num_statements": 9, "percent_covered": 0.0, "percent_covered_display": "0", "missing_lines": 9, "excluded_lines": 0}, "missing_lines": [203, 206, 208, 210, 217, 218, 224, 225, 226], "excluded_lines": []}, "": {"executed_lines": [1, 6, 7, 8, 10, 20, 21, 22, 24, 26, 29, 35, 36, 91, 92, 108, 109, 128, 129, 155, 156, 176, 177], "summary": {"covered_lines": 22, "num_statements": 22, "percent_covered": 100.0, "percent_covered_display": "100", "missing_lines": 0, "excluded_lines": 0}, "missing_lines": [], "excluded_lines": []}}, "classes": {"": {"executed_lines": [1, 6, 7, 8, 10, 20, 21, 22, 24, 26, 29, 35, 36, 91, 92, 108, 109, 128, 129, 155, 156, 176, 177], "summary": {"covered_lines": 22, "num_statements": 49, "percent_covered": 44.89795918367347, "percent_covered_display": "45", "missing_lines": 27, "excluded_lines": 0}, "missing_lines": [30, 58, 75, 82, 99, 105, 115, 117, 118, 123, 135, 137, 138, 144, 150, 164, 165, 167, 203, 206, 208, 210, 217, 218, 224, 225, 226], "excluded_lines": []}}}, "app/api/monitoring.py": {"executed_lines": [1, 6, 7, 8, 10, 25, 26, 27, 29, 31, 34, 35, 40, 41, 74, 75, 83, 90, 93, 94, 107, 108, 129, 130, 149, 150, 161, 171, 174, 175, 182, 188, 189, 206, 207, 224, 225, 244, 245, 251, 258, 261, 262, 291, 292], "summary": {"covered_lines": 44, "num_statements": 82, "percent_covered": 53.65853658536585, "percent_covered_display": "54", "missing_lines": 38, "excluded_lines": 0}, "missing_lines": [59, 71, 101, 115, 126, 136, 138, 139, 144, 195, 197, 198, 203, 213, 215, 216, 221, 231, 233, 234, 239, 270, 271, 272, 273, 274, 275, 280, 286, 314, 317, 319, 321, 327, 328, 334, 335, 336], "excluded_lines": [], "functions": {"get_monitoring_service": {"executed_lines": [35], "summary": {"covered_lines": 1, "num_statements": 1, "percent_covered": 100.0, "percent_covered_display": "100", "missing_lines": 0, "excluded_lines": 0}, "missing_lines": [], "excluded_lines": []}, "create_alert_rule": {"executed_lines": [], "summary": {"covered_lines": 0, "num_statements": 2, "percent_covered": 0.0, "percent_covered_display": "0", "missing_lines": 2, "excluded_lines": 0}, "missing_lines": [59, 71], "excluded_lines": []}, "list_alert_rules": {"executed_lines": [83, 90], "summary": {"covered_lines": 2, "num_statements": 2, "percent_covered": 100.0, "percent_covered_display": "100", "missing_lines": 0, "excluded_lines": 0}, "missing_lines": [], "excluded_lines": []}, "get_alert_rule": {"executed_lines": [], "summary": {"covered_lines": 0, "num_statements": 1, "percent_covered": 0.0, "percent_covered_display": "0", "missing_lines": 1, "excluded_lines": 0}, "missing_lines": [101], "excluded_lines": []}, "update_alert_rule": {"executed_lines": [], "summary": {"covered_lines": 0, "num_statements": 2, "percent_covered": 0.0, "percent_covered_display": "0", "missing_lines": 2, "excluded_lines": 0}, "missing_lines": [115, 126], "excluded_lines": []}, "delete_alert_rule": {"executed_lines": [], "summary": {"covered_lines": 0, "num_statements": 4, "percent_covered": 0.0, "percent_covered_display": "0", "missing_lines": 4, "excluded_lines": 0}, "missing_lines": [136, 138, 139, 144], "excluded_lines": []}, "list_alerts": {"executed_lines": [161, 171], "summary": {"covered_lines": 2, "num_statements": 2, "percent_covered": 100.0, "percent_covered_display": "100", "missing_lines": 0, "excluded_lines": 0}, "missing_lines": [], "excluded_lines": []}, "get_alert": {"executed_lines": [182], "summary": {"covered_lines": 1, "num_statements": 1, "percent_covered": 100.0, "percent_covered_display": "100", "missing_lines": 0, "excluded_lines": 0}, "missing_lines": [], "excluded_lines": []}, "mark_alert_read": {"executed_lines": [], "summary": {"covered_lines": 0, "num_statements": 4, "percent_covered": 0.0, "percent_covered_display": "0", "missing_lines": 4, "excluded_lines": 0}, "missing_lines": [195, 197, 198, 203], "excluded_lines": []}, "resolve_alert": {"executed_lines": [], "summary": {"covered_lines": 0, "num_statements": 4, "percent_covered": 0.0, "percent_covered_display": "0", "missing_lines": 4, "excluded_lines": 0}, "missing_lines": [213, 215, 216, 221], "excluded_lines": []}, "acknowledge_alert": {"executed_lines": [], "summary": {"covered_lines": 0, "num_statements": 4, "percent_covered": 0.0, "percent_covered_display": "0", "missing_lines": 4, "excluded_lines": 0}, "missing_lines": [231, 233, 234, 239], "excluded_lines": []}, "get_alert_summary": {"executed_lines": [251, 258], "summary": {"covered_lines": 2, "num_statements": 2, "percent_covered": 100.0, "percent_covered_display": "100", "missing_lines": 0, "excluded_lines": 0}, "missing_lines": [], "excluded_lines": []}, "get_alerts_by_type": {"executed_lines": [], "summary": {"covered_lines": 0, "num_statements": 8, "percent_covered": 0.0, "percent_covered_display": "0", "missing_lines": 8, "excluded_lines": 0}, "missing_lines": [270, 271, 272, 273, 274, 275, 280, 286], "excluded_lines": []}, "alerts_websocket": {"executed_lines": [], "summary": {"covered_lines": 0, "num_statements": 9, "percent_covered": 0.0, "percent_covered_display": "0", "missing_lines": 9, "excluded_lines": 0}, "missing_lines": [314, 317, 319, 321, 327, 328, 334, 335, 336], "excluded_lines": []}, "": {"executed_lines": [1, 6, 7, 8, 10, 25, 26, 27, 29, 31, 34, 40, 41, 74, 75, 93, 94, 107, 108, 129, 130, 149, 150, 174, 175, 188, 189, 206, 207, 224, 225, 244, 245, 261, 262, 291, 292], "summary": {"covered_lines": 36, "num_statements": 36, "percent_covered": 100.0, "percent_covered_display": "100", "missing_lines": 0, "excluded_lines": 0}, "missing_lines": [], "excluded_lines": []}}, "classes": {"": {"executed_lines": [1, 6, 7, 8, 10, 25, 26, 27, 29, 31, 34, 35, 40, 41, 74, 75, 83, 90, 93, 94, 107, 108, 129, 130, 149, 150, 161, 171, 174, 175, 182, 188, 189, 206, 207, 224, 225, 244, 245, 251, 258, 261, 262, 291, 292], "summary": {"covered_lines": 44, "num_statements": 82, "percent_covered": 53.65853658536585, "percent_covered_display": "54", "missing_lines": 38, "excluded_lines": 0}, "missing_lines": [59, 71, 101, 115, 126, 136, 138, 139, 144, 195, 197, 198, 203, 213, 215, 216, 221, 231, 233, 234, 239, 270, 271, 272, 273, 274, 275, 280, 286, 314, 317, 319, 321, 327, 328, 334, 335, 336], "excluded_lines": []}}}, "app/api/optimization_api.py": {"executed_lines": [1, 11, 12, 14, 15, 17, 18, 19, 26, 27, 32, 33, 34, 35, 36, 39, 40, 41, 42, 45, 46, 47, 48, 53, 54, 59, 60, 61, 75, 76, 81, 84, 85, 86, 119, 120, 125, 126, 127, 131, 132, 137, 138, 139, 143, 144, 149, 150, 151], "summary": {"covered_lines": 48, "num_statements": 66, "percent_covered": 72.72727272727273, "percent_covered_display": "73", "missing_lines": 18, "excluded_lines": 0}, "missing_lines": [63, 64, 65, 72, 89, 90, 91, 99, 100, 101, 103, 104, 109, 110, 112, 128, 140, 152], "excluded_lines": [], "functions": {"get_strategy_params": {"executed_lines": [59, 60, 61], "summary": {"covered_lines": 3, "num_statements": 7, "percent_covered": 42.857142857142854, "percent_covered_display": "43", "missing_lines": 4, "excluded_lines": 0}, "missing_lines": [63, 64, 65, 72], "excluded_lines": []}, "submit_optimization_task": {"executed_lines": [81, 84, 85, 86], "summary": {"covered_lines": 4, "num_statements": 15, "percent_covered": 26.666666666666668, "percent_covered_display": "27", "missing_lines": 11, "excluded_lines": 0}, "missing_lines": [89, 90, 91, 99, 100, 101, 103, 104, 109, 110, 112], "excluded_lines": []}, "get_progress": {"executed_lines": [125, 126, 127], "summary": {"covered_lines": 3, "num_statements": 4, "percent_covered": 75.0, "percent_covered_display": "75", "missing_lines": 1, "excluded_lines": 0}, "missing_lines": [128], "excluded_lines": []}, "get_results": {"executed_lines": [137, 138, 139], "summary": {"covered_lines": 3, "num_statements": 4, "percent_covered": 75.0, "percent_covered_display": "75", "missing_lines": 1, "excluded_lines": 0}, "missing_lines": [140], "excluded_lines": []}, "cancel_task": {"executed_lines": [149, 150, 151], "summary": {"covered_lines": 3, "num_statements": 4, "percent_covered": 75.0, "percent_covered_display": "75", "missing_lines": 1, "excluded_lines": 0}, "missing_lines": [152], "excluded_lines": []}, "": {"executed_lines": [1, 11, 12, 14, 15, 17, 18, 19, 26, 27, 32, 33, 34, 35, 36, 39, 40, 41, 42, 45, 46, 47, 48, 53, 54, 75, 76, 119, 120, 131, 132, 143, 144], "summary": {"covered_lines": 32, "num_statements": 32, "percent_covered": 100.0, "percent_covered_display": "100", "missing_lines": 0, "excluded_lines": 0}, "missing_lines": [], "excluded_lines": []}}, "classes": {"ParamRangeSpec": {"executed_lines": [], "summary": {"covered_lines": 0, "num_statements": 0, "percent_covered": 100.0, "percent_covered_display": "100", "missing_lines": 0, "excluded_lines": 0}, "missing_lines": [], "excluded_lines": []}, "OptimizationSubmitRequest": {"executed_lines": [], "summary": {"covered_lines": 0, "num_statements": 0, "percent_covered": 100.0, "percent_covered_display": "100", "missing_lines": 0, "excluded_lines": 0}, "missing_lines": [], "excluded_lines": []}, "OptimizationSubmitResponse": {"executed_lines": [], "summary": {"covered_lines": 0, "num_statements": 0, "percent_covered": 100.0, "percent_covered_display": "100", "missing_lines": 0, "excluded_lines": 0}, "missing_lines": [], "excluded_lines": []}, "": {"executed_lines": [1, 11, 12, 14, 15, 17, 18, 19, 26, 27, 32, 33, 34, 35, 36, 39, 40, 41, 42, 45, 46, 47, 48, 53, 54, 59, 60, 61, 75, 76, 81, 84, 85, 86, 119, 120, 125, 126, 127, 131, 132, 137, 138, 139, 143, 144, 149, 150, 151], "summary": {"covered_lines": 48, "num_statements": 66, "percent_covered": 72.72727272727273, "percent_covered_display": "73", "missing_lines": 18, "excluded_lines": 0}, "missing_lines": [63, 64, 65, 72, 89, 90, 91, 99, 100, 101, 103, 104, 109, 110, 112, 128, 140, 152], "excluded_lines": []}}}, "app/api/paper_trading.py": {"executed_lines": [1, 6, 7, 8, 9, 11, 22, 23, 25, 28, 29, 34, 35, 41, 48, 51, 52, 59, 64, 67, 68, 74, 75, 76, 91, 92, 98, 99, 100, 109, 110, 128, 135, 136, 146, 147, 148, 149, 150, 151, 152, 154, 159, 162, 163, 169, 170, 171, 187, 188, 194, 195, 196, 205, 206, 215, 216, 217, 218, 219, 221, 226, 229, 230, 236, 237, 238, 256, 257, 267, 268, 269, 270, 271, 272, 273, 275, 280, 285, 286], "summary": {"covered_lines": 79, "num_statements": 112, "percent_covered": 70.53571428571429, "percent_covered_display": "71", "missing_lines": 33, "excluded_lines": 0}, "missing_lines": [82, 83, 88, 104, 132, 177, 178, 179, 184, 200, 244, 245, 246, 251, 305, 306, 309, 310, 311, 312, 313, 315, 318, 320, 322, 335, 336, 342, 343, 344, 345, 346, 347], "excluded_lines": [], "functions": {"get_paper_trading_service": {"executed_lines": [29], "summary": {"covered_lines": 1, "num_statements": 1, "percent_covered": 100.0, "percent_covered_display": "100", "missing_lines": 0, "excluded_lines": 0}, "missing_lines": [], "excluded_lines": []}, "create_paper_account": {"executed_lines": [41, 48], "summary": {"covered_lines": 2, "num_statements": 2, "percent_covered": 100.0, "percent_covered_display": "100", "missing_lines": 0, "excluded_lines": 0}, "missing_lines": [], "excluded_lines": []}, "list_paper_accounts": {"executed_lines": [59, 64], "summary": {"covered_lines": 2, "num_statements": 2, "percent_covered": 100.0, "percent_covered_display": "100", "missing_lines": 0, "excluded_lines": 0}, "missing_lines": [], "excluded_lines": []}, "get_paper_account": {"executed_lines": [74, 75, 76], "summary": {"covered_lines": 3, "num_statements": 6, "percent_covered": 50.0, "percent_covered_display": "50", "missing_lines": 3, "excluded_lines": 0}, "missing_lines": [82, 83, 88], "excluded_lines": []}, "delete_paper_account": {"executed_lines": [98, 99, 100], "summary": {"covered_lines": 3, "num_statements": 4, "percent_covered": 75.0, "percent_covered_display": "75", "missing_lines": 1, "excluded_lines": 0}, "missing_lines": [104], "excluded_lines": []}, "submit_paper_order": {"executed_lines": [128], "summary": {"covered_lines": 1, "num_statements": 2, "percent_covered": 50.0, "percent_covered_display": "50", "missing_lines": 1, "excluded_lines": 0}, "missing_lines": [132], "excluded_lines": []}, "list_paper_orders": {"executed_lines": [146, 147, 148, 149, 150, 151, 152, 154, 159], "summary": {"covered_lines": 9, "num_statements": 9, "percent_covered": 100.0, "percent_covered_display": "100", "missing_lines": 0, "excluded_lines": 0}, "missing_lines": [], "excluded_lines": []}, "get_paper_order": {"executed_lines": [169, 170, 171], "summary": {"covered_lines": 3, "num_statements": 7, "percent_covered": 42.857142857142854, "percent_covered_display": "43", "missing_lines": 4, "excluded_lines": 0}, "missing_lines": [177, 178, 179, 184], "excluded_lines": []}, "cancel_paper_order": {"executed_lines": [194, 195, 196], "summary": {"covered_lines": 3, "num_statements": 4, "percent_covered": 75.0, "percent_covered_display": "75", "missing_lines": 1, "excluded_lines": 0}, "missing_lines": [200], "excluded_lines": []}, "list_paper_positions": {"executed_lines": [215, 216, 217, 218, 219, 221, 226], "summary": {"covered_lines": 7, "num_statements": 7, "percent_covered": 100.0, "percent_covered_display": "100", "missing_lines": 0, "excluded_lines": 0}, "missing_lines": [], "excluded_lines": []}, "get_paper_position": {"executed_lines": [236, 237, 238], "summary": {"covered_lines": 3, "num_statements": 7, "percent_covered": 42.857142857142854, "percent_covered_display": "43", "missing_lines": 4, "excluded_lines": 0}, "missing_lines": [244, 245, 246, 251], "excluded_lines": []}, "list_paper_trades": {"executed_lines": [267, 268, 269, 270, 271, 272, 273, 275, 280], "summary": {"covered_lines": 9, "num_statements": 9, "percent_covered": 100.0, "percent_covered_display": "100", "missing_lines": 0, "excluded_lines": 0}, "missing_lines": [], "excluded_lines": []}, "websocket_account_endpoint": {"executed_lines": [], "summary": {"covered_lines": 0, "num_statements": 19, "percent_covered": 0.0, "percent_covered_display": "0", "missing_lines": 19, "excluded_lines": 0}, "missing_lines": [305, 306, 309, 310, 311, 312, 313, 315, 318, 320, 322, 335, 336, 342, 343, 344, 345, 346, 347], "excluded_lines": []}, "": {"executed_lines": [1, 6, 7, 8, 9, 11, 22, 23, 25, 28, 34, 35, 51, 52, 67, 68, 91, 92, 109, 110, 135, 136, 162, 163, 187, 188, 205, 206, 229, 230, 256, 257, 285, 286], "summary": {"covered_lines": 33, "num_statements": 33, "percent_covered": 100.0, "percent_covered_display": "100", "missing_lines": 0, "excluded_lines": 0}, "missing_lines": [], "excluded_lines": []}}, "classes": {"": {"executed_lines": [1, 6, 7, 8, 9, 11, 22, 23, 25, 28, 29, 34, 35, 41, 48, 51, 52, 59, 64, 67, 68, 74, 75, 76, 91, 92, 98, 99, 100, 109, 110, 128, 135, 136, 146, 147, 148, 149, 150, 151, 152, 154, 159, 162, 163, 169, 170, 171, 187, 188, 194, 195, 196, 205, 206, 215, 216, 217, 218, 219, 221, 226, 229, 230, 236, 237, 238, 256, 257, 267, 268, 269, 270, 271, 272, 273, 275, 280, 285, 286], "summary": {"covered_lines": 79, "num_statements": 112, "percent_covered": 70.53571428571429, "percent_covered_display": "71", "missing_lines": 33, "excluded_lines": 0}, "missing_lines": [82, 83, 88, 104, 132, 177, 178, 179, 184, 200, 244, 245, 246, 251, 305, 306, 309, 310, 311, 312, 313, 315, 318, 320, 322, 335, 336, 342, 343, 344, 345, 346, 347], "excluded_lines": []}}}, "app/api/portfolio_api.py": {"executed_lines": [1, 10, 11, 12, 13, 14, 16, 18, 19, 26, 27, 29, 30, 33, 34, 37, 38, 39, 40, 45, 46, 62, 64, 65, 66, 67, 69, 70, 71, 72, 73, 85, 118, 119, 120, 122, 137, 138, 145, 146, 148, 149, 150, 151, 152, 167, 172, 173, 182, 183, 185, 186, 187, 188, 189, 199, 201, 206, 207, 215, 218, 219, 221, 222, 223, 224, 225, 251, 252, 302, 303, 310, 311, 312, 314, 315, 316, 317, 318, 331, 334], "summary": {"covered_lines": 80, "num_statements": 146, "percent_covered": 54.794520547945204, "percent_covered_display": "55", "missing_lines": 66, "excluded_lines": 0}, "missing_lines": [87, 88, 89, 90, 92, 93, 94, 95, 96, 98, 99, 100, 102, 103, 105, 154, 155, 156, 191, 192, 193, 194, 195, 196, 227, 228, 229, 230, 232, 233, 235, 236, 237, 241, 243, 254, 257, 258, 260, 261, 262, 263, 264, 265, 268, 269, 270, 271, 272, 275, 276, 277, 278, 279, 280, 281, 283, 284, 285, 292, 320, 321, 322, 323, 324, 332], "excluded_lines": [], "functions": {"_get_manager": {"executed_lines": [34], "summary": {"covered_lines": 1, "num_statements": 1, "percent_covered": 100.0, "percent_covered_display": "100", "missing_lines": 0, "excluded_lines": 0}, "missing_lines": [], "excluded_lines": []}, "_safe_round": {"executed_lines": [38, 39, 40], "summary": {"covered_lines": 3, "num_statements": 3, "percent_covered": 100.0, "percent_covered_display": "100", "missing_lines": 0, "excluded_lines": 0}, "missing_lines": [], "excluded_lines": []}, "get_portfolio_overview": {"executed_lines": [62, 64, 65, 66, 67, 69, 70, 71, 72, 73, 85, 118, 119, 120, 122], "summary": {"covered_lines": 15, "num_statements": 30, "percent_covered": 50.0, "percent_covered_display": "50", "missing_lines": 15, "excluded_lines": 0}, "missing_lines": [87, 88, 89, 90, 92, 93, 94, 95, 96, 98, 99, 100, 102, 103, 105], "excluded_lines": []}, "get_portfolio_positions": {"executed_lines": [145, 146, 148, 149, 150, 151, 152, 167], "summary": {"covered_lines": 8, "num_statements": 11, "percent_covered": 72.72727272727273, "percent_covered_display": "73", "missing_lines": 3, "excluded_lines": 0}, "missing_lines": [154, 155, 156], "excluded_lines": []}, "get_portfolio_trades": {"executed_lines": [182, 183, 185, 186, 187, 188, 189, 199, 201], "summary": {"covered_lines": 9, "num_statements": 15, "percent_covered": 60.0, "percent_covered_display": "60", "missing_lines": 6, "excluded_lines": 0}, "missing_lines": [191, 192, 193, 194, 195, 196], "excluded_lines": []}, "get_portfolio_equity": {"executed_lines": [215, 218, 219, 221, 222, 223, 224, 225, 251, 252], "summary": {"covered_lines": 10, "num_statements": 46, "percent_covered": 21.73913043478261, "percent_covered_display": "22", "missing_lines": 36, "excluded_lines": 0}, "missing_lines": [227, 228, 229, 230, 232, 233, 235, 236, 237, 241, 243, 254, 257, 258, 260, 261, 262, 263, 264, 265, 268, 269, 270, 271, 272, 275, 276, 277, 278, 279, 280, 281, 283, 284, 285, 292], "excluded_lines": []}, "get_portfolio_allocation": {"executed_lines": [310, 311, 312, 314, 315, 316, 317, 318, 331, 334], "summary": {"covered_lines": 10, "num_statements": 16, "percent_covered": 62.5, "percent_covered_display": "62", "missing_lines": 6, "excluded_lines": 0}, "missing_lines": [320, 321, 322, 323, 324, 332], "excluded_lines": []}, "": {"executed_lines": [1, 10, 11, 12, 13, 14, 16, 18, 19, 26, 27, 29, 30, 33, 37, 45, 46, 137, 138, 172, 173, 206, 207, 302, 303], "summary": {"covered_lines": 24, "num_statements": 24, "percent_covered": 100.0, "percent_covered_display": "100", "missing_lines": 0, "excluded_lines": 0}, "missing_lines": [], "excluded_lines": []}}, "classes": {"": {"executed_lines": [1, 10, 11, 12, 13, 14, 16, 18, 19, 26, 27, 29, 30, 33, 34, 37, 38, 39, 40, 45, 46, 62, 64, 65, 66, 67, 69, 70, 71, 72, 73, 85, 118, 119, 120, 122, 137, 138, 145, 146, 148, 149, 150, 151, 152, 167, 172, 173, 182, 183, 185, 186, 187, 188, 189, 199, 201, 206, 207, 215, 218, 219, 221, 222, 223, 224, 225, 251, 252, 302, 303, 310, 311, 312, 314, 315, 316, 317, 318, 331, 334], "summary": {"covered_lines": 80, "num_statements": 146, "percent_covered": 54.794520547945204, "percent_covered_display": "55", "missing_lines": 66, "excluded_lines": 0}, "missing_lines": [87, 88, 89, 90, 92, 93, 94, 95, 96, 98, 99, 100, 102, 103, 105, 154, 155, 156, 191, 192, 193, 194, 195, 196, 227, 228, 229, 230, 232, 233, 235, 236, 237, 241, 243, 254, 257, 258, 260, 261, 262, 263, 264, 265, 268, 269, 270, 271, 272, 275, 276, 277, 278, 279, 280, 281, 283, 284, 285, 292, 320, 321, 322, 323, 324, 332], "excluded_lines": []}}}, "app/api/realtime_data.py": {"executed_lines": [1, 6, 7, 8, 9, 11, 20, 21, 22, 24, 26, 29, 30, 35, 36, 48, 54, 62, 63, 75, 81, 91, 92, 105, 107, 108, 111, 112, 113, 116, 117, 130, 131, 133, 141, 142, 161, 164, 165, 166, 167, 168, 173, 182, 192, 193], "summary": {"covered_lines": 45, "num_statements": 54, "percent_covered": 83.33333333333333, "percent_covered_display": "83", "missing_lines": 9, "excluded_lines": 0}, "missing_lines": [226, 229, 231, 233, 240, 241, 250, 251, 252], "excluded_lines": [], "functions": {"get_realtime_data_service": {"executed_lines": [30], "summary": {"covered_lines": 1, "num_statements": 1, "percent_covered": 100.0, "percent_covered_display": "100", "missing_lines": 0, "excluded_lines": 0}, "missing_lines": [], "excluded_lines": []}, "subscribe_realtime_ticks": {"executed_lines": [48, 54], "summary": {"covered_lines": 2, "num_statements": 2, "percent_covered": 100.0, "percent_covered_display": "100", "missing_lines": 0, "excluded_lines": 0}, "missing_lines": [], "excluded_lines": []}, "unsubscribe_realtime_ticks": {"executed_lines": [75, 81], "summary": {"covered_lines": 2, "num_statements": 2, "percent_covered": 100.0, "percent_covered_display": "100", "missing_lines": 0, "excluded_lines": 0}, "missing_lines": [], "excluded_lines": []}, "get_realtime_ticks": {"executed_lines": [105, 107, 108, 111, 112, 113], "summary": {"covered_lines": 6, "num_statements": 6, "percent_covered": 100.0, "percent_covered_display": "100", "missing_lines": 0, "excluded_lines": 0}, "missing_lines": [], "excluded_lines": []}, "get_realtime_ticks_batch": {"executed_lines": [130, 131, 133], "summary": {"covered_lines": 3, "num_statements": 3, "percent_covered": 100.0, "percent_covered_display": "100", "missing_lines": 0, "excluded_lines": 0}, "missing_lines": [], "excluded_lines": []}, "get_historical_ticks": {"executed_lines": [161, 164, 165, 166, 167, 168, 173, 182], "summary": {"covered_lines": 8, "num_statements": 8, "percent_covered": 100.0, "percent_covered_display": "100", "missing_lines": 0, "excluded_lines": 0}, "missing_lines": [], "excluded_lines": []}, "realtime_tick_websocket": {"executed_lines": [], "summary": {"covered_lines": 0, "num_statements": 9, "percent_covered": 0.0, "percent_covered_display": "0", "missing_lines": 9, "excluded_lines": 0}, "missing_lines": [226, 229, 231, 233, 240, 241, 250, 251, 252], "excluded_lines": []}, "": {"executed_lines": [1, 6, 7, 8, 9, 11, 20, 21, 22, 24, 26, 29, 35, 36, 62, 63, 91, 92, 116, 117, 141, 142, 192, 193], "summary": {"covered_lines": 23, "num_statements": 23, "percent_covered": 100.0, "percent_covered_display": "100", "missing_lines": 0, "excluded_lines": 0}, "missing_lines": [], "excluded_lines": []}}, "classes": {"": {"executed_lines": [1, 6, 7, 8, 9, 11, 20, 21, 22, 24, 26, 29, 30, 35, 36, 48, 54, 62, 63, 75, 81, 91, 92, 105, 107, 108, 111, 112, 113, 116, 117, 130, 131, 133, 141, 142, 161, 164, 165, 166, 167, 168, 173, 182, 192, 193], "summary": {"covered_lines": 45, "num_statements": 54, "percent_covered": 83.33333333333333, "percent_covered_display": "83", "missing_lines": 9, "excluded_lines": 0}, "missing_lines": [226, 229, 231, 233, 240, 241, 250, 251, 252], "excluded_lines": []}}}, "app/api/router.py": {"executed_lines": [1, 4, 6, 7, 8, 9, 10, 11, 12, 14, 17, 18, 19, 20, 21, 22, 23, 26, 27, 28, 32, 33, 34, 38, 39, 40, 44, 45, 46, 50, 51, 52, 56, 57, 58, 62, 63, 64, 68, 69, 70], "summary": {"covered_lines": 40, "num_statements": 56, "percent_covered": 71.42857142857143, "percent_covered_display": "71", "missing_lines": 16, "excluded_lines": 0}, "missing_lines": [29, 30, 35, 36, 41, 42, 47, 48, 53, 54, 59, 60, 65, 66, 71, 72], "excluded_lines": [], "functions": {"": {"executed_lines": [1, 4, 6, 7, 8, 9, 10, 11, 12, 14, 17, 18, 19, 20, 21, 22, 23, 26, 27, 28, 32, 33, 34, 38, 39, 40, 44, 45, 46, 50, 51, 52, 56, 57, 58, 62, 63, 64, 68, 69, 70], "summary": {"covered_lines": 40, "num_statements": 56, "percent_covered": 71.42857142857143, "percent_covered_display": "71", "missing_lines": 16, "excluded_lines": 0}, "missing_lines": [29, 30, 35, 36, 41, 42, 47, 48, 53, 54, 59, 60, 65, 66, 71, 72], "excluded_lines": []}}, "classes": {"": {"executed_lines": [1, 4, 6, 7, 8, 9, 10, 11, 12, 14, 17, 18, 19, 20, 21, 22, 23, 26, 27, 28, 32, 33, 34, 38, 39, 40, 44, 45, 46, 50, 51, 52, 56, 57, 58, 62, 63, 64, 68, 69, 70], "summary": {"covered_lines": 40, "num_statements": 56, "percent_covered": 71.42857142857143, "percent_covered_display": "71", "missing_lines": 16, "excluded_lines": 0}, "missing_lines": [29, 30, 35, 36, 41, 42, 47, 48, 53, 54, 59, 60, 65, 66, 71, 72], "excluded_lines": []}}}, "app/api/strategy.py": {"executed_lines": [1, 4, 5, 6, 8, 14, 15, 17, 20, 21, 22, 25, 26, 40, 41, 44, 45, 53, 56, 59, 60, 65, 66, 68, 71, 72, 74, 75, 76, 80, 81, 89, 90, 117, 118, 124, 125, 126, 130, 133, 134, 141, 144, 145, 149, 152, 153, 159, 160, 161, 165], "summary": {"covered_lines": 50, "num_statements": 64, "percent_covered": 78.125, "percent_covered_display": "78", "missing_lines": 14, "excluded_lines": 0}, "missing_lines": [67, 77, 83, 84, 85, 86, 98, 99, 101, 102, 103, 105, 106, 108], "excluded_lines": [], "functions": {"get_strategy_service": {"executed_lines": [22], "summary": {"covered_lines": 1, "num_statements": 1, "percent_covered": 100.0, "percent_covered_display": "100", "missing_lines": 0, "excluded_lines": 0}, "missing_lines": [], "excluded_lines": []}, "create_strategy": {"executed_lines": [40, 41], "summary": {"covered_lines": 2, "num_statements": 2, "percent_covered": 100.0, "percent_covered_display": "100", "missing_lines": 0, "excluded_lines": 0}, "missing_lines": [], "excluded_lines": []}, "list_strategies": {"executed_lines": [53, 56], "summary": {"covered_lines": 2, "num_statements": 2, "percent_covered": 100.0, "percent_covered_display": "100", "missing_lines": 0, "excluded_lines": 0}, "missing_lines": [], "excluded_lines": []}, "get_templates": {"executed_lines": [65, 66, 68], "summary": {"covered_lines": 3, "num_statements": 4, "percent_covered": 75.0, "percent_covered_display": "75", "missing_lines": 1, "excluded_lines": 0}, "missing_lines": [67], "excluded_lines": []}, "get_template_detail": {"executed_lines": [74, 75, 76], "summary": {"covered_lines": 3, "num_statements": 4, "percent_covered": 75.0, "percent_covered_display": "75", "missing_lines": 1, "excluded_lines": 0}, "missing_lines": [77], "excluded_lines": []}, "get_template_readme": {"executed_lines": [], "summary": {"covered_lines": 0, "num_statements": 4, "percent_covered": 0.0, "percent_covered_display": "0", "missing_lines": 4, "excluded_lines": 0}, "missing_lines": [83, 84, 85, 86], "excluded_lines": []}, "get_template_config": {"executed_lines": [], "summary": {"covered_lines": 0, "num_statements": 8, "percent_covered": 0.0, "percent_covered_display": "0", "missing_lines": 8, "excluded_lines": 0}, "missing_lines": [98, 99, 101, 102, 103, 105, 106, 108], "excluded_lines": []}, "get_strategy": {"executed_lines": [124, 125, 126, 130], "summary": {"covered_lines": 4, "num_statements": 4, "percent_covered": 100.0, "percent_covered_display": "100", "missing_lines": 0, "excluded_lines": 0}, "missing_lines": [], "excluded_lines": []}, "update_strategy": {"executed_lines": [141, 144, 145, 149], "summary": {"covered_lines": 4, "num_statements": 4, "percent_covered": 100.0, "percent_covered_display": "100", "missing_lines": 0, "excluded_lines": 0}, "missing_lines": [], "excluded_lines": []}, "delete_strategy": {"executed_lines": [159, 160, 161, 165], "summary": {"covered_lines": 4, "num_statements": 4, "percent_covered": 100.0, "percent_covered_display": "100", "missing_lines": 0, "excluded_lines": 0}, "missing_lines": [], "excluded_lines": []}, "": {"executed_lines": [1, 4, 5, 6, 8, 14, 15, 17, 20, 21, 25, 26, 44, 45, 59, 60, 71, 72, 80, 81, 89, 90, 117, 118, 133, 134, 152, 153], "summary": {"covered_lines": 27, "num_statements": 27, "percent_covered": 100.0, "percent_covered_display": "100", "missing_lines": 0, "excluded_lines": 0}, "missing_lines": [], "excluded_lines": []}}, "classes": {"": {"executed_lines": [1, 4, 5, 6, 8, 14, 15, 17, 20, 21, 22, 25, 26, 40, 41, 44, 45, 53, 56, 59, 60, 65, 66, 68, 71, 72, 74, 75, 76, 80, 81, 89, 90, 117, 118, 124, 125, 126, 130, 133, 134, 141, 144, 145, 149, 152, 153, 159, 160, 161, 165], "summary": {"covered_lines": 50, "num_statements": 64, "percent_covered": 78.125, "percent_covered_display": "78", "missing_lines": 14, "excluded_lines": 0}, "missing_lines": [67, 77, 83, 84, 85, 86, 98, 99, 101, 102, 103, 105, 106, 108], "excluded_lines": []}}}, "app/api/strategy_version.py": {"executed_lines": [1, 6, 7, 8, 9, 10, 12, 24, 25, 26, 28, 30, 33, 39, 40, 81, 82, 112, 113, 137, 138, 169, 170, 191, 192, 215, 216, 251, 252, 292, 293, 328, 329, 360, 361], "summary": {"covered_lines": 34, "num_statements": 75, "percent_covered": 45.333333333333336, "percent_covered_display": "45", "missing_lines": 41, "excluded_lines": 0}, "missing_lines": [34, 58, 71, 78, 100, 109, 119, 121, 122, 128, 129, 134, 154, 160, 161, 166, 180, 182, 183, 188, 202, 204, 205, 210, 230, 239, 246, 267, 275, 282, 314, 352, 398, 401, 403, 405, 412, 413, 419, 420, 421], "excluded_lines": [], "functions": {"get_version_control_service": {"executed_lines": [], "summary": {"covered_lines": 0, "num_statements": 1, "percent_covered": 0.0, "percent_covered_display": "0", "missing_lines": 1, "excluded_lines": 0}, "missing_lines": [34], "excluded_lines": []}, "create_strategy_version": {"executed_lines": [], "summary": {"covered_lines": 0, "num_statements": 3, "percent_covered": 0.0, "percent_covered_display": "0", "missing_lines": 3, "excluded_lines": 0}, "missing_lines": [58, 71, 78], "excluded_lines": []}, "list_strategy_versions": {"executed_lines": [], "summary": {"covered_lines": 0, "num_statements": 2, "percent_covered": 0.0, "percent_covered_display": "0", "missing_lines": 2, "excluded_lines": 0}, "missing_lines": [100, 109], "excluded_lines": []}, "get_strategy_version": {"executed_lines": [], "summary": {"covered_lines": 0, "num_statements": 6, "percent_covered": 0.0, "percent_covered_display": "0", "missing_lines": 6, "excluded_lines": 0}, "missing_lines": [119, 121, 122, 128, 129, 134], "excluded_lines": []}, "update_strategy_version": {"executed_lines": [], "summary": {"covered_lines": 0, "num_statements": 4, "percent_covered": 0.0, "percent_covered_display": "0", "missing_lines": 4, "excluded_lines": 0}, "missing_lines": [154, 160, 161, 166], "excluded_lines": []}, "set_version_default": {"executed_lines": [], "summary": {"covered_lines": 0, "num_statements": 4, "percent_covered": 0.0, "percent_covered_display": "0", "missing_lines": 4, "excluded_lines": 0}, "missing_lines": [180, 182, 183, 188], "excluded_lines": []}, "activate_strategy_version": {"executed_lines": [], "summary": {"covered_lines": 0, "num_statements": 4, "percent_covered": 0.0, "percent_covered_display": "0", "missing_lines": 4, "excluded_lines": 0}, "missing_lines": [202, 204, 205, 210], "excluded_lines": []}, "compare_strategy_versions": {"executed_lines": [], "summary": {"covered_lines": 0, "num_statements": 3, "percent_covered": 0.0, "percent_covered_display": "0", "missing_lines": 3, "excluded_lines": 0}, "missing_lines": [230, 239, 246], "excluded_lines": []}, "rollback_strategy_version": {"executed_lines": [], "summary": {"covered_lines": 0, "num_statements": 3, "percent_covered": 0.0, "percent_covered_display": "0", "missing_lines": 3, "excluded_lines": 0}, "missing_lines": [267, 275, 282], "excluded_lines": []}, "create_strategy_branch": {"executed_lines": [], "summary": {"covered_lines": 0, "num_statements": 1, "percent_covered": 0.0, "percent_covered_display": "0", "missing_lines": 1, "excluded_lines": 0}, "missing_lines": [314], "excluded_lines": []}, "list_strategy_branches": {"executed_lines": [], "summary": {"covered_lines": 0, "num_statements": 1, "percent_covered": 0.0, "percent_covered_display": "0", "missing_lines": 1, "excluded_lines": 0}, "missing_lines": [352], "excluded_lines": []}, "strategy_version_websocket": {"executed_lines": [], "summary": {"covered_lines": 0, "num_statements": 9, "percent_covered": 0.0, "percent_covered_display": "0", "missing_lines": 9, "excluded_lines": 0}, "missing_lines": [398, 401, 403, 405, 412, 413, 419, 420, 421], "excluded_lines": []}, "": {"executed_lines": [1, 6, 7, 8, 9, 10, 12, 24, 25, 26, 28, 30, 33, 39, 40, 81, 82, 112, 113, 137, 138, 169, 170, 191, 192, 215, 216, 251, 252, 292, 293, 328, 329, 360, 361], "summary": {"covered_lines": 34, "num_statements": 34, "percent_covered": 100.0, "percent_covered_display": "100", "missing_lines": 0, "excluded_lines": 0}, "missing_lines": [], "excluded_lines": []}}, "classes": {"": {"executed_lines": [1, 6, 7, 8, 9, 10, 12, 24, 25, 26, 28, 30, 33, 39, 40, 81, 82, 112, 113, 137, 138, 169, 170, 191, 192, 215, 216, 251, 252, 292, 293, 328, 329, 360, 361], "summary": {"covered_lines": 34, "num_statements": 75, "percent_covered": 45.333333333333336, "percent_covered_display": "45", "missing_lines": 41, "excluded_lines": 0}, "missing_lines": [34, 58, 71, 78, 100, 109, 119, 121, 122, 128, 129, 134, 154, 160, 161, 166, 180, 182, 183, 188, 202, 204, 205, 210, 230, 239, 246, 267, 275, 282, 314, 352, 398, 401, 403, 405, 412, 413, 419, 420, 421], "excluded_lines": []}}}, "app/config.py": {"executed_lines": [1, 4, 5, 6, 9, 10, 13, 14, 15, 18, 19, 22, 23, 26, 27, 30, 33, 34, 35, 38, 39, 42, 45, 48, 51, 52, 53, 55, 56, 57, 58, 62, 65, 68, 69, 70], "summary": {"covered_lines": 34, "num_statements": 34, "percent_covered": 100.0, "percent_covered_display": "100", "missing_lines": 0, "excluded_lines": 0}, "missing_lines": [], "excluded_lines": [], "functions": {"get_settings": {"executed_lines": [68, 69, 70], "summary": {"covered_lines": 3, "num_statements": 3, "percent_covered": 100.0, "percent_covered_display": "100", "missing_lines": 0, "excluded_lines": 0}, "missing_lines": [], "excluded_lines": []}, "": {"executed_lines": [1, 4, 5, 6, 9, 10, 13, 14, 15, 18, 19, 22, 23, 26, 27, 30, 33, 34, 35, 38, 39, 42, 45, 48, 51, 52, 53, 55, 56, 57, 58, 62, 65], "summary": {"covered_lines": 31, "num_statements": 31, "percent_covered": 100.0, "percent_covered_display": "100", "missing_lines": 0, "excluded_lines": 0}, "missing_lines": [], "excluded_lines": []}}, "classes": {"Settings": {"executed_lines": [], "summary": {"covered_lines": 0, "num_statements": 0, "percent_covered": 100.0, "percent_covered_display": "100", "missing_lines": 0, "excluded_lines": 0}, "missing_lines": [], "excluded_lines": []}, "Settings.Config": {"executed_lines": [], "summary": {"covered_lines": 0, "num_statements": 0, "percent_covered": 100.0, "percent_covered_display": "100", "missing_lines": 0, "excluded_lines": 0}, "missing_lines": [], "excluded_lines": []}, "": {"executed_lines": [1, 4, 5, 6, 9, 10, 13, 14, 15, 18, 19, 22, 23, 26, 27, 30, 33, 34, 35, 38, 39, 42, 45, 48, 51, 52, 53, 55, 56, 57, 58, 62, 65, 68, 69, 70], "summary": {"covered_lines": 34, "num_statements": 34, "percent_covered": 100.0, "percent_covered_display": "100", "missing_lines": 0, "excluded_lines": 0}, "missing_lines": [], "excluded_lines": []}}}, "app/db/__init__.py": {"executed_lines": [1, 2, 3, 4], "summary": {"covered_lines": 3, "num_statements": 3, "percent_covered": 100.0, "percent_covered_display": "100", "missing_lines": 0, "excluded_lines": 0}, "missing_lines": [], "excluded_lines": [], "functions": {"": {"executed_lines": [1, 2, 3, 4], "summary": {"covered_lines": 3, "num_statements": 3, "percent_covered": 100.0, "percent_covered_display": "100", "missing_lines": 0, "excluded_lines": 0}, "missing_lines": [], "excluded_lines": []}}, "classes": {"": {"executed_lines": [1, 2, 3, 4], "summary": {"covered_lines": 3, "num_statements": 3, "percent_covered": 100.0, "percent_covered_display": "100", "missing_lines": 0, "excluded_lines": 0}, "missing_lines": [], "excluded_lines": []}}}, "app/db/base.py": {"executed_lines": [1, 4, 5, 6, 8, 11, 12, 20, 21, 25, 26, 30, 31, 35, 36, 40, 41, 50, 51], "summary": {"covered_lines": 17, "num_statements": 23, "percent_covered": 73.91304347826087, "percent_covered_display": "74", "missing_lines": 6, "excluded_lines": 0}, "missing_lines": [23, 28, 33, 38, 48, 53], "excluded_lines": [], "functions": {"BaseRepository.create": {"executed_lines": [], "summary": {"covered_lines": 0, "num_statements": 1, "percent_covered": 0.0, "percent_covered_display": "0", "missing_lines": 1, "excluded_lines": 0}, "missing_lines": [23], "excluded_lines": []}, "BaseRepository.get_by_id": {"executed_lines": [], "summary": {"covered_lines": 0, "num_statements": 1, "percent_covered": 0.0, "percent_covered_display": "0", "missing_lines": 1, "excluded_lines": 0}, "missing_lines": [28], "excluded_lines": []}, "BaseRepository.update": {"executed_lines": [], "summary": {"covered_lines": 0, "num_statements": 1, "percent_covered": 0.0, "percent_covered_display": "0", "missing_lines": 1, "excluded_lines": 0}, "missing_lines": [33], "excluded_lines": []}, "BaseRepository.delete": {"executed_lines": [], "summary": {"covered_lines": 0, "num_statements": 1, "percent_covered": 0.0, "percent_covered_display": "0", "missing_lines": 1, "excluded_lines": 0}, "missing_lines": [38], "excluded_lines": []}, "BaseRepository.list": {"executed_lines": [], "summary": {"covered_lines": 0, "num_statements": 1, "percent_covered": 0.0, "percent_covered_display": "0", "missing_lines": 1, "excluded_lines": 0}, "missing_lines": [48], "excluded_lines": []}, "BaseRepository.count": {"executed_lines": [], "summary": {"covered_lines": 0, "num_statements": 1, "percent_covered": 0.0, "percent_covered_display": "0", "missing_lines": 1, "excluded_lines": 0}, "missing_lines": [53], "excluded_lines": []}, "": {"executed_lines": [1, 4, 5, 6, 8, 11, 12, 20, 21, 25, 26, 30, 31, 35, 36, 40, 41, 50, 51], "summary": {"covered_lines": 17, "num_statements": 17, "percent_covered": 100.0, "percent_covered_display": "100", "missing_lines": 0, "excluded_lines": 0}, "missing_lines": [], "excluded_lines": []}}, "classes": {"BaseRepository": {"executed_lines": [], "summary": {"covered_lines": 0, "num_statements": 6, "percent_covered": 0.0, "percent_covered_display": "0", "missing_lines": 6, "excluded_lines": 0}, "missing_lines": [23, 28, 33, 38, 48, 53], "excluded_lines": []}, "": {"executed_lines": [1, 4, 5, 6, 8, 11, 12, 20, 21, 25, 26, 30, 31, 35, 36, 40, 41, 50, 51], "summary": {"covered_lines": 17, "num_statements": 17, "percent_covered": 100.0, "percent_covered_display": "100", "missing_lines": 0, "excluded_lines": 0}, "missing_lines": [], "excluded_lines": []}}}, "app/db/cache.py": {"executed_lines": [1, 4, 5, 6, 8, 11, 12, 17, 19, 21, 22, 24, 25, 26, 27, 29, 31, 33, 34, 39, 41, 42, 43, 44, 46, 48, 50, 52, 55, 56, 61, 65, 72, 80, 84, 90, 93, 97, 98, 99, 102, 104], "summary": {"covered_lines": 39, "num_statements": 52, "percent_covered": 75.0, "percent_covered_display": "75", "missing_lines": 13, "excluded_lines": 0}, "missing_lines": [62, 63, 67, 68, 69, 70, 74, 75, 76, 78, 82, 86, 100], "excluded_lines": [], "functions": {"MemoryCache.get": {"executed_lines": [21, 22, 24, 25, 26, 27, 29], "summary": {"covered_lines": 7, "num_statements": 7, "percent_covered": 100.0, "percent_covered_display": "100", "missing_lines": 0, "excluded_lines": 0}, "missing_lines": [], "excluded_lines": []}, "MemoryCache.set": {"executed_lines": [33, 34], "summary": {"covered_lines": 2, "num_statements": 2, "percent_covered": 100.0, "percent_covered_display": "100", "missing_lines": 0, "excluded_lines": 0}, "missing_lines": [], "excluded_lines": []}, "MemoryCache.delete": {"executed_lines": [41, 42, 43, 44], "summary": {"covered_lines": 4, "num_statements": 4, "percent_covered": 100.0, "percent_covered_display": "100", "missing_lines": 0, "excluded_lines": 0}, "missing_lines": [], "excluded_lines": []}, "MemoryCache.exists": {"executed_lines": [48], "summary": {"covered_lines": 1, "num_statements": 1, "percent_covered": 100.0, "percent_covered_display": "100", "missing_lines": 0, "excluded_lines": 0}, "missing_lines": [], "excluded_lines": []}, "MemoryCache.clear": {"executed_lines": [52], "summary": {"covered_lines": 1, "num_statements": 1, "per
[...]
: 12, "num_statements": 12, "percent_covered": 100.0, "percent_covered_display": "100", "missing_lines": 0, "excluded_lines": 0}, "missing_lines": [], "excluded_lines": []}, "VersionControlService._generate_code_diff": {"executed_lines": [429, 430, 432, 433], "summary": {"covered_lines": 4, "num_statements": 4, "percent_covered": 100.0, "percent_covered_display": "100", "missing_lines": 0, "excluded_lines": 0}, "missing_lines": [], "excluded_lines": []}, "VersionControlService._generate_params_diff": {"executed_lines": [450, 452, 459, 460, 461, 462, 463, 464, 465, 470, 472], "summary": {"covered_lines": 11, "num_statements": 11, "percent_covered": 100.0, "percent_covered_display": "100", "missing_lines": 0, "excluded_lines": 0}, "missing_lines": [], "excluded_lines": []}, "VersionControlService._generate_performance_diff": {"executed_lines": [494], "summary": {"covered_lines": 1, "num_statements": 1, "percent_covered": 100.0, "percent_covered_display": "100", "missing_lines": 0, "excluded_lines": 0}, "missing_lines": [], "excluded_lines": []}, "VersionControlService._to_response": {"executed_lines": [506], "summary": {"covered_lines": 1, "num_statements": 1, "percent_covered": 100.0, "percent_covered_display": "100", "missing_lines": 0, "excluded_lines": 0}, "missing_lines": [], "excluded_lines": []}, "VersionControlService._get_or_create_branch": {"executed_lines": [541, 546, 547, 550, 558, 560], "summary": {"covered_lines": 6, "num_statements": 6, "percent_covered": 100.0, "percent_covered_display": "100", "missing_lines": 0, "excluded_lines": 0}, "missing_lines": [], "excluded_lines": []}, "VersionControlService._update_branch": {"executed_lines": [], "summary": {"covered_lines": 0, "num_statements": 1, "percent_covered": 0.0, "percent_covered_display": "0", "missing_lines": 1, "excluded_lines": 0}, "missing_lines": [574], "excluded_lines": []}, "VersionControlService._get_latest_version": {"executed_lines": [], "summary": {"covered_lines": 0, "num_statements": 2, "percent_covered": 0.0, "percent_covered_display": "0", "missing_lines": 2, "excluded_lines": 0}, "missing_lines": [595, 606], "excluded_lines": []}, "VersionControlService._get_current_version": {"executed_lines": [], "summary": {"covered_lines": 0, "num_statements": 2, "percent_covered": 0.0, "percent_covered_display": "0", "missing_lines": 2, "excluded_lines": 0}, "missing_lines": [621, 629], "excluded_lines": []}, "VersionControlService._get_next_version_number": {"executed_lines": [647, 657, 658, 660], "summary": {"covered_lines": 4, "num_statements": 4, "percent_covered": 100.0, "percent_covered_display": "100", "missing_lines": 0, "excluded_lines": 0}, "missing_lines": [], "excluded_lines": []}, "VersionControlService._unset_default_versions": {"executed_lines": [674, 682], "summary": {"covered_lines": 2, "num_statements": 3, "percent_covered": 66.66666666666667, "percent_covered_display": "67", "missing_lines": 1, "excluded_lines": 0}, "missing_lines": [683], "excluded_lines": []}, "VersionControlService._unset_active_versions": {"executed_lines": [697, 705], "summary": {"covered_lines": 2, "num_statements": 3, "percent_covered": 66.66666666666667, "percent_covered_display": "67", "missing_lines": 1, "excluded_lines": 0}, "missing_lines": [706], "excluded_lines": []}, "": {"executed_lines": [1, 6, 7, 8, 9, 10, 11, 13, 21, 32, 33, 34, 36, 39, 40, 52, 59, 136, 148, 214, 244, 274, 336, 410, 435, 474, 496, 524, 562, 580, 608, 631, 662, 685], "summary": {"covered_lines": 32, "num_statements": 32, "percent_covered": 100.0, "percent_covered_display": "100", "missing_lines": 0, "excluded_lines": 0}, "missing_lines": [], "excluded_lines": []}}, "classes": {"VersionControlService": {"executed_lines": [53, 54, 55, 56, 57, 146, 165, 166, 167, 170, 174, 179, 180, 182, 185, 188, 191, 195, 199, 202, 212, 229, 230, 231, 234, 237, 242, 259, 260, 261, 264, 267, 272, 294, 295, 297, 298, 301, 309, 315, 321, 330, 332, 334, 356, 357, 358, 361, 364, 372, 381, 384, 402, 404, 406, 408, 429, 430, 432, 433, 450, 452, 459, 460, 461, 462, 463, 464, 465, 470, 472, 494, 506, 541, 546, 547, 550, 558, 560, 647, 657, 658, 660, 674, 682, 697, 705], "summary": {"covered_lines": 87, "num_statements": 116, "percent_covered": 75.0, "percent_covered_display": "75", "missing_lines": 29, "excluded_lines": 0}, "missing_lines": [89, 90, 91, 94, 99, 102, 103, 106, 123, 124, 125, 127, 130, 132, 134, 171, 183, 186, 189, 192, 196, 197, 574, 595, 606, 621, 629, 683, 706], "excluded_lines": []}, "": {"executed_lines": [1, 6, 7, 8, 9, 10, 11, 13, 21, 32, 33, 34, 36, 39, 40, 52, 59, 136, 148, 214, 244, 274, 336, 410, 435, 474, 496, 524, 562, 580, 608, 631, 662, 685], "summary": {"covered_lines": 32, "num_statements": 32, "percent_covered": 100.0, "percent_covered_display": "100", "missing_lines": 0, "excluded_lines": 0}, "missing_lines": [], "excluded_lines": []}}}, "app/utils/__init__.py": {"executed_lines": [1], "summary": {"covered_lines": 0, "num_statements": 0, "percent_covered": 100.0, "percent_covered_display": "100", "missing_lines": 0, "excluded_lines": 0}, "missing_lines": [], "excluded_lines": [], "functions": {"": {"executed_lines": [1], "summary": {"covered_lines": 0, "num_statements": 0, "percent_covered": 100.0, "percent_covered_display": "100", "missing_lines": 0, "excluded_lines": 0}, "missing_lines": [], "excluded_lines": []}}, "classes": {"": {"executed_lines": [1], "summary": {"covered_lines": 0, "num_statements": 0, "percent_covered": 100.0, "percent_covered_display": "100", "missing_lines": 0, "excluded_lines": 0}, "missing_lines": [], "excluded_lines": []}}}, "app/utils/logger.py": {"executed_lines": [1, 4, 5, 6, 9, 11, 14, 17, 24, 32, 40], "summary": {"covered_lines": 10, "num_statements": 10, "percent_covered": 100.0, "percent_covered_display": "100", "missing_lines": 0, "excluded_lines": 0}, "missing_lines": [], "excluded_lines": [], "functions": {"setup_logger": {"executed_lines": [11, 14, 17, 24, 32, 40], "summary": {"covered_lines": 6, "num_statements": 6, "percent_covered": 100.0, "percent_covered_display": "100", "missing_lines": 0, "excluded_lines": 0}, "missing_lines": [], "excluded_lines": []}, "": {"executed_lines": [1, 4, 5, 6, 9], "summary": {"covered_lines": 4, "num_statements": 4, "percent_covered": 100.0, "percent_covered_display": "100", "missing_lines": 0, "excluded_lines": 0}, "missing_lines": [], "excluded_lines": []}}, "classes": {"": {"executed_lines": [1, 4, 5, 6, 9, 11, 14, 17, 24, 32, 40], "summary": {"covered_lines": 10, "num_statements": 10, "percent_covered": 100.0, "percent_covered_display": "100", "missing_lines": 0, "excluded_lines": 0}, "missing_lines": [], "excluded_lines": []}}}, "app/utils/sandbox.py": {"executed_lines": [1, 6, 7, 8, 9, 10, 11, 14, 15, 18, 46, 52, 53, 60, 71, 72, 74, 76, 77, 84, 87, 88, 89, 92, 93, 99, 100, 101, 102, 103, 104, 105, 106, 108, 110, 111, 117, 119, 120, 137, 140, 143, 144, 146, 148, 151, 154, 155, 157, 158, 159, 160, 163, 164, 166, 167, 168, 173, 174, 176, 178, 179, 180, 182, 184, 186, 187, 189, 190, 201, 210, 216, 217, 218, 221, 222, 223, 226, 228, 229, 232, 233, 236, 237, 244, 245, 266, 267, 268, 269, 272, 273, 278, 280, 281, 282, 285, 286, 287, 290, 304, 305, 306, 316, 332, 334, 340], "summary": {"covered_lines": 104, "num_statements": 117, "percent_covered": 88.88888888888889, "percent_covered_display": "89", "missing_lines": 13, "excluded_lines": 0}, "missing_lines": [96, 169, 171, 181, 183, 185, 274, 275, 309, 310, 311, 312, 337], "excluded_lines": [], "functions": {"StrategySandbox._create_safe_globals": {"executed_lines": [60, 71, 72, 74], "summary": {"covered_lines": 4, "num_statements": 4, "percent_covered": 100.0, "percent_covered_display": "100", "missing_lines": 0, "excluded_lines": 0}, "missing_lines": [], "excluded_lines": []}, "StrategySandbox._safe_import": {"executed_lines": [84, 87, 88, 89, 92, 93, 99, 100, 101, 102, 103, 104, 105, 106, 108], "summary": {"covered_lines": 15, "num_statements": 16, "percent_covered": 93.75, "percent_covered_display": "94", "missing_lines": 1, "excluded_lines": 0}, "missing_lines": [96], "excluded_lines": []}, "StrategySandbox._safe_print": {"executed_lines": [117], "summary": {"covered_lines": 1, "num_statements": 1, "percent_covered": 100.0, "percent_covered_display": "100", "missing_lines": 0, "excluded_lines": 0}, "missing_lines": [], "excluded_lines": []}, "StrategySandbox.execute_strategy_code": {"executed_lines": [137, 140, 143, 144, 146, 148, 151, 154, 155, 157, 158, 159, 160, 163, 164, 166, 167, 168, 173, 174, 176, 178, 179, 180, 182, 184, 186, 187], "summary": {"covered_lines": 28, "num_statements": 33, "percent_covered": 84.84848484848484, "percent_covered_display": "85", "missing_lines": 5, "excluded_lines": 0}, "missing_lines": [169, 171, 181, 183, 185], "excluded_lines": []}, "StrategySandbox._check_code_safety": {"executed_lines": [201, 210, 216, 217, 218, 221, 222, 223, 226, 228, 229, 232, 233], "summary": {"covered_lines": 13, "num_statements": 13, "percent_covered": 100.0, "percent_covered_display": "100", "missing_lines": 0, "excluded_lines": 0}, "missing_lines": [], "excluded_lines": []}, "DockerSandbox.execute_in_container": {"executed_lines": [266, 267, 268, 269, 272, 273, 278, 280, 281, 282, 285, 286, 287, 290, 304, 305, 306], "summary": {"covered_lines": 17, "num_statements": 23, "percent_covered": 73.91304347826087, "percent_covered_display": "74", "missing_lines": 6, "excluded_lines": 0}, "missing_lines": [274, 275, 309, 310, 311, 312], "excluded_lines": []}, "execute_strategy_safely": {"executed_lines": [332, 334, 340], "summary": {"covered_lines": 3, "num_statements": 4, "percent_covered": 75.0, "percent_covered_display": "75", "missing_lines": 1, "excluded_lines": 0}, "missing_lines": [337], "excluded_lines": []}, "": {"executed_lines": [1, 6, 7, 8, 9, 10, 11, 14, 15, 18, 46, 52, 53, 76, 77, 110, 111, 119, 120, 189, 190, 236, 237, 244, 245, 316], "summary": {"covered_lines": 23, "num_statements": 23, "percent_covered": 100.0, "percent_covered_display": "100", "missing_lines": 0, "excluded_lines": 0}, "missing_lines": [], "excluded_lines": []}}, "classes": {"StrategySandbox": {"executed_lines": [60, 71, 72, 74, 84, 87, 88, 89, 92, 93, 99, 100, 101, 102, 103, 104, 105, 106, 108, 117, 137, 140, 143, 144, 146, 148, 151, 154, 155, 157, 158, 159, 160, 163, 164, 166, 167, 168, 173, 174, 176, 178, 179, 180, 182, 184, 186, 187, 201, 210, 216, 217, 218, 221, 222, 223, 226, 228, 229, 232, 233], "summary": {"covered_lines": 61, "num_statements": 67, "percent_covered": 91.04477611940298, "percent_covered_display": "91", "missing_lines": 6, "excluded_lines": 0}, "missing_lines": [96, 169, 171, 181, 183, 185], "excluded_lines": []}, "DockerSandbox": {"executed_lines": [266, 267, 268, 269, 272, 273, 278, 280, 281, 282, 285, 286, 287, 290, 304, 305, 306], "summary": {"covered_lines": 17, "num_statements": 23, "percent_covered": 73.91304347826087, "percent_covered_display": "74", "missing_lines": 6, "excluded_lines": 0}, "missing_lines": [274, 275, 309, 310, 311, 312], "excluded_lines": []}, "": {"executed_lines": [1, 6, 7, 8, 9, 10, 11, 14, 15, 18, 46, 52, 53, 76, 77, 110, 111, 119, 120, 189, 190, 236, 237, 244, 245, 316, 332, 334, 340], "summary": {"covered_lines": 26, "num_statements": 27, "percent_covered": 96.29629629629629, "percent_covered_display": "96", "missing_lines": 1, "excluded_lines": 0}, "missing_lines": [337], "excluded_lines": []}}}, "app/utils/security.py": {"executed_lines": [1, 4, 5, 6, 7, 9, 11, 14, 16, 22, 24, 25, 26, 29, 31, 32, 33, 35, 36, 37, 42, 45, 47, 48, 53, 54, 55], "summary": {"covered_lines": 26, "num_statements": 26, "percent_covered": 100.0, "percent_covered_display": "100", "missing_lines": 0, "excluded_lines": 0}, "missing_lines": [], "excluded_lines": [], "functions": {"verify_password": {"executed_lines": [16], "summary": {"covered_lines": 1, "num_statements": 1, "percent_covered": 100.0, "percent_covered_display": "100", "missing_lines": 0, "excluded_lines": 0}, "missing_lines": [], "excluded_lines": []}, "get_password_hash": {"executed_lines": [24, 25, 26], "summary": {"covered_lines": 3, "num_statements": 3, "percent_covered": 100.0, "percent_covered_display": "100", "missing_lines": 0, "excluded_lines": 0}, "missing_lines": [], "excluded_lines": []}, "create_access_token": {"executed_lines": [31, 32, 33, 35, 36, 37, 42], "summary": {"covered_lines": 7, "num_statements": 7, "percent_covered": 100.0, "percent_covered_display": "100", "missing_lines": 0, "excluded_lines": 0}, "missing_lines": [], "excluded_lines": []}, "decode_access_token": {"executed_lines": [47, 48, 53, 54, 55], "summary": {"covered_lines": 5, "num_statements": 5, "percent_covered": 100.0, "percent_covered_display": "100", "missing_lines": 0, "excluded_lines": 0}, "missing_lines": [], "excluded_lines": []}, "": {"executed_lines": [1, 4, 5, 6, 7, 9, 11, 14, 22, 29, 45], "summary": {"covered_lines": 10, "num_statements": 10, "percent_covered": 100.0, "percent_covered_display": "100", "missing_lines": 0, "excluded_lines": 0}, "missing_lines": [], "excluded_lines": []}}, "classes": {"": {"executed_lines": [1, 4, 5, 6, 7, 9, 11, 14, 16, 22, 24, 25, 26, 29, 31, 32, 33, 35, 36, 37, 42, 45, 47, 48, 53, 54, 55], "summary": {"covered_lines": 26, "num_statements": 26, "percent_covered": 100.0, "percent_covered_display": "100", "missing_lines": 0, "excluded_lines": 0}, "missing_lines": [], "excluded_lines": []}}}, "app/websocket_manager.py": {"executed_lines": [1, 6, 7, 8, 9, 11, 13, 16, 17, 19, 22, 24, 33, 36, 37, 39, 42, 48, 50, 59, 61, 67, 68, 70, 72, 80, 81, 82, 85, 86, 88, 89, 90, 91, 92, 93, 96, 97, 99, 101, 108, 109, 110, 111, 116, 126, 128, 135, 139, 143, 144, 145, 146, 147, 148, 149, 150, 153, 154, 156, 163, 164, 165, 166, 167, 169, 171, 180, 181, 183, 188, 189, 190, 192, 194, 201, 202, 204, 211, 212, 213, 214, 215, 217, 219], "summary": {"covered_lines": 79, "num_statements": 82, "percent_covered": 96.34146341463415, "percent_covered_display": "96", "missing_lines": 3, "excluded_lines": 0}, "missing_lines": [112, 113, 114], "excluded_lines": [], "functions": {"ConnectionManager.__init__": {"executed_lines": [22], "summary": {"covered_lines": 1, "num_statements": 1, "percent_covered": 100.0, "percent_covered_display": "100", "missing_lines": 0, "excluded_lines": 0}, "missing_lines": [], "excluded_lines": []}, "ConnectionManager.connect": {"executed_lines": [33, 36, 37, 39, 42, 48], "summary": {"covered_lines": 6, "num_statements": 6, "percent_covered": 100.0, "percent_covered_display": "100", "missing_lines": 0, "excluded_lines": 0}, "missing_lines": [], "excluded_lines": []}, "ConnectionManager.disconnect": {"executed_lines": [59, 61, 67, 68, 70], "summary": {"covered_lines": 5, "num_statements": 5, "percent_covered": 100.0, "percent_covered_display": "100", "missing_lines": 0, "excluded_lines": 0}, "missing_lines": [], "excluded_lines": []}, "ConnectionManager.send_to_task": {"executed_lines": [80, 81, 82, 85, 86, 88, 89, 90, 91, 92, 93, 96, 97, 99], "summary": {"covered_lines": 14, "num_statements": 14, "percent_covered": 100.0, "percent_covered_display": "100", "missing_lines": 0, "excluded_lines": 0}, "missing_lines": [], "excluded_lines": []}, "ConnectionManager.broadcast": {"executed_lines": [108, 109, 110, 111], "summary": {"covered_lines": 4, "num_statements": 7, "percent_covered": 57.142857142857146, "percent_covered_display": "57", "missing_lines": 3, "excluded_lines": 0}, "missing_lines": [112, 113, 114], "excluded_lines": []}, "ConnectionManager.get_connection_count": {"executed_lines": [126], "summary": {"covered_lines": 1, "num_statements": 1, "percent_covered": 100.0, "percent_covered_display": "100", "missing_lines": 0, "excluded_lines": 0}, "missing_lines": [], "excluded_lines": []}, "ConnectionManager.get_total_connections": {"executed_lines": [135], "summary": {"covered_lines": 1, "num_statements": 1, "percent_covered": 100.0, "percent_covered_display": "100", "missing_lines": 0, "excluded_lines": 0}, "missing_lines": [], "excluded_lines": []}, "ProgressMessage.__init__": {"executed_lines": [163, 164, 165, 166, 167], "summary": {"covered_lines": 5, "num_statements": 5, "percent_covered": 100.0, "percent_covered_display": "100", "missing_lines": 0, "excluded_lines": 0}, "missing_lines": [], "excluded_lines": []}, "ProgressMessage.to_dict": {"executed_lines": [171], "summary": {"covered_lines": 1, "num_statements": 1, "percent_covered": 100.0, "percent_covered_display": "100", "missing_lines": 0, "excluded_lines": 0}, "missing_lines": [], "excluded_lines": []}, "ResultMessage.__init__": {"executed_lines": [188, 189, 190], "summary": {"covered_lines": 3, "num_statements": 3, "percent_covered": 100.0, "percent_covered_display": "100", "missing_lines": 0, "excluded_lines": 0}, "missing_lines": [], "excluded_lines": []}, "ResultMessage.to_dict": {"executed_lines": [194], "summary": {"covered_lines": 1, "num_statements": 1, "percent_covered": 100.0, "percent_covered_display": "100", "missing_lines": 0, "excluded_lines": 0}, "missing_lines": [], "excluded_lines": []}, "LogMessage.__init__": {"executed_lines": [211, 212, 213, 214, 215], "summary": {"covered_lines": 5, "num_statements": 5, "percent_covered": 100.0, "percent_covered_display": "100", "missing_lines": 0, "excluded_lines": 0}, "missing_lines": [], "excluded_lines": []}, "LogMessage.to_dict": {"executed_lines": [219], "summary": {"covered_lines": 1, "num_statements": 1, "percent_covered": 100.0, "percent_covered_display": "100", "missing_lines": 0, "excluded_lines": 0}, "missing_lines": [], "excluded_lines": []}, "": {"executed_lines": [1, 6, 7, 8, 9, 11, 13, 16, 17, 19, 24, 50, 72, 101, 116, 128, 139, 143, 144, 145, 146, 147, 148, 149, 150, 153, 154, 156, 169, 180, 181, 183, 192, 201, 202, 204, 217], "summary": {"covered_lines": 31, "num_statements": 31, "percent_covered": 100.0, "percent_covered_display": "100", "missing_lines": 0, "excluded_lines": 0}, "missing_lines": [], "excluded_lines": []}}, "classes": {"ConnectionManager": {"executed_lines": [22, 33, 36, 37, 39, 42, 48, 59, 61, 67, 68, 70, 80, 81, 82, 85, 86, 88, 89, 90, 91, 92, 93, 96, 97, 99, 108, 109, 110, 111, 126, 135], "summary": {"covered_lines": 32, "num_statements": 35, "percent_covered": 91.42857142857143, "percent_covered_display": "91", "missing_lines": 3, "excluded_lines": 0}, "missing_lines": [112, 113, 114], "excluded_lines": []}, "MessageType": {"executed_lines": [], "summary": {"covered_lines": 0, "num_statements": 0, "percent_covered": 100.0, "percent_covered_display": "100", "missing_lines": 0, "excluded_lines": 0}, "missing_lines": [], "excluded_lines": []}, "ProgressMessage": {"executed_lines": [163, 164, 165, 166, 167, 171], "summary": {"covered_lines": 6, "num_statements": 6, "percent_covered": 100.0, "percent_covered_display": "100", "missing_lines": 0, "excluded_lines": 0}, "missing_lines": [], "excluded_lines": []}, "ResultMessage": {"executed_lines": [188, 189, 190, 194], "summary": {"covered_lines": 4, "num_statements": 4, "percent_covered": 100.0, "percent_covered_display": "100", "missing_lines": 0, "excluded_lines": 0}, "missing_lines": [], "excluded_lines": []}, "LogMessage": {"executed_lines": [211, 212, 213, 214, 215, 219], "summary": {"covered_lines": 6, "num_statements": 6, "percent_covered": 100.0, "percent_covered_display": "100", "missing_lines": 0, "excluded_lines": 0}, "missing_lines": [], "excluded_lines": []}, "": {"executed_lines": [1, 6, 7, 8, 9, 11, 13, 16, 17, 19, 24, 50, 72, 101, 116, 128, 139, 143, 144, 145, 146, 147, 148, 149, 150, 153, 154, 156, 169, 180, 181, 183, 192, 201, 202, 204, 217], "summary": {"covered_lines": 31, "num_statements": 31, "percent_covered": 100.0, "percent_covered_display": "100", "missing_lines": 0, "excluded_lines": 0}, "missing_lines": [], "excluded_lines": []}}}}, "totals": {"covered_lines": 4674, "num_statements": 5479, "percent_covered": 85.30753787187443, "percent_covered_display": "85", "missing_lines": 805, "excluded_lines": 0}}