{"/Users/yunjinqi/Documents/量化交易框架/backtrader_web/src/frontend/src/App.vue": {"path":"/Users/yunjinqi/Documents/量化交易框架/backtrader_web/src/frontend/src/App.vue","all":false,"statementMap":{"0":{"start":{"line":1,"column":0},"end":{"line":1,"column":10}},"1":{"start":{"line":2,"column":0},"end":{"line":2,"column":37}},"2":{"start":{"line":3,"column":0},"end":{"line":3,"column":19}},"3":{"start":{"line":4,"column":0},"end":{"line":4,"column":23}},"4":{"start":{"line":5,"column":0},"end":{"line":5,"column":11}},"5":{"start":{"line":6,"column":0},"end":{"line":6,"column":0}},"6":{"start":{"line":7,"column":0},"end":{"line":7,"column":24}},"7":{"start":{"line":8,"column":0},"end":{"line":8,"column":53}},"8":{"start":{"line":9,"column":0},"end":{"line":9,"column":9}},"9":{"start":{"line":10,"column":0},"end":{"line":10,"column":0}},"10":{"start":{"line":11,"column":0},"end":{"line":11,"column":7}},"11":{"start":{"line":12,"column":0},"end":{"line":12,"column":6}},"12":{"start":{"line":13,"column":0},"end":{"line":13,"column":14}},"13":{"start":{"line":14,"column":0},"end":{"line":14,"column":20}},"14":{"start":{"line":15,"column":0},"end":{"line":15,"column":1}},"15":{"start":{"line":16,"column":0},"end":{"line":16,"column":8}}},"s":{"0":1,"1":1,"2":1,"3":1,"4":1,"5":1,"6":1,"7":1,"8":1,"9":1,"10":1,"11":1,"12":1,"13":1,"14":1,"15":1},"branchMap":{"0":{"type":"branch","line":3,"loc":{"start":{"line":3,"column":4},"end":{"line":3,"column":19}},"locations":[{"start":{"line":3,"column":4},"end":{"line":3,"column":19}}]}},"b":{"0":[1]},"fnMap":{},"f":{}}
,"/Users/yunjinqi/Documents/量化交易框架/backtrader_web/src/frontend/src/api/analytics.ts": {"path":"/Users/yunjinqi/Documents/量化交易框架/backtrader_web/src/frontend/src/api/analytics.ts","all":false,"statementMap":{"0":{"start":{"line":1,"column":0},"end":{"line":1,"column":3}},"1":{"start":{"line":2,"column":0},"end":{"line":2,"column":10}},"2":{"start":{"line":3,"column":0},"end":{"line":3,"column":3}},"3":{"start":{"line":4,"column":0},"end":{"line":4,"column":29}},"4":{"start":{"line":5,"column":0},"end":{"line":5,"column":13}},"5":{"start":{"line":6,"column":0},"end":{"line":6,"column":25}},"6":{"start":{"line":7,"column":0},"end":{"line":7,"column":27}},"7":{"start":{"line":8,"column":0},"end":{"line":8,"column":25}},"8":{"start":{"line":9,"column":0},"end":{"line":9,"column":26}},"9":{"start":{"line":10,"column":0},"end":{"line":10,"column":0}},"10":{"start":{"line":11,"column":0},"end":{"line":11,"column":29}},"11":{"start":{"line":12,"column":0},"end":{"line":12,"column":5}},"12":{"start":{"line":13,"column":0},"end":{"line":13,"column":11}},"13":{"start":{"line":14,"column":0},"end":{"line":14,"column":5}},"14":{"start":{"line":15,"column":0},"end":{"line":15,"column":70}},"15":{"start":{"line":16,"column":0},"end":{"line":16,"column":53}},"16":{"start":{"line":17,"column":0},"end":{"line":17,"column":4}},"17":{"start":{"line":18,"column":0},"end":{"line":18,"column":0}},"18":{"start":{"line":19,"column":0},"end":{"line":19,"column":5}},"19":{"start":{"line":20,"column":0},"end":{"line":20,"column":14}},"20":{"start":{"line":21,"column":0},"end":{"line":21,"column":5}},"21":{"start":{"line":22,"column":0},"end":{"line":22,"column":22}},"22":{"start":{"line":23,"column":0},"end":{"line":23,"column":19}},"23":{"start":{"line":24,"column":0},"end":{"line":24,"column":23}},"24":{"start":{"line":25,"column":0},"end":{"line":25,"column":20}},"25":{"start":{"line":26,"column":0},"end":{"line":26,"column":40}},"26":{"start":{"line":27,"column":0},"end":{"line":27,"column":45}},"27":{"start":{"line":28,"column":0},"end":{"line":28,"column":48}},"28":{"start":{"line":29,"column":0},"end":{"line":29,"column":42}},"29":{"start":{"line":30,"column":0},"end":{"line":30,"column":64}},"30":{"start":{"line":31,"column":0},"end":{"line":31,"column":4}},"31":{"start":{"line":32,"column":0},"end":{"line":32,"column":0}},"32":{"start":{"line":33,"column":0},"end":{"line":33,"column":5}},"33":{"start":{"line":34,"column":0},"end":{"line":34,"column":11}},"34":{"start":{"line":35,"column":0},"end":{"line":35,"column":5}},"35":{"start":{"line":36,"column":0},"end":{"line":36,"column":70}},"36":{"start":{"line":37,"column":0},"end":{"line":37,"column":62}},"37":{"start":{"line":38,"column":0},"end":{"line":38,"column":4}},"38":{"start":{"line":39,"column":0},"end":{"line":39,"column":0}},"39":{"start":{"line":40,"column":0},"end":{"line":40,"column":5}},"40":{"start":{"line":41,"column":0},"end":{"line":41,"column":11}},"41":{"start":{"line":42,"column":0},"end":{"line":42,"column":5}},"42":{"start":{"line":43,"column":0},"end":{"line":43,"column":86}},"43":{"start":{"line":44,"column":0},"end":{"line":44,"column":71}},"44":{"start":{"line":45,"column":0},"end":{"line":45,"column":25}},"45":{"start":{"line":46,"column":0},"end":{"line":46,"column":27}},"46":{"start":{"line":47,"column":0},"end":{"line":47,"column":6}},"47":{"start":{"line":48,"column":0},"end":{"line":48,"column":44}},"48":{"start":{"line":49,"column":0},"end":{"line":49,"column":44}},"49":{"start":{"line":50,"column":0},"end":{"line":50,"column":41}},"50":{"start":{"line":51,"column":0},"end":{"line":51,"column":50}},"51":{"start":{"line":52,"column":0},"end":{"line":52,"column":16}},"52":{"start":{"line":53,"column":0},"end":{"line":53,"column":34}},"53":{"start":{"line":54,"column":0},"end":{"line":54,"column":4}},"54":{"start":{"line":55,"column":0},"end":{"line":55,"column":1}}},"s":{"0":1,"1":1,"2":1,"3":1,"4":1,"5":1,"6":1,"7":1,"8":1,"9":1,"10":1,"11":1,"12":1,"13":1,"14":1,"15":1,"16":1,"17":1,"18":1,"19":1,"20":1,"21":1,"22":2,"23":2,"24":2,"25":2,"26":2,"27":2,"28":2,"29":2,"30":2,"31":1,"32":1,"33":1,"34":1,"35":1,"36":1,"37":1,"38":1,"39":1,"40":1,"41":1,"42":1,"43":2,"44":2,"45":2,"46":2,"47":2,"48":2,"49":2,"50":2,"51":2,"52":2,"53":2,"54":1},"branchMap":{"0":{"type":"branch","line":15,"loc":{"start":{"line":15,"column":2},"end":{"line":17,"column":4}},"locations":[{"start":{"line":15,"column":2},"end":{"line":17,"column":4}}]},"1":{"type":"branch","line":22,"loc":{"start":{"line":22,"column":2},"end":{"line":31,"column":4}},"locations":[{"start":{"line":22,"column":2},"end":{"line":31,"column":4}}]},"2":{"type":"branch","line":28,"loc":{"start":{"line":28,"column":19},"end":{"line":28,"column":48}},"locations":[{"start":{"line":28,"column":19},"end":{"line":28,"column":48}}]},"3":{"type":"branch","line":29,"loc":{"start":{"line":29,"column":17},"end":{"line":29,"column":42}},"locations":[{"start":{"line":29,"column":17},"end":{"line":29,"column":42}}]},"4":{"type":"branch","line":36,"loc":{"start":{"line":36,"column":2},"end":{"line":38,"column":4}},"locations":[{"start":{"line":36,"column":2},"end":{"line":38,"column":4}}]},"5":{"type":"branch","line":43,"loc":{"start":{"line":43,"column":2},"end":{"line":54,"column":4}},"locations":[{"start":{"line":43,"column":2},"end":{"line":54,"column":4}}]}},"b":{"0":[1],"1":[2],"2":[1],"3":[1],"4":[1],"5":[2]},"fnMap":{"0":{"name":"getBacktestDetail","decl":{"start":{"line":15,"column":2},"end":{"line":17,"column":4}},"loc":{"start":{"line":15,"column":2},"end":{"line":17,"column":4}},"line":15},"1":{"name":"getKlineWithSignals","decl":{"start":{"line":22,"column":2},"end":{"line":31,"column":4}},"loc":{"start":{"line":22,"column":2},"end":{"line":31,"column":4}},"line":22},"2":{"name":"getMonthlyReturns","decl":{"start":{"line":36,"column":2},"end":{"line":38,"column":4}},"loc":{"start":{"line":36,"column":2},"end":{"line":38,"column":4}},"line":36},"3":{"name":"exportResults","decl":{"start":{"line":43,"column":2},"end":{"line":54,"column":4}},"loc":{"start":{"line":43,"column":2},"end":{"line":54,"column":4}},"line":43}},"f":{"0":1,"1":2,"2":1,"3":2}}
,"/Users/yunjinqi/Documents/量化交易框架/backtrader_web/src/frontend/src/api/auth.ts": {"path":"/Users/yunjinqi/Documents/量化交易框架/backtrader_web/src/frontend/src/api/auth.ts","all":false,"statementMap":{"0":{"start":{"line":1,"column":0},"end":{"line":1,"column":25}},"1":{"start":{"line":2,"column":0},"end":{"line":2,"column":77}},"2":{"start":{"line":3,"column":0},"end":{"line":3,"column":0}},"3":{"start":{"line":4,"column":0},"end":{"line":4,"column":24}},"4":{"start":{"line":5,"column":0},"end":{"line":5,"column":51}},"5":{"start":{"line":6,"column":0},"end":{"line":6,"column":40}},"6":{"start":{"line":7,"column":0},"end":{"line":7,"column":4}},"7":{"start":{"line":8,"column":0},"end":{"line":8,"column":0}},"8":{"start":{"line":9,"column":0},"end":{"line":9,"column":60}},"9":{"start":{"line":10,"column":0},"end":{"line":10,"column":43}},"10":{"start":{"line":11,"column":0},"end":{"line":11,"column":4}},"11":{"start":{"line":12,"column":0},"end":{"line":12,"column":0}},"12":{"start":{"line":13,"column":0},"end":{"line":13,"column":36}},"13":{"start":{"line":14,"column":0},"end":{"line":14,"column":30}},"14":{"start":{"line":15,"column":0},"end":{"line":15,"column":4}},"15":{"start":{"line":16,"column":0},"end":{"line":16,"column":1}}},"s":{"0":1,"1":1,"2":1,"3":1,"4":1,"5":1,"6":1,"7":1,"8":1,"9":1,"10":1,"11":1,"12":1,"13":1,"14":1,"15":1},"branchMap":{"0":{"type":"branch","line":5,"loc":{"start":{"line":5,"column":2},"end":{"line":7,"column":4}},"locations":[{"start":{"line":5,"column":2},"end":{"line":7,"column":4}}]},"1":{"type":"branch","line":9,"loc":{"start":{"line":9,"column":2},"end":{"line":11,"column":4}},"locations":[{"start":{"line":9,"column":2},"end":{"line":11,"column":4}}]},"2":{"type":"branch","line":13,"loc":{"start":{"line":13,"column":2},"end":{"line":15,"column":4}},"locations":[{"start":{"line":13,"column":2},"end":{"line":15,"column":4}}]}},"b":{"0":[1],"1":[1],"2":[1]},"fnMap":{"0":{"name":"login","decl":{"start":{"line":5,"column":2},"end":{"line":7,"column":4}},"loc":{"start":{"line":5,"column":2},"end":{"line":7,"column":4}},"line":5},"1":{"name":"register","decl":{"start":{"line":9,"column":2},"end":{"line":11,"column":4}},"loc":{"start":{"line":9,"column":2},"end":{"line":11,"column":4}},"line":9},"2":{"name":"getMe","decl":{"start":{"line":13,"column":2},"end":{"line":15,"column":4}},"loc":{"start":{"line":13,"column":2},"end":{"line":15,"column":4}},"line":13}},"f":{"0":1,"1":1,"2":1}}
,"/Users/yunjinqi/Documents/量化交易框架/backtrader_web/src/frontend/src/api/backtest.ts": {"path":"/Users/yunjinqi/Documents/量化交易框架/backtrader_web/src/frontend/src/api/backtest.ts","all":false,"statementMap":{"0":{"start":{"line":1,"column":0},"end":{"line":1,"column":25}},"1":{"start":{"line":2,"column":0},"end":{"line":2,"column":13}},"2":{"start":{"line":3,"column":0},"end":{"line":3,"column":18}},"3":{"start":{"line":4,"column":0},"end":{"line":4,"column":19}},"4":{"start":{"line":5,"column":0},"end":{"line":5,"column":17}},"5":{"start":{"line":6,"column":0},"end":{"line":6,"column":23}},"6":{"start":{"line":7,"column":0},"end":{"line":7,"column":16}},"7":{"start":{"line":8,"column":0},"end":{"line":8,"column":0}},"8":{"start":{"line":9,"column":0},"end":{"line":9,"column":28}},"9":{"start":{"line":10,"column":0},"end":{"line":10,"column":63}},"10":{"start":{"line":11,"column":0},"end":{"line":11,"column":42}},"11":{"start":{"line":12,"column":0},"end":{"line":12,"column":4}},"12":{"start":{"line":13,"column":0},"end":{"line":13,"column":0}},"13":{"start":{"line":14,"column":0},"end":{"line":14,"column":60}},"14":{"start":{"line":15,"column":0},"end":{"line":15,"column":41}},"15":{"start":{"line":16,"column":0},"end":{"line":16,"column":4}},"16":{"start":{"line":17,"column":0},"end":{"line":17,"column":0}},"17":{"start":{"line":18,"column":0},"end":{"line":18,"column":81}},"18":{"start":{"line":19,"column":0},"end":{"line":19,"column":48}},"19":{"start":{"line":20,"column":0},"end":{"line":20,"column":4}},"20":{"start":{"line":21,"column":0},"end":{"line":21,"column":0}},"21":{"start":{"line":22,"column":0},"end":{"line":22,"column":69}},"22":{"start":{"line":23,"column":0},"end":{"line":23,"column":63}},"23":{"start":{"line":24,"column":0},"end":{"line":24,"column":4}},"24":{"start":{"line":25,"column":0},"end":{"line":25,"column":0}},"25":{"start":{"line":26,"column":0},"end":{"line":26,"column":47}},"26":{"start":{"line":27,"column":0},"end":{"line":27,"column":49}},"27":{"start":{"line":28,"column":0},"end":{"line":28,"column":4}},"28":{"start":{"line":29,"column":0},"end":{"line":29,"column":0}},"29":{"start":{"line":30,"column":0},"end":{"line":30,"column":47}},"30":{"start":{"line":31,"column":0},"end":{"line":31,"column":44}},"31":{"start":{"line":32,"column":0},"end":{"line":32,"column":4}},"32":{"start":{"line":33,"column":0},"end":{"line":33,"column":1}}},"s":{"0":1,"1":1,"2":1,"3":1,"4":1,"5":1,"6":1,"7":1,"8":1,"9":1,"10":1,"11":1,"12":1,"13":1,"14":1,"15":1,"16":1,"17":1,"18":1,"19":1,"20":1,"21":1,"22":2,"23":2,"24":1,"25":1,"26":1,"27":1,"28":1,"29":1,"30":1,"31":1,"32":1},"branchMap":{"0":{"type":"branch","line":10,"loc":{"start":{"line":10,"column":2},"end":{"line":12,"column":4}},"locations":[{"start":{"line":10,"column":2},"end":{"line":12,"column":4}}]},"1":{"type":"branch","line":14,"loc":{"start":{"line":14,"column":2},"end":{"line":16,"column":4}},"locations":[{"start":{"line":14,"column":2},"end":{"line":16,"column":4}}]},"2":{"type":"branch","line":18,"loc":{"start":{"line":18,"column":2},"end":{"line":20,"column":4}},"locations":[{"start":{"line":18,"column":2},"end":{"line":20,"column":4}}]},"3":{"type":"branch","line":22,"loc":{"start":{"line":22,"column":2},"end":{"line":24,"column":4}},"locations":[{"start":{"line":22,"column":2},"end":{"line":24,"column":4}}]},"4":{"type":"branch","line":26,"loc":{"start":{"line":26,"column":2},"end":{"line":28,"column":4}},"locations":[{"start":{"line":26,"column":2},"end":{"line":28,"column":4}}]},"5":{"type":"branch","line":30,"loc":{"start":{"line":30,"column":2},"end":{"line":32,"column":4}},"locations":[{"start":{"line":30,"column":2},"end":{"line":32,"column":4}}]}},"b":{"0":[1],"1":[1],"2":[1],"3":[2],"4":[1],"5":[1]},"fnMap":{"0":{"name":"run","decl":{"start":{"line":10,"column":2},"end":{"line":12,"column":4}},"loc":{"start":{"line":10,"column":2},"end":{"line":12,"column":4}},"line":10},"1":{"name":"getResult","decl":{"start":{"line":14,"column":2},"end":{"line":16,"column":4}},"loc":{"start":{"line":14,"column":2},"end":{"line":16,"column":4}},"line":14},"2":{"name":"getStatus","decl":{"start":{"line":18,"column":2},"end":{"line":20,"column":4}},"loc":{"start":{"line":18,"column":2},"end":{"line":20,"column":4}},"line":18},"3":{"name":"list","decl":{"start":{"line":22,"column":2},"end":{"line":24,"column":4}},"loc":{"start":{"line":22,"column":2},"end":{"line":24,"column":4}},"line":22},"4":{"name":"cancel","decl":{"start":{"line":26,"column":2},"end":{"line":28,"column":4}},"loc":{"start":{"line":26,"column":2},"end":{"line":28,"column":4}},"line":26},"5":{"name":"delete","decl":{"start":{"line":30,"column":2},"end":{"line":32,"column":4}},"loc":{"start":{"line":30,"column":2},"end":{"line":32,"column":4}},"line":30}},"f":{"0":1,"1":1,"2":1,"3":2,"4":1,"5":1}}
,"/Users/yunjinqi/Documents/量化交易框架/backtrader_web/src/frontend/src/api/index.ts": {"path":"/Users/yunjinqi/Documents/量化交易框架/backtrader_web/src/frontend/src/api/index.ts","all":false,"statementMap":{"0":{"start":{"line":1,"column":0},"end":{"line":1,"column":25}},"1":{"start":{"line":2,"column":0},"end":{"line":2,"column":54}},"2":{"start":{"line":3,"column":0},"end":{"line":3,"column":40}},"3":{"start":{"line":4,"column":0},"end":{"line":4,"column":0}},"4":{"start":{"line":5,"column":0},"end":{"line":5,"column":12}},"5":{"start":{"line":6,"column":0},"end":{"line":6,"column":41}},"6":{"start":{"line":7,"column":0},"end":{"line":7,"column":21}},"7":{"start":{"line":8,"column":0},"end":{"line":8,"column":17}},"8":{"start":{"line":9,"column":0},"end":{"line":9,"column":12}},"9":{"start":{"line":10,"column":0},"end":{"line":10,"column":39}},"10":{"start":{"line":11,"column":0},"end":{"line":11,"column":4}},"11":{"start":{"line":12,"column":0},"end":{"line":12,"column":2}},"12":{"start":{"line":13,"column":0},"end":{"line":13,"column":0}},"13":{"start":{"line":14,"column":0},"end":{"line":14,"column":8}},"14":{"start":{"line":15,"column":0},"end":{"line":15,"column":29}},"15":{"start":{"line":16,"column":0},"end":{"line":16,"column":15}},"16":{"start":{"line":17,"column":0},"end":{"line":17,"column":47}},"17":{"start":{"line":18,"column":0},"end":{"line":18,"column":16}},"18":{"start":{"line":19,"column":0},"end":{"line":19,"column":54}},"19":{"start":{"line":20,"column":0},"end":{"line":20,"column":5}},"20":{"start":{"line":21,"column":0},"end":{"line":21,"column":17}},"21":{"start":{"line":22,"column":0},"end":{"line":22,"column":4}},"22":{"start":{"line":23,"column":0},"end":{"line":23,"column":14}},"23":{"start":{"line":24,"column":0},"end":{"line":24,"column":32}},"24":{"start":{"line":25,"column":0},"end":{"line":25,"column":3}},"25":{"start":{"line":26,"column":0},"end":{"line":26,"column":1}},"26":{"start":{"line":27,"column":0},"end":{"line":27,"column":0}},"27":{"start":{"line":28,"column":0},"end":{"line":28,"column":8}},"28":{"start":{"line":29,"column":0},"end":{"line":29,"column":30}},"29":{"start":{"line":30,"column":0},"end":{"line":30,"column":17}},"30":{"start":{"line":31,"column":0},"end":{"line":31,"column":24}},"31":{"start":{"line":32,"column":0},"end":{"line":32,"column":4}},"32":{"start":{"line":33,"column":0},"end":{"line":33,"column":26}},"33":{"start":{"line":34,"column":0},"end":{"line":34,"column":41}},"34":{"start":{"line":35,"column":0},"end":{"line":35,"column":60}},"35":{"start":{"line":36,"column":0},"end":{"line":36,"column":4}},"36":{"start":{"line":37,"column":0},"end":{"line":37,"column":25}},"37":{"start":{"line":38,"column":0},"end":{"line":38,"column":38}},"38":{"start":{"line":39,"column":0},"end":{"line":39,"column":37}},"39":{"start":{"line":40,"column":0},"end":{"line":40,"column":36}},"40":{"start":{"line":41,"column":0},"end":{"line":41,"column":32}},"41":{"start":{"line":42,"column":0},"end":{"line":42,"column":31}},"42":{"start":{"line":43,"column":0},"end":{"line":43,"column":32}},"43":{"start":{"line":44,"column":0},"end":{"line":44,"column":30}},"44":{"start":{"line":45,"column":0},"end":{"line":45,"column":32}},"45":{"start":{"line":46,"column":0},"end":{"line":46,"column":30}},"46":{"start":{"line":47,"column":0},"end":{"line":47,"column":12}},"47":{"start":{"line":48,"column":0},"end":{"line":48,"column":45}},"48":{"start":{"line":49,"column":0},"end":{"line":49,"column":5}},"49":{"start":{"line":50,"column":0},"end":{"line":50,"column":4}},"50":{"start":{"line":51,"column":0},"end":{"line":51,"column":32}},"51":{"start":{"line":52,"column":0},"end":{"line":52,"column":3}},"52":{"start":{"line":53,"column":0},"end":{"line":53,"column":1}},"53":{"start":{"line":54,"column":0},"end":{"line":54,"column":0}},"54":{"start":{"line":55,"column":0},"end":{"line":55,"column":18}}},"s":{"0":1,"1":1,"2":1,"3":1,"4":1,"5":1,"6":1,"7":1,"8":1,"9":1,"10":1,"11":1,"12":1,"13":1,"14":1,"15":1,"16":5,"17":5,"18":1,"19":1,"20":2,"21":5,"22":1,"23":1,"24":1,"25":1,"26":1,"27":1,"28":1,"29":1,"30":1,"31":1,"32":1,"33":9,"34":9,"35":9,"36":9,"37":1,"38":1,"39":1,"40":9,"41":1,"42":8,"43":1,"44":7,"45":1,"46":6,"47":5,"48":5,"49":9,"50":9,"51":9,"52":1,"53":1,"54":1},"branchMap":{"0":{"type":"branch","line":16,"loc":{"start":{"line":16,"column":2},"end":{"line":22,"column":4}},"locations":[{"start":{"line":16,"column":2},"end":{"line":22,"column":4}}]},"1":{"type":"branch","line":18,"loc":{"start":{"line":18,"column":15},"end":{"line":21,"column":17}},"locations":[{"start":{"line":18,"column":15},"end":{"line":21,"column":17}}]},"2":{"type":"branch","line":18,"loc":{"start":{"line":18,"column":15},"end":{"line":20,"column":5}},"locations":[{"start":{"line":18,"column":15},"end":{"line":20,"column":5}}]},"3":{"type":"branch","line":23,"loc":{"start":{"line":23,"column":2},"end":{"line":25,"column":3}},"locations":[{"start":{"line":23,"column":2},"end":{"line":25,"column":3}}]},"4":{"type":"branch","line":30,"loc":{"start":{"line":30,"column":2},"end":{"line":32,"column":4}},"locations":[{"start":{"line":30,"column":2},"end":{"line":32,"column":4}}]},"5":{"type":"branch","line":33,"loc":{"start":{"line":33,"column":2},"end":{"line":52,"column":3}},"locations":[{"start":{"line":33,"column":2},"end":{"line":52,"column":3}}]},"6":{"type":"branch","line":34,"loc":{"start":{"line":34,"column":25},"end":{"line":34,"column":41}},"locations":[{"start":{"line":34,"column":25},"end":{"line":34,"column":41}}]},"7":{"type":"branch","line":35,"loc":{"start":{"line":35,"column":23},"end":{"line":35,"column":60}},"locations":[{"start":{"line":35,"column":23},"end":{"line":35,"column":60}}]},"8":{"type":"branch","line":37,"loc":{"start":{"line":37,"column":24},"end":{"line":41,"column":15}},"locations":[{"start":{"line":37,"column":24},"end":{"line":41,"column":15}}]},"9":{"type":"branch","line":41,"loc":{"start":{"line":41,"column":4},"end":{"line":49,"column":5}},"locations":[{"start":{"line":41,"column":4},"end":{"line":49,"column":5}}]},"10":{"type":"branch","line":41,"loc":{"start":{"line":41,"column":31},"end":{"line":43,"column":15}},"locations":[{"start":{"line":41,"column":31},"end":{"line":43,"column":15}}]},"11":{"type":"branch","line":43,"loc":{"start":{"line":43,"column":4},"end":{"line":49,"column":5}},"locations":[{"start":{"line":43,"column":4},"end":{"line":49,"column":5}}]},"12":{"type":"branch","line":43,"loc":{"start":{"line":43,"column":31},"end":{"line":45,"column":15}},"locations":[{"start":{"line":43,"column":31},"end":{"line":45,"column":15}}]},"13":{"type":"branch","line":45,"loc":{"start":{"line":45,"column":4},"end":{"line":49,"column":5}},"locations":[{"start":{"line":45,"column":4},"end":{"line":49,"column":5}}]},"14":{"type":"branch","line":45,"loc":{"start":{"line":45,"column":31},"end":{"line":47,"column":11}},"locations":[{"start":{"line":45,"column":31},"end":{"line":47,"column":11}}]},"15":{"type":"branch","line":47,"loc":{"start":{"line":47,"column":4},"end":{"line":49,"column":5}},"locations":[{"start":{"line":47,"column":4},"end":{"line":49,"column":5}}]},"16":{"type":"branch","line":48,"loc":{"start":{"line":48,"column":22},"end":{"line":48,"column":38}},"locations":[{"start":{"line":48,"column":22},"end":{"line":48,"column":38}}]},"17":{"type":"branch","line":48,"loc":{"start":{"line":48,"column":28},"end":{"line":48,"column":44}},"locations":[{"start":{"line":48,"column":28},"end":{"line":48,"column":44}}]}},"b":{"0":[5],"1":[2],"2":[1],"3":[1],"4":[1],"5":[9],"6":[6],"7":[6],"8":[1],"9":[8],"10":[1],"11":[7],"12":[1],"13":[6],"14":[1],"15":[5],"16":[2],"17":[4]},"fnMap":{"0":{"name":"api.interceptors.response.use.status","decl":{"start":{"line":30,"column":2},"end":{"line":32,"column":4}},"loc":{"start":{"line":30,"column":2},"end":{"line":32,"column":4}},"line":30}},"f":{"0":1}}
,"/Users/yunjinqi/Documents/量化交易框架/backtrader_web/src/frontend/src/api/liveTrading.ts": {"path":"/Users/yunjinqi/Documents/量化交易框架/backtrader_web/src/frontend/src/api/liveTrading.ts","all":false,"statementMap":{"0":{"start":{"line":1,"column":0},"end":{"line":1,"column":3}},"1":{"start":{"line":2,"column":0},"end":{"line":2,"column":11}},"2":{"start":{"line":3,"column":0},"end":{"line":3,"column":3}},"3":{"start":{"line":4,"column":0},"end":{"line":4,"column":29}},"4":{"start":{"line":5,"column":0},"end":{"line":5,"column":0}},"5":{"start":{"line":6,"column":0},"end":{"line":6,"column":35}},"6":{"start":{"line":7,"column":0},"end":{"line":7,"column":12}},"7":{"start":{"line":8,"column":0},"end":{"line":8,"column":21}},"8":{"start":{"line":9,"column":0},"end":{"line":9,"column":23}},"9":{"start":{"line":10,"column":0},"end":{"line":10,"column":41}},"10":{"start":{"line":11,"column":0},"end":{"line":11,"column":20}},"11":{"start":{"line":12,"column":0},"end":{"line":12,"column":22}},"12":{"start":{"line":13,"column":0},"end":{"line":13,"column":29}},"13":{"start":{"line":14,"column":0},"end":{"line":14,"column":20}},"14":{"start":{"line":15,"column":0},"end":{"line":15,"column":27}},"15":{"start":{"line":16,"column":0},"end":{"line":16,"column":27}},"16":{"start":{"line":17,"column":0},"end":{"line":17,"column":24}},"17":{"start":{"line":18,"column":0},"end":{"line":18,"column":1}},"18":{"start":{"line":19,"column":0},"end":{"line":19,"column":0}},"19":{"start":{"line":20,"column":0},"end":{"line":20,"column":43}},"20":{"start":{"line":21,"column":0},"end":{"line":21,"column":15}},"21":{"start":{"line":22,"column":0},"end":{"line":22,"column":31}},"22":{"start":{"line":23,"column":0},"end":{"line":23,"column":1}},"23":{"start":{"line":24,"column":0},"end":{"line":24,"column":0}},"24":{"start":{"line":25,"column":0},"end":{"line":25,"column":36}},"25":{"start":{"line":26,"column":0},"end":{"line":26,"column":17}},"26":{"start":{"line":27,"column":0},"end":{"line":27,"column":16}},"27":{"start":{"line":28,"column":0},"end":{"line":28,"column":64}},"28":{"start":{"line":29,"column":0},"end":{"line":29,"column":1}},"29":{"start":{"line":30,"column":0},"end":{"line":30,"column":0}},"30":{"start":{"line":31,"column":0},"end":{"line":31,"column":31}},"31":{"start":{"line":32,"column":0},"end":{"line":32,"column":45}},"32":{"start":{"line":33,"column":0},"end":{"line":33,"column":40}},"33":{"start":{"line":34,"column":0},"end":{"line":34,"column":4}},"34":{"start":{"line":35,"column":0},"end":{"line":35,"column":0}},"35":{"start":{"line":36,"column":0},"end":{"line":36,"column":85}},"36":{"start":{"line":37,"column":0},"end":{"line":37,"column":66}},"37":{"start":{"line":38,"column":0},"end":{"line":38,"column":4}},"38":{"start":{"line":39,"column":0},"end":{"line":39,"column":0}},"39":{"start":{"line":40,"column":0},"end":{"line":40,"column":60}},"40":{"start":{"line":41,"column":0},"end":{"line":41,"column":56}},"41":{"start":{"line":42,"column":0},"end":{"line":42,"column":4}},"42":{"start":{"line":43,"column":0},"end":{"line":43,"column":0}},"43":{"start":{"line":44,"column":0},"end":{"line":44,"column":54}},"44":{"start":{"line":45,"column":0},"end":{"line":45,"column":53}},"45":{"start":{"line":46,"column":0},"end":{"line":46,"column":4}},"46":{"start":{"line":47,"column":0},"end":{"line":47,"column":0}},"47":{"start":{"line":48,"column":0},"end":{"line":48,"column":56}},"48":{"start":{"line":49,"column":0},"end":{"line":49,"column":60}},"49":{"start":{"line":50,"column":0},"end":{"line":50,"column":4}},"50":{"start":{"line":51,"column":0},"end":{"line":51,"column":0}},"51":{"start":{"line":52,"column":0},"end":{"line":52,"column":55}},"52":{"start":{"line":53,"column":0},"end":{"line":53,"column":59}},"53":{"start":{"line":54,"column":0},"end":{"line":54,"column":4}},"54":{"start":{"line":55,"column":0},"end":{"line":55,"column":0}},"55":{"start":{"line":56,"column":0},"end":{"line":56,"column":42}},"56":{"start":{"line":57,"column":0},"end":{"line":57,"column":50}},"57":{"start":{"line":58,"column":0},"end":{"line":58,"column":4}},"58":{"start":{"line":59,"column":0},"end":{"line":59,"column":0}},"59":{"start":{"line":60,"column":0},"end":{"line":60,"column":41}},"60":{"start":{"line":61,"column":0},"end":{"line":61,"column":49}},"61":{"start":{"line":62,"column":0},"end":{"line":62,"column":4}},"62":{"start":{"line":63,"column":0},"end":{"line":63,"column":1}}},"s":{"0":1,"1":1,"2":1,"3":1,"4":1,"5":1,"6":1,"7":1,"8":1,"9":1,"10":1,"11":1,"12":1,"13":1,"14":1,"15":1,"16":1,"17":1,"18":1,"19":1,"20":1,"21":1,"22":1,"23":1,"24":1,"25":1,"26":1,"27":1,"28":1,"29":1,"30":1,"31":1,"32":1,"33":1,"34":1,"35":1,"36":2,"37":2,"38":1,"39":1,"40":1,"41":1,"42":1,"43":1,"44":1,"45":1,"46":1,"47":1,"48":1,"49":1,"50":1,"51":1,"52":1,"53":1,"54":1,"55":1,"56":1,"57":1,"58":1,"59":1,"60":1,"61":1,"62":1},"branchMap":{"0":{"type":"branch","line":32,"loc":{"start":{"line":32,"column":2},"end":{"line":34,"column":4}},"locations":[{"start":{"line":32,"column":2},"end":{"line":34,"column":4}}]},"1":{"type":"branch","line":36,"loc":{"start":{"line":36,"column":2},"end":{"line":38,"column":4}},"locations":[{"start":{"line":36,"column":2},"end":{"line":38,"column":4}}]},"2":{"type":"branch","line":40,"loc":{"start":{"line":40,"column":2},"end":{"line":42,"column":4}},"locations":[{"start":{"line":40,"column":2},"end":{"line":42,"column":4}}]},"3":{"type":"branch","line":44,"loc":{"start":{"line":44,"column":2},"end":{"line":46,"column":4}},"locations":[{"start":{"line":44,"column":2},"end":{"line":46,"column":4}}]},"4":{"type":"branch","line":48,"loc":{"start":{"line":48,"column":2},"end":{"line":50,"column":4}},"locations":[{"start":{"line":48,"column":2},"end":{"line":50,"column":4}}]},"5":{"type":"branch","line":52,"loc":{"start":{"line":52,"column":2},"end":{"line":54,"column":4}},"locations":[{"start":{"line":52,"column":2},"end":{"line":54,"column":4}}]},"6":{"type":"branch","line":56,"loc":{"start":{"line":56,"column":2},"end":{"line":58,"column":4}},"locations":[{"start":{"line":56,"column":2},"end":{"line":58,"column":4}}]},"7":{"type":"branch","line":60,"loc":{"start":{"line":60,"column":2},"end":{"line":62,"column":4}},"locations":[{"start":{"line":60,"column":2},"end":{"line":62,"column":4}}]}},"b":{"0":[1],"1":[2],"2":[1],"3":[1],"4":[1],"5":[1],"6":[1],"7":[1]},"fnMap":{"0":{"name":"list","decl":{"start":{"line":32,"column":2},"end":{"line":34,"column":4}},"loc":{"start":{"line":32,"column":2},"end":{"line":34,"column":4}},"line":32},"1":{"name":"add","decl":{"start":{"line":36,"column":2},"end":{"line":38,"column":4}},"loc":{"start":{"line":36,"column":2},"end":{"line":38,"column":4}},"line":36},"2":{"name":"remove","decl":{"start":{"line":40,"column":2},"end":{"line":42,"column":4}},"loc":{"start":{"line":40,"column":2},"end":{"line":42,"column":4}},"line":40},"3":{"name":"get","decl":{"start":{"line":44,"column":2},"end":{"line":46,"column":4}},"loc":{"start":{"line":44,"column":2},"end":{"line":46,"column":4}},"line":44},"4":{"name":"start","decl":{"start":{"line":48,"column":2},"end":{"line":50,"column":4}},"loc":{"start":{"line":48,"column":2},"end":{"line":50,"column":4}},"line":48},"5":{"name":"stop","decl":{"start":{"line":52,"column":2},"end":{"line":54,"column":4}},"loc":{"start":{"line":52,"column":2},"end":{"line":54,"column":4}},"line":52},"6":{"name":"startAll","decl":{"start":{"line":56,"column":2},"end":{"line":58,"column":4}},"loc":{"start":{"line":56,"column":2},"end":{"line":58,"column":4}},"line":56},"7":{"name":"stopAll","decl":{"start":{"line":60,"column":2},"end":{"line":62,"column":4}},"loc":{"start":{"line":60,"column":2},"end":{"line":62,"column":4}},"line":60}},"f":{"0":1,"1":2,"2":1,"3":1,"4":1,"5":1,"6":1,"7":1}}
,"/Users/yunjinqi/Documents/量化交易框架/backtrader_web/src/frontend/src/api/optimization.ts": {"path":"/Users/yunjinqi/Documents/量化交易框架/backtrader_web/src/frontend/src/api/optimization.ts","all":false,"statementMap":{"0":{"start":{"line":1,"column":0},"end":{"line":1,"column":3}},"1":{"start":{"line":2,"column":0},"end":{"line":2,"column":11}},"2":{"start":{"line":3,"column":0},"end":{"line":3,"column":3}},"3":{"start":{"line":4,"column":0},"end":{"line":4,"column":29}},"4":{"start":{"line":5,"column":0},"end":{"line":5,"column":0}},"5":{"start":{"line":6,"column":0},"end":{"line":6,"column":32}},"6":{"start":{"line":7,"column":0},"end":{"line":7,"column":14}},"7":{"start":{"line":8,"column":0},"end":{"line":8,"column":14}},"8":{"start":{"line":9,"column":0},"end":{"line":9,"column":17}},"9":{"start":{"line":10,"column":0},"end":{"line":10,"column":21}},"10":{"start":{"line":11,"column":0},"end":{"line":11,"column":1}},"11":{"start":{"line":12,"column":0},"end":{"line":12,"column":0}},"12":{"start":{"line":13,"column":0},"end":{"line":13,"column":41}},"13":{"start":{"line":14,"column":0},"end":{"line":14,"column":21}},"14":{"start":{"line":15,"column":0},"end":{"line":15,"column":23}},"15":{"start":{"line":16,"column":0},"end":{"line":16,"column":25}},"16":{"start":{"line":17,"column":0},"end":{"line":17,"column":1}},"17":{"start":{"line":18,"column":0},"end":{"line":18,"column":0}},"18":{"start":{"line":19,"column":0},"end":{"line":19,"column":33}},"19":{"start":{"line":20,"column":0},"end":{"line":20,"column":15}},"20":{"start":{"line":21,"column":0},"end":{"line":21,"column":13}},"21":{"start":{"line":22,"column":0},"end":{"line":22,"column":14}},"22":{"start":{"line":23,"column":0},"end":{"line":23,"column":14}},"23":{"start":{"line":24,"column":0},"end":{"line":24,"column":1}},"24":{"start":{"line":25,"column":0},"end":{"line":25,"column":0}},"25":{"start":{"line":26,"column":0},"end":{"line":26,"column":44}},"26":{"start":{"line":27,"column":0},"end":{"line":27,"column":21}},"27":{"start":{"line":28,"column":0},"end":{"line":28,"column":46}},"28":{"start":{"line":29,"column":0},"end":{"line":29,"column":19}},"29":{"start":{"line":30,"column":0},"end":{"line":30,"column":1}},"30":{"start":{"line":31,"column":0},"end":{"line":31,"column":0}},"31":{"start":{"line":32,"column":0},"end":{"line":32,"column":45}},"32":{"start":{"line":33,"column":0},"end":{"line":33,"column":17}},"33":{"start":{"line":34,"column":0},"end":{"line":34,"column":28}},"34":{"start":{"line":35,"column":0},"end":{"line":35,"column":17}},"35":{"start":{"line":36,"column":0},"end":{"line":36,"column":1}},"36":{"start":{"line":37,"column":0},"end":{"line":37,"column":0}},"37":{"start":{"line":38,"column":0},"end":{"line":38,"column":39}},"38":{"start":{"line":39,"column":0},"end":{"line":39,"column":17}},"39":{"start":{"line":40,"column":0},"end":{"line":40,"column":16}},"40":{"start":{"line":41,"column":0},"end":{"line":41,"column":21}},"41":{"start":{"line":42,"column":0},"end":{"line":42,"column":15}},"42":{"start":{"line":43,"column":0},"end":{"line":43,"column":19}},"43":{"start":{"line":44,"column":0},"end":{"line":44,"column":16}},"44":{"start":{"line":45,"column":0},"end":{"line":45,"column":18}},"45":{"start":{"line":46,"column":0},"end":{"line":46,"column":19}},"46":{"start":{"line":47,"column":0},"end":{"line":47,"column":20}},"47":{"start":{"line":48,"column":0},"end":{"line":48,"column":1}},"48":{"start":{"line":49,"column":0},"end":{"line":49,"column":0}},"49":{"start":{"line":50,"column":0},"end":{"line":50,"column":34}},"50":{"start":{"line":51,"column":0},"end":{"line":51,"column":23}},"51":{"start":{"line":52,"column":0},"end":{"line":52,"column":1}},"52":{"start":{"line":53,"column":0},"end":{"line":53,"column":0}},"53":{"start":{"line":54,"column":0},"end":{"line":54,"column":38}},"54":{"start":{"line":55,"column":0},"end":{"line":55,"column":17}},"55":{"start":{"line":56,"column":0},"end":{"line":56,"column":16}},"56":{"start":{"line":57,"column":0},"end":{"line":57,"column":21}},"57":{"start":{"line":58,"column":0},"end":{"line":58,"column":23}},"58":{"start":{"line":59,"column":0},"end":{"line":59,"column":24}},"59":{"start":{"line":60,"column":0},"end":{"line":60,"column":15}},"60":{"start":{"line":61,"column":0},"end":{"line":61,"column":19}},"61":{"start":{"line":62,"column":0},"end":{"line":62,"column":16}},"62":{"start":{"line":63,"column":0},"end":{"line":63,"column":25}},"63":{"start":{"line":64,"column":0},"end":{"line":64,"column":30}},"64":{"start":{"line":65,"column":0},"end":{"line":65,"column":1}},"65":{"start":{"line":66,"column":0},"end":{"line":66,"column":0}},"66":{"start":{"line":67,"column":0},"end":{"line":67,"column":32}},"67":{"start":{"line":68,"column":0},"end":{"line":68,"column":74}},"68":{"start":{"line":69,"column":0},"end":{"line":69,"column":69}},"69":{"start":{"line":70,"column":0},"end":{"line":70,"column":4}},"70":{"start":{"line":71,"column":0},"end":{"line":71,"column":0}},"71":{"start":{"line":72,"column":0},"end":{"line":72,"column":80}},"72":{"start":{"line":73,"column":0},"end":{"line":73,"column":53}},"73":{"start":{"line":74,"column":0},"end":{"line":74,"column":4}},"74":{"start":{"line":75,"column":0},"end":{"line":75,"column":0}},"75":{"start":{"line":76,"column":0},"end":{"line":76,"column":62}},"76":{"start":{"line":77,"column":0},"end":{"line":77,"column":58}},"77":{"start":{"line":78,"column":0},"end":{"line":78,"column":4}},"78":{"start":{"line":79,"column":0},"end":{"line":79,"column":0}},"79":{"start":{"line":80,"column":0},"end":{"line":80,"column":60}},"80":{"start":{"line":81,"column":0},"end":{"line":81,"column":57}},"81":{"start":{"line":82,"column":0},"end":{"line":82,"column":4}},"82":{"start":{"line":83,"column":0},"end":{"line":83,"column":0}},"83":{"start":{"line":84,"column":0},"end":{"line":84,"column":73}},"84":{"start":{"line":85,"column":0},"end":{"line":85,"column":57}},"85":{"start":{"line":86,"column":0},"end":{"line":86,"column":4}},"86":{"start":{"line":87,"column":0},"end":{"line":87,"column":1}}},"s":{"0":1,"1":1,"2":1,"3":1,"4":1,"5":1,"6":1,"7":1,"8":1,"9":1,"10":1,"11":1,"12":1,"13":1,"14":1,"15":1,"16":1,"17":1,"18":1,"19":1,"20":1,"21":1,"22":1,"23":1,"24":1,"25":1,"26":1,"27":1,"28":1,"29":1,"30":1,"31":1,"32":1,"33":1,"34":1,"35":1,"36":1,"37":1,"38":1,"39":1,"40":1,"41":1,"42":1,"43":1,"44":1,"45":1,"46":1,"47":1,"48":1,"49":1,"50":1,"51":1,"52":1,"53":1,"54":1,"55":1,"56":1,"57":1,"58":1,"59":1,"60":1,"61":1,"62":1,"63":1,"64":1,"65":1,"66":1,"67":1,"68":1,"69":1,"70":1,"71":1,"72":1,"73":1,"74":1,"75":1,"76":1,"77":1,"78":1,"79":1,"80":1,"81":1,"82":1,"83":1,"84":1,"85":1,"86":1},"branchMap":{"0":{"type":"branch","line":68,"loc":{"start":{"line":68,"column":2},"end":{"line":70,"column":4}},"locations":[{"start":{"line":68,"column":2},"end":{"line":70,"column":4}}]},"1":{"type":"branch","line":72,"loc":{"start":{"line":72,"column":2},"end":{"line":74,"column":4}},"locations":[{"start":{"line":72,"column":2},"end":{"line":74,"column":4}}]},"2":{"type":"branch","line":76,"loc":{"start":{"line":76,"column":2},"end":{"line":78,"column":4}},"locations":[{"start":{"line":76,"column":2},"end":{"line":78,"column":4}}]},"3":{"type":"branch","line":80,"loc":{"start":{"line":80,"column":2},"end":{"line":82,"column":4}},"locations":[{"start":{"line":80,"column":2},"end":{"line":82,"column":4}}]},"4":{"type":"branch","line":84,"loc":{"start":{"line":84,"column":2},"end":{"line":86,"column":4}},"locations":[{"start":{"line":84,"column":2},"end":{"line":86,"column":4}}]}},"b":{"0":[1],"1":[1],"2":[1],"3":[1],"4":[1]},"fnMap":{"0":{"name":"getStrategyParams","decl":{"start":{"line":68,"column":2},"end":{"line":70,"column":4}},"loc":{"start":{"line":68,"column":2},"end":{"line":70,"column":4}},"line":68},"1":{"name":"submit","decl":{"start":{"line":72,"column":2},"end":{"line":74,"column":4}},"loc":{"start":{"line":72,"column":2},"end":{"line":74,"column":4}},"line":72},"2":{"name":"getProgress","decl":{"start":{"line":76,"column":2},"end":{"line":78,"column":4}},"loc":{"start":{"line":76,"column":2},"end":{"line":78,"column":4}},"line":76},"3":{"name":"getResults","decl":{"start":{"line":80,"column":2},"end":{"line":82,"column":4}},"loc":{"start":{"line":80,"column":2},"end":{"line":82,"column":4}},"line":80},"4":{"name":"cancel","decl":{"start":{"line":84,"column":2},"end":{"line":86,"column":4}},"loc":{"start":{"line":84,"column":2},"end":{"line":86,"column":4}},"line":84}},"f":{"0":1,"1":1,"2":1,"3":1,"4":1}}
,"/Users/yunjinqi/Documents/量化交易框架/backtrader_web/src/frontend/src/api/portfolio.ts": {"path":"/Users/yunjinqi/Documents/量化交易框架/backtrader_web/src/frontend/src/api/portfolio.ts","all":false,"statementMap":{"0":{"start":{"line":1,"column":0},"end":{"line":1,"column":3}},"1":{"start":{"line":2,"column":0},"end":{"line":2,"column":11}},"2":{"start":{"line":3,"column":0},"end":{"line":3,"column":3}},"3":{"start":{"line":4,"column":0},"end":{"line":4,"column":29}},"4":{"start":{"line":5,"column":0},"end":{"line":5,"column":0}},"5":{"start":{"line":6,"column":0},"end":{"line":6,"column":34}},"6":{"start":{"line":7,"column":0},"end":{"line":7,"column":12}},"7":{"start":{"line":8,"column":0},"end":{"line":8,"column":21}},"8":{"start":{"line":9,"column":0},"end":{"line":9,"column":23}},"9":{"start":{"line":10,"column":0},"end":{"line":10,"column":16}},"10":{"start":{"line":11,"column":0},"end":{"line":11,"column":22}},"11":{"start":{"line":12,"column":0},"end":{"line":12,"column":25}},"12":{"start":{"line":13,"column":0},"end":{"line":13,"column":13}},"13":{"start":{"line":14,"column":0},"end":{"line":14,"column":17}},"14":{"start":{"line":15,"column":0},"end":{"line":15,"column":22}},"15":{"start":{"line":16,"column":0},"end":{"line":16,"column":18}},"16":{"start":{"line":17,"column":0},"end":{"line":17,"column":1}},"17":{"start":{"line":18,"column":0},"end":{"line":18,"column":0}},"18":{"start":{"line":19,"column":0},"end":{"line":19,"column":36}},"19":{"start":{"line":20,"column":0},"end":{"line":20,"column":22}},"20":{"start":{"line":21,"column":0},"end":{"line":21,"column":20}},"21":{"start":{"line":22,"column":0},"end":{"line":22,"column":30}},"22":{"start":{"line":23,"column":0},"end":{"line":23,"column":31}},"23":{"start":{"line":24,"column":0},"end":{"line":24,"column":19}},"24":{"start":{"line":25,"column":0},"end":{"line":25,"column":23}},"25":{"start":{"line":26,"column":0},"end":{"line":26,"column":24}},"26":{"start":{"line":27,"column":0},"end":{"line":27,"column":23}},"27":{"start":{"line":28,"column":0},"end":{"line":28,"column":31}},"28":{"start":{"line":29,"column":0},"end":{"line":29,"column":1}},"29":{"start":{"line":30,"column":0},"end":{"line":30,"column":0}},"30":{"start":{"line":31,"column":0},"end":{"line":31,"column":31}},"31":{"start":{"line":32,"column":0},"end":{"line":32,"column":21}},"32":{"start":{"line":33,"column":0},"end":{"line":33,"column":23}},"33":{"start":{"line":34,"column":0},"end":{"line":34,"column":21}},"34":{"start":{"line":35,"column":0},"end":{"line":35,"column":19}},"35":{"start":{"line":36,"column":0},"end":{"line":36,"column":14}},"36":{"start":{"line":37,"column":0},"end":{"line":37,"column":15}},"37":{"start":{"line":38,"column":0},"end":{"line":38,"column":22}},"38":{"start":{"line":39,"column":0},"end":{"line":39,"column":19}},"39":{"start":{"line":40,"column":0},"end":{"line":40,"column":1}},"40":{"start":{"line":41,"column":0},"end":{"line":41,"column":0}},"41":{"start":{"line":42,"column":0},"end":{"line":42,"column":28}},"42":{"start":{"line":43,"column":0},"end":{"line":43,"column":21}},"43":{"start":{"line":44,"column":0},"end":{"line":44,"column":23}},"44":{"start":{"line":45,"column":0},"end":{"line":45,"column":21}},"45":{"start":{"line":46,"column":0},"end":{"line":46,"column":13}},"46":{"start":{"line":47,"column":0},"end":{"line":47,"column":18}},"47":{"start":{"line":48,"column":0},"end":{"line":48,"column":16}},"48":{"start":{"line":49,"column":0},"end":{"line":49,"column":17}},"49":{"start":{"line":50,"column":0},"end":{"line":50,"column":19}},"50":{"start":{"line":51,"column":0},"end":{"line":51,"column":19}},"51":{"start":{"line":52,"column":0},"end":{"line":52,"column":14}},"52":{"start":{"line":53,"column":0},"end":{"line":53,"column":15}},"53":{"start":{"line":54,"column":0},"end":{"line":54,"column":15}},"54":{"start":{"line":55,"column":0},"end":{"line":55,"column":20}},"55":{"start":{"line":56,"column":0},"end":{"line":56,"column":13}},"56":{"start":{"line":57,"column":0},"end":{"line":57,"column":17}},"57":{"start":{"line":58,"column":0},"end":{"line":58,"column":16}},"58":{"start":{"line":59,"column":0},"end":{"line":59,"column":1}},"59":{"start":{"line":60,"column":0},"end":{"line":60,"column":0}},"60":{"start":{"line":61,"column":0},"end":{"line":61,"column":33}},"61":{"start":{"line":62,"column":0},"end":{"line":62,"column":21}},"62":{"start":{"line":63,"column":0},"end":{"line":63,"column":23}},"63":{"start":{"line":64,"column":0},"end":{"line":64,"column":21}},"64":{"start":{"line":65,"column":0},"end":{"line":65,"column":18}},"65":{"start":{"line":66,"column":0},"end":{"line":66,"column":1}},"66":{"start":{"line":67,"column":0},"end":{"line":67,"column":0}},"67":{"start":{"line":68,"column":0},"end":{"line":68,"column":34}},"68":{"start":{"line":69,"column":0},"end":{"line":69,"column":17}},"69":{"start":{"line":70,"column":0},"end":{"line":70,"column":24}},"70":{"start":{"line":71,"column":0},"end":{"line":71,"column":26}},"71":{"start":{"line":72,"column":0},"end":{"line":72,"column":30}},"72":{"start":{"line":73,"column":0},"end":{"line":73,"column":1}},"73":{"start":{"line":74,"column":0},"end":{"line":74,"column":0}},"74":{"start":{"line":75,"column":0},"end":{"line":75,"column":33}},"75":{"start":{"line":76,"column":0},"end":{"line":76,"column":21}},"76":{"start":{"line":77,"column":0},"end":{"line":77,"column":23}},"77":{"start":{"line":78,"column":0},"end":{"line":78,"column":21}},"78":{"start":{"line":79,"column":0},"end":{"line":79,"column":15}},"79":{"start":{"line":80,"column":0},"end":{"line":80,"column":16}},"80":{"start":{"line":81,"column":0},"end":{"line":81,"column":1}},"81":{"start":{"line":82,"column":0},"end":{"line":82,"column":0}},"82":{"start":{"line":83,"column":0},"end":{"line":83,"column":29}},"83":{"start":{"line":84,"column":0},"end":{"line":84,"column":45}},"84":{"start":{"line":85,"column":0},"end":{"line":85,"column":45}},"85":{"start":{"line":86,"column":0},"end":{"line":86,"column":4}},"86":{"start":{"line":87,"column":0},"end":{"line":87,"column":0}},"87":{"start":{"line":88,"column":0},"end":{"line":88,"column":73}},"88":{"start":{"line":89,"column":0},"end":{"line":89,"column":46}},"89":{"start":{"line":90,"column":0},"end":{"line":90,"column":4}},"90":{"start":{"line":91,"column":0},"end":{"line":91,"column":0}},"91":{"start":{"line":92,"column":0},"end":{"line":92,"column":75}},"92":{"start":{"line":93,"column":0},"end":{"line":93,"column":66}},"93":{"start":{"line":94,"column":0},"end":{"line":94,"column":4}},"94":{"start":{"line":95,"column":0},"end":{"line":95,"column":0}},"95":{"start":{"line":96,"column":0},"end":{"line":96,"column":41}},"96":{"start":{"line":97,"column":0},"end":{"line":97,"column":43}},"97":{"start":{"line":98,"column":0},"end":{"line":98,"column":4}},"98":{"start":{"line":99,"column":0},"end":{"line":99,"column":0}},"99":{"start":{"line":100,"column":0},"end":{"line":100,"column":72}},"100":{"start":{"line":101,"column":0},"end":{"line":101,"column":47}},"101":{"start":{"line":102,"column":0},"end":{"line":102,"column":4}},"102":{"start":{"line":103,"column":0},"end":{"line":103,"column":1}}},"s":{"0":1,"1":1,"2":1,"3":1,"4":1,"5":1,"6":1,"7":1,"8":1,"9":1,"10":1,"11":1,"12":1,"13":1,"14":1,"15":1,"16":1,"17":1,"18":1,"19":1,"20":1,"21":1,"22":1,"23":1,"24":1,"25":1,"26":1,"27":1,"28":1,"29":1,"30":1,"31":1,"32":1,"33":1,"34":1,"35":1,"36":1,"37":1,"38":1,"39":1,"40":1,"41":1,"42":1,"43":1,"44":1,"45":1,"46":1,"47":1,"48":1,"49":1,"50":1,"51":1,"52":1,"53":1,"54":1,"55":1,"56":1,"57":1,"58":1,"59":1,"60":1,"61":1,"62":1,"63":1,"64":1,"65":1,"66":1,"67":1,"68":1,"69":1,"70":1,"71":1,"72":1,"73":1,"74":1,"75":1,"76":1,"77":1,"78":1,"79":1,"80":1,"81":1,"82":1,"83":1,"84":1,"85":1,"86":1,"87":1,"88":1,"89":1,"90":1,"91":1,"92":2,"93":2,"94":1,"95":1,"96":1,"97":1,"98":1,"99":1,"100":1,"101":1,"102":1},"branchMap":{"0":{"type":"branch","line":84,"loc":{"start":{"line":84,"column":2},"end":{"line":86,"column":4}},"locations":[{"start":{"line":84,"column":2},"end":{"line":86,"column":4}}]},"1":{"type":"branch","line":88,"loc":{"start":{"line":88,"column":2},"end":{"line":90,"column":4}},"locations":[{"start":{"line":88,"column":2},"end":{"line":90,"column":4}}]},"2":{"type":"branch","line":92,"loc":{"start":{"line":92,"column":2},"end":{"line":94,"column":4}},"locations":[{"start":{"line":92,"column":2},"end":{"line":94,"column":4}}]},"3":{"type":"branch","line":96,"loc":{"start":{"line":96,"column":2},"end":{"line":98,"column":4}},"locations":[{"start":{"line":96,"column":2},"end":{"line":98,"column":4}}]},"4":{"type":"branch","line":100,"loc":{"start":{"line":100,"column":2},"end":{"line":102,"column":4}},"locations":[{"start":{"line":100,"column":2},"end":{"line":102,"column":4}}]}},"b":{"0":[1],"1":[1],"2":[2],"3":[1],"4":[1]},"fnMap":{"0":{"name":"getOverview","decl":{"start":{"line":84,"column":2},"end":{"line":86,"column":4}},"loc":{"start":{"line":84,"column":2},"end":{"line":86,"column":4}},"line":84},"1":{"name":"getPositions","decl":{"start":{"line":88,"column":2},"end":{"line":90,"column":4}},"loc":{"start":{"line":88,"column":2},"end":{"line":90,"column":4}},"line":88},"2":{"name":"getTrades","decl":{"start":{"line":92,"column":2},"end":{"line":94,"column":4}},"loc":{"start":{"line":92,"column":2},"end":{"line":94,"column":4}},"line":92},"3":{"name":"getEquity","decl":{"start":{"line":96,"column":2},"end":{"line":98,"column":4}},"loc":{"start":{"line":96,"column":2},"end":{"line":98,"column":4}},"line":96},"4":{"name":"getAllocation","decl":{"start":{"line":100,"column":2},"end":{"line":102,"column":4}},"loc":{"start":{"line":100,"column":2},"end":{"line":102,"column":4}},"line":100}},"f":{"0":1,"1":1,"2":2,"3":1,"4":1}}
,"/Users/yunjinqi/Documents/量化交易框架/backtrader_web/src/frontend/src/api/strategy.ts": {"path":"/Users/yunjinqi/Documents/量化交易框架/backtrader_web/src/frontend/src/api/strategy.ts","all":false,"statementMap":{"0":{"start":{"line":1,"column":0},"end":{"line":1,"column":25}},"1":{"start":{"line":2,"column":0},"end":{"line":2,"column":13}},"2":{"start":{"line":3,"column":0},"end":{"line":3,"column":11}},"3":{"start":{"line":4,"column":0},"end":{"line":4,"column":17}},"4":{"start":{"line":5,"column":0},"end":{"line":5,"column":23}},"5":{"start":{"line":6,"column":0},"end":{"line":6,"column":19}},"6":{"start":{"line":7,"column":0},"end":{"line":7,"column":17}},"7":{"start":{"line":8,"column":0},"end":{"line":8,"column":16}},"8":{"start":{"line":9,"column":0},"end":{"line":9,"column":0}},"9":{"start":{"line":10,"column":0},"end":{"line":10,"column":28}},"10":{"start":{"line":11,"column":0},"end":{"line":11,"column":57}},"11":{"start":{"line":12,"column":0},"end":{"line":12,"column":39}},"12":{"start":{"line":13,"column":0},"end":{"line":13,"column":4}},"13":{"start":{"line":14,"column":0},"end":{"line":14,"column":0}},"14":{"start":{"line":15,"column":0},"end":{"line":15,"column":44}},"15":{"start":{"line":16,"column":0},"end":{"line":16,"column":37}},"16":{"start":{"line":17,"column":0},"end":{"line":17,"column":4}},"17":{"start":{"line":18,"column":0},"end":{"line":18,"column":0}},"18":{"start":{"line":19,"column":0},"end":{"line":19,"column":78}},"19":{"start":{"line":20,"column":0},"end":{"line":20,"column":43}},"20":{"start":{"line":21,"column":0},"end":{"line":21,"column":4}},"21":{"start":{"line":22,"column":0},"end":{"line":22,"column":0}},"22":{"start":{"line":23,"column":0},"end":{"line":23,"column":43}},"23":{"start":{"line":24,"column":0},"end":{"line":24,"column":40}},"24":{"start":{"line":25,"column":0},"end":{"line":25,"column":4}},"25":{"start":{"line":26,"column":0},"end":{"line":26,"column":0}},"26":{"start":{"line":27,"column":0},"end":{"line":27,"column":88}},"27":{"start":{"line":28,"column":0},"end":{"line":28,"column":73}},"28":{"start":{"line":29,"column":0},"end":{"line":29,"column":4}},"29":{"start":{"line":30,"column":0},"end":{"line":30,"column":0}},"30":{"start":{"line":31,"column":0},"end":{"line":31,"column":100}},"31":{"start":{"line":32,"column":0},"end":{"line":32,"column":67}},"32":{"start":{"line":33,"column":0},"end":{"line":33,"column":4}},"33":{"start":{"line":34,"column":0},"end":{"line":34,"column":0}},"34":{"start":{"line":35,"column":0},"end":{"line":35,"column":66}},"35":{"start":{"line":36,"column":0},"end":{"line":36,"column":47}},"36":{"start":{"line":37,"column":0},"end":{"line":37,"column":4}},"37":{"start":{"line":38,"column":0},"end":{"line":38,"column":0}},"38":{"start":{"line":39,"column":0},"end":{"line":39,"column":90}},"39":{"start":{"line":40,"column":0},"end":{"line":40,"column":54}},"40":{"start":{"line":41,"column":0},"end":{"line":41,"column":4}},"41":{"start":{"line":42,"column":0},"end":{"line":42,"column":0}},"42":{"start":{"line":43,"column":0},"end":{"line":43,"column":64}},"43":{"start":{"line":44,"column":0},"end":{"line":44,"column":54}},"44":{"start":{"line":45,"column":0},"end":{"line":45,"column":4}},"45":{"start":{"line":46,"column":0},"end":{"line":46,"column":1}}},"s":{"0":1,"1":1,"2":1,"3":1,"4":1,"5":1,"6":1,"7":1,"8":1,"9":1,"10":1,"11":1,"12":1,"13":1,"14":1,"15":1,"16":1,"17":1,"18":1,"19":1,"20":1,"21":1,"22":1,"23":1,"24":1,"25":1,"26":1,"27":2,"28":2,"29":1,"30":1,"31":1,"32":1,"33":1,"34":1,"35":1,"36":1,"37":1,"38":1,"39":1,"40":1,"41":1,"42":1,"43":1,"44":1,"45":1},"branchMap":{"0":{"type":"branch","line":11,"loc":{"start":{"line":11,"column":2},"end":{"line":13,"column":4}},"locations":[{"start":{"line":11,"column":2},"end":{"line":13,"column":4}}]},"1":{"type":"branch","line":15,"loc":{"start":{"line":15,"column":2},"end":{"line":17,"column":4}},"locations":[{"start":{"line":15,"column":2},"end":{"line":17,"column":4}}]},"2":{"type":"branch","line":19,"loc":{"start":{"line":19,"column":2},"end":{"line":21,"column":4}},"locations":[{"start":{"line":19,"column":2},"end":{"line":21,"column":4}}]},"3":{"type":"branch","line":23,"loc":{"start":{"line":23,"column":2},"end":{"line":25,"column":4}},"locations":[{"start":{"line":23,"column":2},"end":{"line":25,"column":4}}]},"4":{"type":"branch","line":27,"loc":{"start":{"line":27,"column":2},"end":{"line":29,"column":4}},"locations":[{"start":{"line":27,"column":2},"end":{"line":29,"column":4}}]},"5":{"type":"branch","line":31,"loc":{"start":{"line":31,"column":2},"end":{"line":33,"column":4}},"locations":[{"start":{"line":31,"column":2},"end":{"line":33,"column":4}}]},"6":{"type":"branch","line":35,"loc":{"start":{"line":35,"column":2},"end":{"line":37,"column":4}},"locations":[{"start":{"line":35,"column":2},"end":{"line":37,"column":4}}]},"7":{"type":"branch","line":39,"loc":{"start":{"line":39,"column":2},"end":{"line":41,"column":4}},"locations":[{"start":{"line":39,"column":2},"end":{"line":41,"column":4}}]},"8":{"type":"branch","line":43,"loc":{"start":{"line":43,"column":2},"end":{"line":45,"column":4}},"locations":[{"start":{"line":43,"column":2},"end":{"line":45,"column":4}}]}},"b":{"0":[1],"1":[1],"2":[1],"3":[1],"4":[2],"5":[1],"6":[1],"7":[1],"8":[1]},"fnMap":{"0":{"name":"create","decl":{"start":{"line":11,"column":2},"end":{"line":13,"column":4}},"loc":{"start":{"line":11,"column":2},"end":{"line":13,"column":4}},"line":11},"1":{"name":"get","decl":{"start":{"line":15,"column":2},"end":{"line":17,"column":4}},"loc":{"start":{"line":15,"column":2},"end":{"line":17,"column":4}},"line":15},"2":{"name":"update","decl":{"start":{"line":19,"column":2},"end":{"line":21,"column":4}},"loc":{"start":{"line":19,"column":2},"end":{"line":21,"column":4}},"line":19},"3":{"name":"delete","decl":{"start":{"line":23,"column":2},"end":{"line":25,"column":4}},"loc":{"start":{"line":23,"column":2},"end":{"line":25,"column":4}},"line":23},"4":{"name":"list","decl":{"start":{"line":27,"column":2},"end":{"line":29,"column":4}},"loc":{"start":{"line":27,"column":2},"end":{"line":29,"column":4}},"line":27},"5":{"name":"getTemplates","decl":{"start":{"line":31,"column":2},"end":{"line":33,"column":4}},"loc":{"start":{"line":31,"column":2},"end":{"line":33,"column":4}},"line":31},"6":{"name":"getTemplateDetail","decl":{"start":{"line":35,"column":2},"end":{"line":37,"column":4}},"loc":{"start":{"line":35,"column":2},"end":{"line":37,"column":4}},"line":35},"7":{"name":"getTemplateReadme","decl":{"start":{"line":39,"column":2},"end":{"line":41,"column":4}},"loc":{"start":{"line":39,"column":2},"end":{"line":41,"column":4}},"line":39},"8":{"name":"getTemplateConfig","decl":{"start":{"line":43,"column":2},"end":{"line":45,"column":4}},"loc":{"start":{"line":43,"column":2},"end":{"line":45,"column":4}},"line":43}},"f":{"0":1,"1":1,"2":1,"3":1,"4":2,"5":1,"6":1,"7":1,"8":1}}
,"/Users/yunjinqi/Documents/量化交易框架/backtrader_web/src/frontend/src/components/charts/DrawdownChart.vue": {"path":"/Users/yunjinqi/Documents/量化交易框架/backtrader_web/src/frontend/src/components/charts/DrawdownChart.vue","all":false,"statementMap":{"0":{"start":{"line":1,"column":0},"end":{"line":1,"column":10}},"1":{"start":{"line":2,"column":0},"end":{"line":2,"column":30}},"2":{"start":{"line":3,"column":0},"end":{"line":3,"column":50}},"3":{"start":{"line":4,"column":0},"end":{"line":4,"column":65}},"4":{"start":{"line":5,"column":0},"end":{"line":5,"column":8}},"5":{"start":{"line":6,"column":0},"end":{"line":6,"column":11}},"6":{"start":{"line":7,"column":0},"end":{"line":7,"column":0}},"7":{"start":{"line":8,"column":0},"end":{"line":8,"column":24}},"8":{"start":{"line":9,"column":0},"end":{"line":9,"column":66}},"9":{"start":{"line":10,"column":0},"end":{"line":10,"column":34}},"10":{"start":{"line":11,"column":0},"end":{"line":11,"column":54}},"11":{"start":{"line":12,"column":0},"end":{"line":12,"column":0}},"12":{"start":{"line":13,"column":0},"end":{"line":13,"column":40}},"13":{"start":{"line":14,"column":0},"end":{"line":14,"column":23}},"14":{"start":{"line":15,"column":0},"end":{"line":15,"column":17}},"15":{"start":{"line":16,"column":0},"end":{"line":16,"column":7}},"16":{"start":{"line":17,"column":0},"end":{"line":17,"column":17}},"17":{"start":{"line":18,"column":0},"end":{"line":18,"column":14}},"18":{"start":{"line":19,"column":0},"end":{"line":19,"column":2}},"19":{"start":{"line":20,"column":0},"end":{"line":20,"column":0}},"20":{"start":{"line":21,"column":0},"end":{"line":21,"column":35}},"21":{"start":{"line":22,"column":0},"end":{"line":22,"column":48}},"22":{"start":{"line":23,"column":0},"end":{"line":23,"column":0}},"23":{"start":{"line":24,"column":0},"end":{"line":24,"column":17}},"24":{"start":{"line":25,"column":0},"end":{"line":25,"column":18}},"25":{"start":{"line":26,"column":0},"end":{"line":26,"column":25}},"26":{"start":{"line":27,"column":0},"end":{"line":27,"column":50}},"27":{"start":{"line":28,"column":0},"end":{"line":28,"column":19}},"28":{"start":{"line":29,"column":0},"end":{"line":29,"column":5}},"29":{"start":{"line":30,"column":0},"end":{"line":30,"column":4}},"30":{"start":{"line":31,"column":0},"end":{"line":31,"column":49}},"31":{"start":{"line":32,"column":0},"end":{"line":32,"column":2}},"32":{"start":{"line":33,"column":0},"end":{"line":33,"column":0}},"33":{"start":{"line":34,"column":0},"end":{"line":34,"column":19}},"34":{"start":{"line":35,"column":0},"end":{"line":35,"column":52}},"35":{"start":{"line":36,"column":0},"end":{"line":36,"column":26}},"36":{"start":{"line":37,"column":0},"end":{"line":37,"column":2}},"37":{"start":{"line":38,"column":0},"end":{"line":38,"column":0}},"38":{"start":{"line":39,"column":0},"end":{"line":39,"column":31}},"39":{"start":{"line":40,"column":0},"end":{"line":40,"column":15}},"40":{"start":{"line":41,"column":0},"end":{"line":41,"column":18}},"41":{"start":{"line":42,"column":0},"end":{"line":42,"column":0}},"42":{"start":{"line":43,"column":0},"end":{"line":43,"column":25}},"43":{"start":{"line":44,"column":0},"end":{"line":44,"column":25}},"44":{"start":{"line":45,"column":0},"end":{"line":45,"column":1}},"45":{"start":{"line":46,"column":0},"end":{"line":46,"column":0}},"46":{"start":{"line":47,"column":0},"end":{"line":47,"column":24}},"47":{"start":{"line":48,"column":0},"end":{"line":48,"column":50}},"48":{"start":{"line":49,"column":0},"end":{"line":49,"column":0}},"49":{"start":{"line":50,"column":0},"end":{"line":50,"column":43}},"50":{"start":{"line":51,"column":0},"end":{"line":51,"column":70}},"51":{"start":{"line":52,"column":0},"end":{"line":52,"column":2}},"52":{"start":{"line":53,"column":0},"end":{"line":53,"column":12}},"53":{"start":{"line":54,"column":0},"end":{"line":54,"column":20}},"54":{"start":{"line":55,"column":0},"end":{"line":55,"column":15}},"55":{"start":{"line":56,"column":0},"end":{"line":56,"column":32}},"56":{"start":{"line":57,"column":0},"end":{"line":57,"column":29}},"57":{"start":{"line":58,"column":0},"end":{"line":58,"column":24}},"58":{"start":{"line":59,"column":0},"end":{"line":59,"column":20}},"59":{"start":{"line":60,"column":0},"end":{"line":60,"column":5}},"60":{"start":{"line":61,"column":0},"end":{"line":61,"column":4}},"61":{"start":{"line":62,"column":0},"end":{"line":62,"column":0}},"62":{"start":{"line":63,"column":0},"end":{"line":63,"column":41}},"63":{"start":{"line":64,"column":0},"end":{"line":64,"column":14}},"64":{"start":{"line":65,"column":0},"end":{"line":65,"column":22}},"65":{"start":{"line":66,"column":0},"end":{"line":66,"column":35}},"66":{"start":{"line":67,"column":0},"end":{"line":67,"column":27}},"67":{"start":{"line":68,"column":0},"end":{"line":68,"column":51}},"68":{"start":{"line":69,"column":0},"end":{"line":69,"column":8}},"69":{"start":{"line":70,"column":0},"end":{"line":70,"column":6}},"70":{"start":{"line":71,"column":0},"end":{"line":71,"column":11}},"71":{"start":{"line":72,"column":0},"end":{"line":72,"column":18}},"72":{"start":{"line":73,"column":0},"end":{"line":73,"column":18}},"73":{"start":{"line":74,"column":0},"end":{"line":74,"column":17}},"74":{"start":{"line":75,"column":0},"end":{"line":75,"column":20}},"75":{"start":{"line":76,"column":0},"end":{"line":76,"column":6}},"76":{"start":{"line":77,"column":0},"end":{"line":77,"column":12}},"77":{"start":{"line":78,"column":0},"end":{"line":78,"column":23}},"78":{"start":{"line":79,"column":0},"end":{"line":79,"column":18}},"79":{"start":{"line":80,"column":0},"end":{"line":80,"column":33}},"80":{"start":{"line":81,"column":0},"end":{"line":81,"column":49}},"81":{"start":{"line":82,"column":0},"end":{"line":82,"column":6}},"82":{"start":{"line":83,"column":0},"end":{"line":83,"column":12}},"83":{"start":{"line":84,"column":0},"end":{"line":84,"column":20}},"84":{"start":{"line":85,"column":0},"end":{"line":85,"column":13}},"85":{"start":{"line":86,"column":0},"end":{"line":86,"column":18}},"86":{"start":{"line":87,"column":0},"end":{"line":87,"column":30}},"87":{"start":{"line":88,"column":0},"end":{"line":88,"column":8}},"88":{"start":{"line":89,"column":0},"end":{"line":89,"column":51}},"89":{"start":{"line":90,"column":0},"end":{"line":90,"column":6}},"90":{"start":{"line":91,"column":0},"end":{"line":91,"column":13}},"91":{"start":{"line":92,"column":0},"end":{"line":92,"column":7}},"92":{"start":{"line":93,"column":0},"end":{"line":93,"column":19}},"93":{"start":{"line":94,"column":0},"end":{"line":94,"column":21}},"94":{"start":{"line":95,"column":0},"end":{"line":95,"column":24}},"95":{"start":{"line":96,"column":0},"end":{"line":96,"column":20}},"96":{"start":{"line":97,"column":0},"end":{"line":97,"column":65}},"97":{"start":{"line":98,"column":0},"end":{"line":98,"column":59}},"98":{"start":{"line":99,"column":0},"end":{"line":99,"column":59}},"99":{"start":{"line":100,"column":0},"end":{"line":100,"column":13}},"100":{"start":{"line":101,"column":0},"end":{"line":101,"column":10}},"101":{"start":{"line":102,"column":0},"end":{"line":102,"column":50}},"102":{"start":{"line":103,"column":0},"end":{"line":103,"column":26}},"103":{"start":{"line":104,"column":0},"end":{"line":104,"column":20}},"104":{"start":{"line":105,"column":0},"end":{"line":105,"column":17}},"105":{"start":{"line":106,"column":0},"end":{"line":106,"column":13}},"106":{"start":{"line":107,"column":0},"end":{"line":107,"column":27}},"107":{"start":{"line":108,"column":0},"end":{"line":108,"column":64}},"108":{"start":{"line":109,"column":0},"end":{"line":109,"column":49}},"109":{"start":{"line":110,"column":0},"end":{"line":110,"column":46}},"110":{"start":{"line":111,"column":0},"end":{"line":111,"column":14}},"111":{"start":{"line":112,"column":0},"end":{"line":112,"column":12}},"112":{"start":{"line":113,"column":0},"end":{"line":113,"column":18}},"113":{"start":{"line":114,"column":0},"end":{"line":114,"column":29}},"114":{"start":{"line":115,"column":0},"end":{"line":115,"column":31}},"115":{"start":{"line":116,"column":0},"end":{"line":116,"column":12}},"116":{"start":{"line":117,"column":0},"end":{"line":117,"column":10}},"117":{"start":{"line":118,"column":0},"end":{"line":118,"column":8}},"118":{"start":{"line":119,"column":0},"end":{"line":119,"column":6}},"119":{"start":{"line":120,"column":0},"end":{"line":120,"column":15}},"120":{"start":{"line":121,"column":0},"end":{"line":121,"column":7}},"121":{"start":{"line":122,"column":0},"end":{"line":122,"column":23}},"122":{"start":{"line":123,"column":0},"end":{"line":123,"column":17}},"123":{"start":{"line":124,"column":0},"end":{"line":124,"column":17}},"124":{"start":{"line":125,"column":0},"end":{"line":125,"column":8}},"125":{"start":{"line":126,"column":0},"end":{"line":126,"column":6}},"126":{"start":{"line":127,"column":0},"end":{"line":127,"column":3}},"127":{"start":{"line":128,"column":0},"end":{"line":128,"column":0}},"128":{"start":{"line":129,"column":0},"end":{"line":129,"column":39}},"129":{"start":{"line":130,"column":0},"end":{"line":130,"column":1}},"130":{"start":{"line":131,"column":0},"end":{"line":131,"column":9}}},"s":{"0":1,"1":1,"2":1,"3":1,"4":1,"5":1,"6":1,"7":1,"8":1,"9":1,"10":1,"11":1,"12":1,"13":1,"14":1,"15":1,"16":1,"17":1,"18":1,"19":1,"20":1,"21":1,"22":1,"23":1,"24":2,"25":2,"26":2,"27":2,"28":2,"29":2,"30":2,"31":1,"32":1,"33":1,"34":0,"35":0,"36":1,"37":1,"38":1,"39":0,"40":1,"41":1,"42":0,"43":0,"44":0,"45":1,"46":2,"47":2,"48":1,"49":1,"50":1,"51":1,"52":1,"53":1,"54":1,"55":1,"56":1,"57":1,"58":1,"59":1,"60":1,"61":1,"62":1,"63":1,"64":1,"65":1,"66":0,"67":0,"68":0,"69":1,"70":1,"71":1,"72":1,"73":1,"74":1,"75":1,"76":1,"77":1,"78":1,"79":1,"80":1,"81":1,"82":1,"83":1,"84":1,"85":1,"86":1,"87":1,"88":1,"89":1,"90":1,"91":1,"92":1,"93":1,"94":1,"95":1,"96":1,"97":1,"98":1,"99":1,"100":1,"101":1,"102":1,"103":1,"104":1,"105":1,"106":1,"107":1,"108":1,"109":1,"110":1,"111":1,"112":1,"113":1,"114":1,"115":1,"116":1,"117":1,"118":1,"119":1,"120":1,"121":1,"122":1,"123":1,"124":1,"125":1,"126":1,"127":1,"128":1,"129":2,"130":1},"branchMap":{"0":{"type":"branch","line":24,"loc":{"start":{"line":24,"column":10},"end":{"line":32,"column":1}},"locations":[{"start":{"line":24,"column":10},"end":{"line":32,"column":1}}]},"1":{"type":"branch","line":25,"loc":{"start":{"line":25,"column":11},"end":{"line":30,"column":3}},"locations":[{"start":{"line":25,"column":11},"end":{"line":30,"column":3}}]},"2":{"type":"branch","line":39,"loc":{"start":{"line":39,"column":6},"end":{"line":39,"column":24}},"locations":[{"start":{"line":39,"column":6},"end":{"line":39,"column":24}}]},"3":{"type":"branch","line":47,"loc":{"start":{"line":47,"column":0},"end":{"line":130,"column":1}},"locations":[{"start":{"line":47,"column":0},"end":{"line":130,"column":1}}]},"4":{"type":"branch","line":48,"loc":{"start":{"line":48,"column":44},"end":{"line":129,"column":39}},"locations":[{"start":{"line":48,"column":44},"end":{"line":129,"column":39}}]},"5":{"type":"branch","line":50,"loc":{"start":{"line":50,"column":31},"end":{"line":50,"column":42}},"locations":[{"start":{"line":50,"column":31},"end":{"line":50,"column":42}}]},"6":{"type":"branch","line":51,"loc":{"start":{"line":51,"column":35},"end":{"line":51,"column":69}},"locations":[{"start":{"line":51,"column":35},"end":{"line":51,"column":69}}]},"7":{"type":"branch","line":56,"loc":{"start":{"line":56,"column":21},"end":{"line":61,"column":3}},"locations":[{"start":{"line":56,"column":21},"end":{"line":61,"column":3}}]}},"b":{"0":[2],"1":[2],"2":[2],"3":[2],"4":[1],"5":[1],"6":[1],"7":[1]},"fnMap":{"0":{"name":"__vite_ssr_import_1__.watch.deep","decl":{"start":{"line":39,"column":24},"end":{"line":41,"column":3}},"loc":{"start":{"line":39,"column":24},"end":{"line":41,"column":3}},"line":39},"1":{"name":"handleResize","decl":{"start":{"line":43,"column":0},"end":{"line":45,"column":1}},"loc":{"start":{"line":43,"column":0},"end":{"line":45,"column":1}},"line":43},"2":{"name":"renderChart","decl":{"start":{"line":47,"column":0},"end":{"line":130,"column":1}},"loc":{"start":{"line":47,"column":0},"end":{"line":130,"column":1}},"line":47},"3":{"name":"formatter","decl":{"start":{"line":66,"column":17},"end":{"line":69,"column":8}},"loc":{"start":{"line":66,"column":17},"end":{"line":69,"column":8}},"line":66}},"f":{"0":0,"1":0,"2":2,"3":0}}
,"/Users/yunjinqi/Documents/量化交易框架/backtrader_web/src/frontend/src/components/charts/EquityCurve.vue": {"path":"/Users/yunjinqi/Documents/量化交易框架/backtrader_web/src/frontend/src/components/charts/EquityCurve.vue","all":false,"statementMap":{"0":{"start":{"line":1,"column":0},"end":{"line":1,"column":10}},"1":{"start":{"line":2,"column":0},"end":{"line":2,"column":28}},"2":{"start":{"line":3,"column":0},"end":{"line":3,"column":50}},"3":{"start":{"line":4,"column":0},"end":{"line":4,"column":65}},"4":{"start":{"line":5,"column":0},"end":{"line":5,"column":8}},"5":{"start":{"line":6,"column":0},"end":{"line":6,"column":11}},"6":{"start":{"line":7,"column":0},"end":{"line":7,"column":0}},"7":{"start":{"line":8,"column":0},"end":{"line":8,"column":24}},"8":{"start":{"line":9,"column":0},"end":{"line":9,"column":76}},"9":{"start":{"line":10,"column":0},"end":{"line":10,"column":34}},"10":{"start":{"line":11,"column":0},"end":{"line":11,"column":52}},"11":{"start":{"line":12,"column":0},"end":{"line":12,"column":0}},"12":{"start":{"line":13,"column":0},"end":{"line":13,"column":23}},"13":{"start":{"line":14,"column":0},"end":{"line":14,"column":14}},"14":{"start":{"line":15,"column":0},"end":{"line":15,"column":22}},"15":{"start":{"line":16,"column":0},"end":{"line":16,"column":15}},"16":{"start":{"line":17,"column":0},"end":{"line":17,"column":1}},"17":{"start":{"line":18,"column":0},"end":{"line":18,"column":0}},"18":{"start":{"line":19,"column":0},"end":{"line":19,"column":40}},"19":{"start":{"line":20,"column":0},"end":{"line":20,"column":22}},"20":{"start":{"line":21,"column":0},"end":{"line":21,"column":19}},"21":{"start":{"line":22,"column":0},"end":{"line":22,"column":18}},"22":{"start":{"line":23,"column":0},"end":{"line":23,"column":21}},"23":{"start":{"line":24,"column":0},"end":{"line":24,"column":24}},"24":{"start":{"line":25,"column":0},"end":{"line":25,"column":17}},"25":{"start":{"line":26,"column":0},"end":{"line":26,"column":7}},"26":{"start":{"line":27,"column":0},"end":{"line":27,"column":17}},"27":{"start":{"line":28,"column":0},"end":{"line":28,"column":19}},"28":{"start":{"line":29,"column":0},"end":{"line":29,"column":18}},"29":{"start":{"line":30,"column":0},"end":{"line":30,"column":21}},"30":{"start":{"line":31,"column":0},"end":{"line":31,"column":19}},"31":{"start":{"line":32,"column":0},"end":{"line":32,"column":14}},"32":{"start":{"line":33,"column":0},"end":{"line":33,"column":2}},"33":{"start":{"line":34,"column":0},"end":{"line":34,"column":0}},"34":{"start":{"line":35,"column":0},"end":{"line":35,"column":38}},"35":{"start":{"line":36,"column":0},"end":{"line":36,"column":40}},"36":{"start":{"line":37,"column":0},"end":{"line":37,"column":0}},"37":{"start":{"line":38,"column":0},"end":{"line":38,"column":35}},"38":{"start":{"line":39,"column":0},"end":{"line":39,"column":45}},"39":{"start":{"line":40,"column":0},"end":{"line":40,"column":43}},"40":{"start":{"line":41,"column":0},"end":{"line":41,"column":2}},"41":{"start":{"line":42,"column":0},"end":{"line":42,"column":0}},"42":{"start":{"line":43,"column":0},"end":{"line":43,"column":36}},"43":{"start":{"line":44,"column":0},"end":{"line":44,"column":47}},"44":{"start":{"line":45,"column":0},"end":{"line":45,"column":51}},"45":{"start":{"line":46,"column":0},"end":{"line":46,"column":2}},"46":{"start":{"line":47,"column":0},"end":{"line":47,"column":0}},"47":{"start":{"line":48,"column":0},"end":{"line":48,"column":38}},"48":{"start":{"line":49,"column":0},"end":{"line":49,"column":51}},"49":{"start":{"line":50,"column":0},"end":{"line":50,"column":11}},"50":{"start":{"line":51,"column":0},"end":{"line":51,"column":2}},"51":{"start":{"line":52,"column":0},"end":{"line":52,"column":0}},"52":{"start":{"line":53,"column":0},"end":{"line":53,"column":22}},"53":{"start":{"line":54,"column":0},"end":{"line":54,"column":57}},"54":{"start":{"line":55,"column":0},"end":{"line":55,"column":2}},"55":{"start":{"line":56,"column":0},"end":{"line":56,"column":14}},"56":{"start":{"line":57,"column":0},"end":{"line":57,"column":19}},"57":{"start":{"line":58,"column":0},"end":{"line":58,"column":3}},"58":{"start":{"line":59,"column":0},"end":{"line":59,"column":2}},"59":{"start":{"line":60,"column":0},"end":{"line":60,"column":38}},"60":{"start":{"line":61,"column":0},"end":{"line":61,"column":2}},"61":{"start":{"line":62,"column":0},"end":{"line":62,"column":52}},"62":{"start":{"line":63,"column":0},"end":{"line":63,"column":82}},"63":{"start":{"line":64,"column":0},"end":{"line":64,"column":2}},"64":{"start":{"line":65,"column":0},"end":{"line":65,"column":28}},"65":{"start":{"line":66,"column":0},"end":{"line":66,"column":22}},"66":{"start":{"line":67,"column":0},"end":{"line":67,"column":33}},"67":{"start":{"line":68,"column":0},"end":{"line":68,"column":3}},"68":{"start":{"line":69,"column":0},"end":{"line":69,"column":20}},"69":{"start":{"line":70,"column":0},"end":{"line":70,"column":25}},"70":{"start":{"line":71,"column":0},"end":{"line":71,"column":3}},"71":{"start":{"line":72,"column":0},"end":{"line":72,"column":2}},"72":{"start":{"line":73,"column":0},"end":{"line":73,"column":58}},"73":{"start":{"line":74,"column":0},"end":{"line":74,"column":7}},"74":{"start":{"line":75,"column":0},"end":{"line":75,"column":83}},"75":{"start":{"line":76,"column":0},"end":{"line":76,"column":86}},"76":{"start":{"line":77,"column":0},"end":{"line":77,"column":7}},"77":{"start":{"line":78,"column":0},"end":{"line":78,"column":82}},"78":{"start":{"line":79,"column":0},"end":{"line":79,"column":2}},"79":{"start":{"line":80,"column":0},"end":{"line":80,"column":24}},"80":{"start":{"line":81,"column":0},"end":{"line":81,"column":69}},"81":{"start":{"line":82,"column":0},"end":{"line":82,"column":3}},"82":{"start":{"line":83,"column":0},"end":{"line":83,"column":24}},"83":{"start":{"line":84,"column":0},"end":{"line":84,"column":5}},"84":{"start":{"line":85,"column":0},"end":{"line":85,"column":32}},"85":{"start":{"line":86,"column":0},"end":{"line":86,"column":46}},"86":{"start":{"line":87,"column":0},"end":{"line":87,"column":65}},"87":{"start":{"line":88,"column":0},"end":{"line":88,"column":65}},"88":{"start":{"line":89,"column":0},"end":{"line":89,"column":27}},"89":{"start":{"line":90,"column":0},"end":{"line":90,"column":9}},"90":{"start":{"line":91,"column":0},"end":{"line":91,"column":6}},"91":{"start":{"line":92,"column":0},"end":{"line":92,"column":3}},"92":{"start":{"line":93,"column":0},"end":{"line":93,"column":2}},"93":{"start":{"line":94,"column":0},"end":{"line":94,"column":20}},"94":{"start":{"line":95,"column":0},"end":{"line":95,"column":16}},"95":{"start":{"line":96,"column":0},"end":{"line":96,"column":61}},"96":{"start":{"line":97,"column":0},"end":{"line":97,"column":80}},"97":{"start":{"line":98,"column":0},"end":{"line":98,"column":6}},"98":{"start":{"line":99,"column":0},"end":{"line":99,"column":16}},"99":{"start":{"line":100,"column":0},"end":{"line":100,"column":62}},"100":{"start":{"line":101,"column":0},"end":{"line":101,"column":66}},"101":{"start":{"line":102,"column":0},"end":{"line":102,"column":21}},"102":{"start":{"line":103,"column":0},"end":{"line":103,"column":6}},"103":{"start":{"line":104,"column":0},"end":{"line":104,"column":3}},"104":{"start":{"line":105,"column":0},"end":{"line":105,"column":2}},"105":{"start":{"line":106,"column":0},"end":{"line":106,"column":25}},"106":{"start":{"line":107,"column":0},"end":{"line":107,"column":5}},"107":{"start":{"line":108,"column":0},"end":{"line":108,"column":57}},"108":{"start":{"line":109,"column":0},"end":{"line":109,"column":38}},"109":{"start":{"line":110,"column":0},"end":{"line":110,"column":48}},"110":{"start":{"line":111,"column":0},"end":{"line":111,"column":18}},"111":{"start":{"line":112,"column":0},"end":{"line":112,"column":22}},"112":{"start":{"line":113,"column":0},"end":{"line":113,"column":63}},"113":{"start":{"line":114,"column":0},"end":{"line":114,"column":58}},"114":{"start":{"line":115,"column":0},"end":{"line":115,"column":59}},"115":{"start":{"line":116,"column":0},"end":{"line":116,"column":11}},"116":{"start":{"line":117,"column":0},"end":{"line":117,"column":8}},"117":{"start":{"line":118,"column":0},"end":{"line":118,"column":6}},"118":{"start":{"line":119,"column":0},"end":{"line":119,"column":3}},"119":{"start":{"line":120,"column":0},"end":{"line":120,"column":2}},"120":{"start":{"line":121,"column":0},"end":{"line":121,"column":22}},"121":{"start":{"line":122,"column":0},"end":{"line":122,"column":16}},"122":{"start":{"line":123,"column":0},"end":{"line":123,"column":7}},"123":{"start":{"line":124,"column":0},"end":{"line":124,"column":33}},"124":{"start":{"line":125,"column":0},"end":{"line":125,"column":42}},"125":{"start":{"line":126,"column":0},"end":{"line":126,"column":40}},"126":{"start":{"line":127,"column":0},"end":{"line":127,"column":68}},"127":{"start":{"line":128,"column":0},"end":{"line":128,"column":8}},"128":{"start":{"line":129,"column":0},"end":{"line":129,"column":7}},"129":{"start":{"line":130,"column":0},"end":{"line":130,"column":35}},"130":{"start":{"line":131,"column":0},"end":{"line":131,"column":52}},"131":{"start":{"line":132,"column":0},"end":{"line":132,"column":40}},"132":{"start":{"line":133,"column":0},"end":{"line":133,"column":68}},"133":{"start":{"line":134,"column":0},"end":{"line":134,"column":8}},"134":{"start":{"line":135,"column":0},"end":{"line":135,"column":5}},"135":{"start":{"line":136,"column":0},"end":{"line":136,"column":3}},"136":{"start":{"line":137,"column":0},"end":{"line":137,"column":2}},"137":{"start":{"line":138,"column":0},"end":{"line":138,"column":20}},"138":{"start":{"line":139,"column":0},"end":{"line":139,"column":17}},"139":{"start":{"line":140,"column":0},"end":{"line":140,"column":31}},"140":{"start":{"line":141,"column":0},"end":{"line":141,"column":35}},"141":{"start":{"line":142,"column":0},"end":{"line":142,"column":32}},"142":{"start":{"line":143,"column":0},"end":{"line":143,"column":38}},"143":{"start":{"line":144,"column":0},"end":{"line":144,"column":48}},"144":{"start":{"line":145,"column":0},"end":{"line":145,"column":18}},"145":{"start":{"line":146,"column":0},"end":{"line":146,"column":21}},"146":{"start":{"line":147,"column":0},"end":{"line":147,"column":40}},"147":{"start":{"line":148,"column":0},"end":{"line":148,"column":8}},"148":{"start":{"line":149,"column":0},"end":{"line":149,"column":6}},"149":{"start":{"line":150,"column":0},"end":{"line":150,"column":3}},"150":{"start":{"line":151,"column":0},"end":{"line":151,"column":2}},"151":{"start":{"line":152,"column":0},"end":{"line":152,"column":10}},"152":{"start":{"line":153,"column":0},"end":{"line":153,"column":29}},"153":{"start":{"line":154,"column":0},"end":{"line":154,"column":29}},"154":{"start":{"line":155,"column":0},"end":{"line":155,"column":30}},"155":{"start":{"line":156,"column":0},"end":{"line":156,"column":45}},"156":{"start":{"line":157,"column":0},"end":{"line":157,"column":4}},"157":{"start":{"line":158,"column":0},"end":{"line":158,"column":31}},"158":{"start":{"line":159,"column":0},"end":{"line":159,"column":38}},"159":{"start":{"line":160,"column":0},"end":{"line":160,"column":50}},"160":{"start":{"line":161,"column":0},"end":{"line":161,"column":25}},"161":{"start":{"line":162,"column":0},"end":{"line":162,"column":43}},"162":{"start":{"line":163,"column":0},"end":{"line":163,"column":29}},"163":{"start":{"line":164,"column":0},"end":{"line":164,"column":85}},"164":{"start":{"line":165,"column":0},"end":{"line":165,"column":14}},"165":{"start":{"line":166,"column":0},"end":{"line":166,"column":85}},"166":{"start":{"line":167,"column":0},"end":{"line":167,"column":7}},"1
[...]
ne":355,"column":0},"end":{"line":358,"column":1}}]},"30":{"type":"branch","line":360,"loc":{"start":{"line":360,"column":0},"end":{"line":365,"column":1}},"locations":[{"start":{"line":360,"column":0},"end":{"line":365,"column":1}}]},"31":{"type":"branch","line":367,"loc":{"start":{"line":367,"column":0},"end":{"line":377,"column":1}},"locations":[{"start":{"line":367,"column":0},"end":{"line":377,"column":1}}]},"32":{"type":"branch","line":372,"loc":{"start":{"line":372,"column":26},"end":{"line":372,"column":44}},"locations":[{"start":{"line":372,"column":26},"end":{"line":372,"column":44}}]},"33":{"type":"branch","line":379,"loc":{"start":{"line":379,"column":0},"end":{"line":382,"column":1}},"locations":[{"start":{"line":379,"column":0},"end":{"line":382,"column":1}}]},"34":{"type":"branch","line":384,"loc":{"start":{"line":384,"column":0},"end":{"line":396,"column":1}},"locations":[{"start":{"line":384,"column":0},"end":{"line":396,"column":1}}]},"35":{"type":"branch","line":398,"loc":{"start":{"line":398,"column":0},"end":{"line":416,"column":1}},"locations":[{"start":{"line":398,"column":0},"end":{"line":416,"column":1}}]},"36":{"type":"branch","line":399,"loc":{"start":{"line":399,"column":12},"end":{"line":399,"column":32}},"locations":[{"start":{"line":399,"column":12},"end":{"line":399,"column":32}}]},"37":{"type":"branch","line":399,"loc":{"start":{"line":399,"column":32},"end":{"line":402,"column":3}},"locations":[{"start":{"line":399,"column":32},"end":{"line":402,"column":3}}]},"38":{"type":"branch","line":402,"loc":{"start":{"line":402,"column":2},"end":{"line":405,"column":22}},"locations":[{"start":{"line":402,"column":2},"end":{"line":405,"column":22}}]},"39":{"type":"branch","line":405,"loc":{"start":{"line":405,"column":22},"end":{"line":411,"column":5}},"locations":[{"start":{"line":405,"column":22},"end":{"line":411,"column":5}}]},"40":{"type":"branch","line":411,"loc":{"start":{"line":411,"column":4},"end":{"line":415,"column":3}},"locations":[{"start":{"line":411,"column":4},"end":{"line":415,"column":3}}]},"41":{"type":"branch","line":418,"loc":{"start":{"line":418,"column":0},"end":{"line":422,"column":1}},"locations":[{"start":{"line":418,"column":0},"end":{"line":422,"column":1}}]},"42":{"type":"branch","line":424,"loc":{"start":{"line":424,"column":10},"end":{"line":429,"column":1}},"locations":[{"start":{"line":424,"column":10},"end":{"line":429,"column":1}}]},"43":{"type":"branch","line":13,"loc":{"start":{"line":13,"column":22},"end":{"line":13,"column":33}},"locations":[{"start":{"line":13,"column":22},"end":{"line":13,"column":33}}]},"44":{"type":"branch","line":112,"loc":{"start":{"line":112,"column":24},"end":{"line":112,"column":40}},"locations":[{"start":{"line":112,"column":24},"end":{"line":112,"column":40}}]},"45":{"type":"branch","line":112,"loc":{"start":{"line":112,"column":47},"end":{"line":112,"column":69}},"locations":[{"start":{"line":112,"column":47},"end":{"line":112,"column":69}}]},"46":{"type":"branch","line":159,"loc":{"start":{"line":159,"column":24},"end":{"line":159,"column":40}},"locations":[{"start":{"line":159,"column":24},"end":{"line":159,"column":40}}]},"47":{"type":"branch","line":159,"loc":{"start":{"line":159,"column":47},"end":{"line":159,"column":73}},"locations":[{"start":{"line":159,"column":47},"end":{"line":159,"column":73}}]},"48":{"type":"branch","line":159,"loc":{"start":{"line":159,"column":53},"end":{"line":159,"column":73}},"locations":[{"start":{"line":159,"column":53},"end":{"line":159,"column":73}}]},"49":{"type":"branch","line":190,"loc":{"start":{"line":190,"column":24},"end":{"line":190,"column":43}},"locations":[{"start":{"line":190,"column":24},"end":{"line":190,"column":43}}]},"50":{"type":"branch","line":7,"loc":{"start":{"line":7,"column":8},"end":{"line":9,"column":18}},"locations":[{"start":{"line":7,"column":8},"end":{"line":9,"column":18}}]},"51":{"type":"branch","line":7,"loc":{"start":{"line":7,"column":30},"end":{"line":7,"column":48}},"locations":[{"start":{"line":7,"column":30},"end":{"line":7,"column":48}}]},"52":{"type":"branch","line":19,"loc":{"start":{"line":19,"column":21},"end":{"line":19,"column":35}},"locations":[{"start":{"line":19,"column":21},"end":{"line":19,"column":35}}]},"53":{"type":"branch","line":25,"loc":{"start":{"line":25,"column":35},"end":{"line":25,"column":51}},"locations":[{"start":{"line":25,"column":35},"end":{"line":25,"column":51}}]},"54":{"type":"branch","line":40,"loc":{"start":{"line":40,"column":37},"end":{"line":74,"column":25}},"locations":[{"start":{"line":40,"column":37},"end":{"line":74,"column":25}}]},"55":{"type":"branch","line":74,"loc":{"start":{"line":74,"column":8},"end":{"line":74,"column":49}},"locations":[{"start":{"line":74,"column":8},"end":{"line":74,"column":49}}]},"56":{"type":"branch","line":26,"loc":{"start":{"line":26,"column":38},"end":{"line":26,"column":58}},"locations":[{"start":{"line":26,"column":38},"end":{"line":26,"column":58}}]},"57":{"type":"branch","line":27,"loc":{"start":{"line":27,"column":43},"end":{"line":27,"column":63}},"locations":[{"start":{"line":27,"column":43},"end":{"line":27,"column":63}}]},"58":{"type":"branch","line":28,"loc":{"start":{"line":28,"column":52},"end":{"line":28,"column":74}},"locations":[{"start":{"line":28,"column":52},"end":{"line":28,"column":74}}]},"59":{"type":"branch","line":29,"loc":{"start":{"line":29,"column":48},"end":{"line":29,"column":69}},"locations":[{"start":{"line":29,"column":48},"end":{"line":29,"column":69}}]},"60":{"type":"branch","line":30,"loc":{"start":{"line":30,"column":47},"end":{"line":30,"column":67}},"locations":[{"start":{"line":30,"column":47},"end":{"line":30,"column":67}}]},"61":{"type":"branch","line":31,"loc":{"start":{"line":31,"column":47},"end":{"line":31,"column":67}},"locations":[{"start":{"line":31,"column":47},"end":{"line":31,"column":67}}]},"62":{"type":"branch","line":32,"loc":{"start":{"line":32,"column":44},"end":{"line":32,"column":64}},"locations":[{"start":{"line":32,"column":44},"end":{"line":32,"column":64}}]},"63":{"type":"branch","line":52,"loc":{"start":{"line":52,"column":18},"end":{"line":52,"column":52}},"locations":[{"start":{"line":52,"column":18},"end":{"line":52,"column":52}}]},"64":{"type":"branch","line":62,"loc":{"start":{"line":62,"column":-1},"end":{"line":63,"column":28}},"locations":[{"start":{"line":62,"column":-1},"end":{"line":63,"column":28}}]},"65":{"type":"branch","line":63,"loc":{"start":{"line":63,"column":16},"end":{"line":63,"column":28}},"locations":[{"start":{"line":63,"column":16},"end":{"line":63,"column":28}}]},"66":{"type":"branch","line":65,"loc":{"start":{"line":65,"column":-1},"end":{"line":66,"column":28}},"locations":[{"start":{"line":65,"column":-1},"end":{"line":66,"column":28}}]},"67":{"type":"branch","line":66,"loc":{"start":{"line":66,"column":16},"end":{"line":66,"column":28}},"locations":[{"start":{"line":66,"column":16},"end":{"line":66,"column":28}}]},"68":{"type":"branch","line":68,"loc":{"start":{"line":68,"column":-1},"end":{"line":69,"column":28}},"locations":[{"start":{"line":68,"column":-1},"end":{"line":69,"column":28}}]},"69":{"type":"branch","line":69,"loc":{"start":{"line":69,"column":16},"end":{"line":69,"column":28}},"locations":[{"start":{"line":69,"column":16},"end":{"line":69,"column":28}}]},"70":{"type":"branch","line":152,"loc":{"start":{"line":152,"column":25},"end":{"line":152,"column":50}},"locations":[{"start":{"line":152,"column":25},"end":{"line":152,"column":50}}]},"71":{"type":"branch","line":153,"loc":{"start":{"line":153,"column":25},"end":{"line":153,"column":57}},"locations":[{"start":{"line":153,"column":25},"end":{"line":153,"column":57}}]},"72":{"type":"branch","line":154,"loc":{"start":{"line":154,"column":40},"end":{"line":154,"column":71}},"locations":[{"start":{"line":154,"column":40},"end":{"line":154,"column":71}}]},"73":{"type":"branch","line":152,"loc":{"start":{"line":152,"column":50},"end":{"line":152,"column":64}},"locations":[{"start":{"line":152,"column":50},"end":{"line":152,"column":64}}]},"74":{"type":"branch","line":153,"loc":{"start":{"line":153,"column":57},"end":{"line":153,"column":76}},"locations":[{"start":{"line":153,"column":57},"end":{"line":153,"column":76}}]},"75":{"type":"branch","line":154,"loc":{"start":{"line":154,"column":71},"end":{"line":154,"column":86}},"locations":[{"start":{"line":154,"column":71},"end":{"line":154,"column":86}}]},"76":{"type":"branch","line":132,"loc":{"start":{"line":132,"column":26},"end":{"line":132,"column":37}},"locations":[{"start":{"line":132,"column":26},"end":{"line":132,"column":37}}]},"77":{"type":"branch","line":115,"loc":{"start":{"line":115,"column":67},"end":{"line":115,"column":114}},"locations":[{"start":{"line":115,"column":67},"end":{"line":115,"column":114}}]},"78":{"type":"branch","line":137,"loc":{"start":{"line":137,"column":-1},"end":{"line":137,"column":43}},"locations":[{"start":{"line":137,"column":-1},"end":{"line":137,"column":43}}]},"79":{"type":"branch","line":137,"loc":{"start":{"line":137,"column":28},"end":{"line":138,"column":50}},"locations":[{"start":{"line":137,"column":28},"end":{"line":138,"column":50}}]},"80":{"type":"branch","line":137,"loc":{"start":{"line":137,"column":100},"end":{"line":138,"column":50}},"locations":[{"start":{"line":137,"column":100},"end":{"line":138,"column":50}}]},"81":{"type":"branch","line":135,"loc":{"start":{"line":135,"column":51},"end":{"line":135,"column":72}},"locations":[{"start":{"line":135,"column":51},"end":{"line":135,"column":72}}]},"82":{"type":"branch","line":182,"loc":{"start":{"line":182,"column":25},"end":{"line":182,"column":50}},"locations":[{"start":{"line":182,"column":25},"end":{"line":182,"column":50}}]},"83":{"type":"branch","line":182,"loc":{"start":{"line":182,"column":50},"end":{"line":182,"column":64}},"locations":[{"start":{"line":182,"column":50},"end":{"line":182,"column":64}}]},"84":{"type":"branch","line":184,"loc":{"start":{"line":184,"column":10},"end":{"line":184,"column":36}},"locations":[{"start":{"line":184,"column":10},"end":{"line":184,"column":36}}]},"85":{"type":"branch","line":184,"loc":{"start":{"line":184,"column":13},"end":{"line":184,"column":36}},"locations":[{"start":{"line":184,"column":13},"end":{"line":184,"column":36}}]},"86":{"type":"branch","line":184,"loc":{"start":{"line":184,"column":19},"end":{"line":184,"column":36}},"locations":[{"start":{"line":184,"column":19},"end":{"line":184,"column":36}}]},"87":{"type":"branch","line":162,"loc":{"start":{"line":162,"column":34},"end":{"line":162,"column":40}},"locations":[{"start":{"line":162,"column":34},"end":{"line":162,"column":40}}]},"88":{"type":"branch","line":165,"loc":{"start":{"line":165,"column":34},"end":{"line":165,"column":47}},"locations":[{"start":{"line":165,"column":34},"end":{"line":165,"column":47}}]},"89":{"type":"branch","line":168,"loc":{"start":{"line":168,"column":35},"end":{"line":168,"column":45}},"locations":[{"start":{"line":168,"column":35},"end":{"line":168,"column":45}}]},"90":{"type":"branch","line":178,"loc":{"start":{"line":178,"column":38},"end":{"line":178,"column":44}},"locations":[{"start":{"line":178,"column":38},"end":{"line":178,"column":44}}]},"91":{"type":"branch","line":195,"loc":{"start":{"line":195,"column":12},"end":{"line":195,"column":60}},"locations":[{"start":{"line":195,"column":12},"end":{"line":195,"column":60}}]}},"b":{"0":[22],"1":[22],"2":[22],"3":[26],"4":[2],"5":[2],"6":[2],"7":[2],"8":[1],"9":[1],"10":[23],"11":[2],"12":[1],"13":[1],"14":[0],"15":[0],"16":[0],"17":[3],"18":[1],"19":[2],"20":[29],"21":[2],"22":[30],"23":[28],"24":[28],"25":[25],"26":[1],"27":[0],"28":[0],"29":[1],"30":[1],"31":[1],"32":[0],"33":[1],"34":[1],"35":[3],"36":[2],"37":[1],"38":[2],"39":[1],"40":[2],"41":[1],"42":[22],"43":[22],"44":[22],"45":[2],"46":[22],"47":[2],"48":[28],"49":[22],"50":[22],"51":[22],"52":[22],"53":[22],"54":[23],"55":[1],"56":[22],"57":[22],"58":[22],"59":[22],"60":[22],"61":[22],"62":[22],"63":[23],"64":[23],"65":[22],"66":[23],"67":[22],"68":[23],"69":[22],"70":[22],"71":[22],"72":[22],"73":[22],"74":[22],"75":[22],"76":[1],"77":[1],"78":[1],"79":[1],"80":[0],"81":[1],"82":[22],"83":[22],"84":[27],"85":[3],"86":[24],"87":[22],"88":[22],"89":[22],"90":[22],"91":[1]},"fnMap":{"0":{"name":"getCategoryLabel","decl":{"start":{"line":315,"column":0},"end":{"line":321,"column":1}},"loc":{"start":{"line":315,"column":0},"end":{"line":321,"column":1}},"line":315},"1":{"name":"getCategoryType","decl":{"start":{"line":323,"column":0},"end":{"line":329,"column":1}},"loc":{"start":{"line":323,"column":0},"end":{"line":329,"column":1}},"line":323},"2":{"name":"stripMeta","decl":{"start":{"line":331,"column":0},"end":{"line":333,"column":1}},"loc":{"start":{"line":331,"column":0},"end":{"line":333,"column":1}},"line":331},"3":{"name":"getParamCount","decl":{"start":{"line":335,"column":0},"end":{"line":337,"column":1}},"loc":{"start":{"line":335,"column":0},"end":{"line":337,"column":1}},"line":335},"4":{"name":"openTemplateDetail","decl":{"start":{"line":339,"column":0},"end":{"line":353,"column":1}},"loc":{"start":{"line":339,"column":0},"end":{"line":353,"column":1}},"line":339},"5":{"name":"goBacktest","decl":{"start":{"line":355,"column":0},"end":{"line":358,"column":1}},"loc":{"start":{"line":355,"column":0},"end":{"line":358,"column":1}},"line":355},"6":{"name":"showCreateDialog","decl":{"start":{"line":360,"column":0},"end":{"line":365,"column":1}},"loc":{"start":{"line":360,"column":0},"end":{"line":365,"column":1}},"line":360},"7":{"name":"editStrategy","decl":{"start":{"line":367,"column":0},"end":{"line":377,"column":1}},"loc":{"start":{"line":367,"column":0},"end":{"line":377,"column":1}},"line":367},"8":{"name":"viewStrategy","decl":{"start":{"line":379,"column":0},"end":{"line":382,"column":1}},"loc":{"start":{"line":379,"column":0},"end":{"line":382,"column":1}},"line":379},"9":{"name":"useTemplate","decl":{"start":{"line":384,"column":0},"end":{"line":396,"column":1}},"loc":{"start":{"line":384,"column":0},"end":{"line":396,"column":1}},"line":384},"10":{"name":"saveStrategy","decl":{"start":{"line":398,"column":0},"end":{"line":416,"column":1}},"loc":{"start":{"line":398,"column":0},"end":{"line":416,"column":1}},"line":398},"11":{"name":"deleteStrategy","decl":{"start":{"line":418,"column":0},"end":{"line":422,"column":1}},"loc":{"start":{"line":418,"column":0},"end":{"line":422,"column":1}},"line":418},"12":{"name":"__vite_ssr_import_8__.createElementBlock.__vite_ssr_import_8__.createVNode.onUpdate:modelValue._cache.<computed>._cache.<computed>","decl":{"start":{"line":13,"column":22},"end":{"line":13,"column":33}},"loc":{"start":{"line":13,"column":22},"end":{"line":13,"column":33}},"line":13},"13":{"name":"__vite_ssr_import_8__.createElementVNode.__vite_ssr_import_8__.createVNode.onUpdate:modelValue._cache.<computed>._cache.<computed>","decl":{"start":{"line":19,"column":21},"end":{"line":19,"column":35}},"loc":{"start":{"line":19,"column":21},"end":{"line":19,"column":35}},"line":19},"14":{"name":"__vite_ssr_import_8__.createElementVNode.__vite_ssr_import_8__.createVNode.onUpdate:modelValue._cache.<computed>._cache.<computed>","decl":{"start":{"line":25,"column":35},"end":{"line":25,"column":51}},"loc":{"start":{"line":25,"column":35},"end":{"line":25,"column":51}},"line":25},"15":{"name":"onClick","decl":{"start":{"line":46,"column":18},"end":{"line":46,"column":42}},"loc":{"start":{"line":46,"column":18},"end":{"line":46,"column":42}},"line":46},"16":{"name":"$setup.filteredTemplates.length.$setup.pageSize.__vite_ssr_import_8__.createElementBlock.__vite_ssr_import_8__.createVNode.onUpdate:currentPage._cache.<computed>._cache.<computed>","decl":{"start":{"line":79,"column":34},"end":{"line":79,"column":46}},"loc":{"start":{"line":79,"column":34},"end":{"line":79,"column":46}},"line":79},"17":{"name":"__vite_ssr_import_8__.createElementBlock.__vite_ssr_import_8__.createVNode.onUpdate:modelValue._cache.<computed>._cache.<computed>","decl":{"start":{"line":112,"column":24},"end":{"line":112,"column":40}},"loc":{"start":{"line":112,"column":24},"end":{"line":112,"column":40}},"line":112},"18":{"name":"__vite_ssr_import_8__.createVNode.onClick._cache.<computed>._cache.<computed>","decl":{"start":{"line":152,"column":25},"end":{"line":152,"column":50}},"loc":{"start":{"line":152,"column":25},"end":{"line":152,"column":50}},"line":152},"19":{"name":"__vite_ssr_import_8__.createVNode.onClick._cache.<computed>._cache.<computed>","decl":{"start":{"line":153,"column":25},"end":{"line":153,"column":57}},"loc":{"start":{"line":153,"column":25},"end":{"line":153,"column":57}},"line":153},"20":{"name":"__vite_ssr_import_8__.createVNode.onClick._cache.<computed>._cache.<computed>","decl":{"start":{"line":154,"column":40},"end":{"line":154,"column":71}},"loc":{"start":{"line":154,"column":40},"end":{"line":154,"column":71}},"line":154},"21":{"name":"$setup.detailTemplate.__vite_ssr_import_8__.createElementBlock.__vite_ssr_import_8__.createVNode.onUpdate:modelValue._cache.<computed>._cache.<computed>","decl":{"start":{"line":132,"column":26},"end":{"line":132,"column":37}},"loc":{"start":{"line":132,"column":26},"end":{"line":132,"column":37}},"line":132},"22":{"name":"__vite_ssr_import_8__.createVNode.onUpdate:modelValue._cache.<computed>._cache.<computed>","decl":{"start":{"line":142,"column":38},"end":{"line":142,"column":43}},"loc":{"start":{"line":142,"column":38},"end":{"line":142,"column":43}},"line":142},"23":{"name":"__vite_ssr_import_8__.createElementBlock.__vite_ssr_import_8__.createVNode.onUpdate:modelValue._cache.<computed>._cache.<computed>","decl":{"start":{"line":159,"column":24},"end":{"line":159,"column":40}},"loc":{"start":{"line":159,"column":24},"end":{"line":159,"column":40}},"line":159},"24":{"name":"__vite_ssr_import_8__.createVNode.onClick._cache.<computed>._cache.<computed>","decl":{"start":{"line":182,"column":25},"end":{"line":182,"column":50}},"loc":{"start":{"line":182,"column":25},"end":{"line":182,"column":50}},"line":182},"25":{"name":"__vite_ssr_import_8__.createVNode.onUpdate:modelValue._cache.<computed>._cache.<computed>","decl":{"start":{"line":162,"column":34},"end":{"line":162,"column":40}},"loc":{"start":{"line":162,"column":34},"end":{"line":162,"column":40}},"line":162},"26":{"name":"__vite_ssr_import_8__.createVNode.onUpdate:modelValue._cache.<computed>._cache.<computed>","decl":{"start":{"line":165,"column":34},"end":{"line":165,"column":47}},"loc":{"start":{"line":165,"column":34},"end":{"line":165,"column":47}},"line":165},"27":{"name":"__vite_ssr_import_8__.createVNode.onUpdate:modelValue._cache.<computed>._cache.<computed>","decl":{"start":{"line":168,"column":35},"end":{"line":168,"column":45}},"loc":{"start":{"line":168,"column":35},"end":{"line":168,"column":45}},"line":168},"28":{"name":"__vite_ssr_import_8__.createVNode.onUpdate:modelValue._cache.<computed>._cache.<computed>","decl":{"start":{"line":178,"column":38},"end":{"line":178,"column":44}},"loc":{"start":{"line":178,"column":38},"end":{"line":178,"column":44}},"line":178},"29":{"name":"__vite_ssr_import_8__.createElementBlock.__vite_ssr_import_8__.createVNode.onUpdate:modelValue._cache.<computed>._cache.<computed>","decl":{"start":{"line":190,"column":24},"end":{"line":190,"column":43}},"loc":{"start":{"line":190,"column":24},"end":{"line":190,"column":43}},"line":190},"30":{"name":"$setup.currentStrategy.__vite_ssr_import_8__.createElementBlock.__vite_ssr_import_8__.createVNode.onUpdate:modelValue._cache.<computed>._cache.<computed>","decl":{"start":{"line":200,"column":47},"end":{"line":200,"column":53}},"loc":{"start":{"line":200,"column":47},"end":{"line":200,"column":53}},"line":200}},"f":{"0":29,"1":30,"2":28,"3":25,"4":1,"5":1,"6":1,"7":1,"8":1,"9":1,"10":3,"11":1,"12":0,"13":0,"14":0,"15":0,"16":0,"17":0,"18":0,"19":0,"20":0,"21":0,"22":0,"23":0,"24":0,"25":0,"26":0,"27":0,"28":0,"29":0,"30":0}}
}
